2018-02-22 11:58:40,396 INFO MyAppender - get To DO data
2018-02-22 11:58:40,408 INFO MyAppender - connection is starting...

2018-02-22 11:58:40,784 INFO MyAppender - Connected

2018-02-22 11:58:40,789 INFO MyAppender - get Todo function started
2018-02-22 11:58:40,796 INFO MyAppender - Query : select * from  all_todos
2018-02-22 11:58:40,813 INFO MyAppender - ordered successfully
2018-02-22 11:58:40,840 INFO MyAppender - ordered data[0].title : delectus aut autem
2018-02-22 11:58:40,848 INFO MyAppender - connection is closing...

2018-02-22 11:58:40,854 INFO MyAppender - Closed

2018-02-22 12:12:36,714 INFO MyAppender - get To DO data
2018-02-22 12:12:36,721 INFO MyAppender - connection is starting...

2018-02-22 12:12:36,823 INFO MyAppender - Connected

2018-02-22 12:12:36,831 INFO MyAppender - get Todo function started
2018-02-22 12:12:36,841 INFO MyAppender - Query : select * from  all_todos
2018-02-22 12:12:36,988 INFO MyAppender - ordered successfully
2018-02-22 12:12:36,995 INFO MyAppender - ordered data[0].title : delectus aut autem
2018-02-22 12:12:37,002 INFO MyAppender - connection is closing...

2018-02-22 12:12:37,008 INFO MyAppender - Closed

2018-02-22 12:13:55,467 INFO MyAppender - get To DO data
2018-02-22 12:13:55,475 INFO MyAppender - connection is starting...

2018-02-22 12:13:55,495 INFO MyAppender - Connected

2018-02-22 12:13:55,507 INFO MyAppender - get Todo function started
2018-02-22 12:13:55,517 INFO MyAppender - Query : select * from  all_todos
2018-02-22 12:13:55,532 INFO MyAppender - ordered successfully
2018-02-22 12:13:55,539 INFO MyAppender - ordered data[0].title : delectus aut autem
2018-02-22 12:13:55,546 INFO MyAppender - connection is closing...

2018-02-22 12:13:55,557 INFO MyAppender - Closed

2018-02-22 12:14:03,395 INFO MyAppender - get To DO data
2018-02-22 12:14:03,403 INFO MyAppender - connection is starting...

2018-02-22 12:14:03,418 INFO MyAppender - Connected

2018-02-22 12:14:03,427 INFO MyAppender - get Todo function started
2018-02-22 12:14:03,435 INFO MyAppender - Query : select * from  all_todos
2018-02-22 12:14:03,476 INFO MyAppender - ordered successfully
2018-02-22 12:14:03,489 INFO MyAppender - ordered data[0].title : delectus aut autem
2018-02-22 12:14:03,501 INFO MyAppender - connection is closing...

2018-02-22 12:14:03,514 INFO MyAppender - Closed

