2017-12-20 12:06:57,513 INFO MyAppender - get To DO data
2017-12-20 12:06:57,525 INFO MyAppender - connection is starting...

2017-12-20 12:06:57,642 INFO MyAppender - Connected

2017-12-20 12:06:57,651 INFO MyAppender - get Todo function started
2017-12-20 12:06:57,658 INFO MyAppender - Query : select * from  all_todos
2017-12-20 12:06:57,691 INFO MyAppender - ordered successfully
2017-12-20 12:06:57,705 INFO MyAppender - ordered data[0].title : delectus aut autem
2017-12-20 12:06:57,710 INFO MyAppender - connection is closing...

2017-12-20 12:06:57,716 INFO MyAppender - Closed

2017-12-20 12:07:22,497 INFO MyAppender - get To DO data
2017-12-20 12:07:22,503 INFO MyAppender - connection is starting...

2017-12-20 12:07:22,512 INFO MyAppender - Connected

2017-12-20 12:07:22,519 INFO MyAppender - get Todo function started
2017-12-20 12:07:22,527 INFO MyAppender - Query : select * from  all_todos
2017-12-20 12:07:22,539 INFO MyAppender - ordered successfully
2017-12-20 12:07:22,546 INFO MyAppender - ordered data[0].title : delectus aut autem
2017-12-20 12:07:22,553 INFO MyAppender - connection is closing...

2017-12-20 12:07:22,554 INFO MyAppender - Closed

2017-12-20 12:07:23,002 INFO MyAppender - connection is starting...

2017-12-20 12:07:23,007 INFO MyAppender - Connected

2017-12-20 12:07:23,012 INFO MyAppender - Deletion query : delete from all_todos where id = :ID
2017-12-20 12:07:23,030 INFO MyAppender - Deleted
2017-12-20 12:07:23,036 INFO MyAppender - Deletion query : delete from all_todos where id = :ID
2017-12-20 12:07:23,056 INFO MyAppender - Deleted
2017-12-20 12:07:23,061 INFO MyAppender - connection is closing...

2017-12-20 12:07:23,065 INFO MyAppender - Closed

2017-12-20 12:07:39,031 INFO MyAppender - get To DO data
2017-12-20 12:07:39,041 INFO MyAppender - connection is starting...

2017-12-20 12:07:39,054 INFO MyAppender - Connected

2017-12-20 12:07:39,062 INFO MyAppender - get Todo function started
2017-12-20 12:07:39,071 INFO MyAppender - Query : select * from  all_todos
2017-12-20 12:07:39,083 INFO MyAppender - ordered successfully
2017-12-20 12:07:39,093 INFO MyAppender - ordered data[0].title : delectus aut autem
2017-12-20 12:07:39,108 INFO MyAppender - connection is closing...

2017-12-20 12:07:39,117 INFO MyAppender - Closed

2017-12-20 12:07:53,072 INFO MyAppender - get To DO data
2017-12-20 12:07:53,080 INFO MyAppender - connection is starting...

2017-12-20 12:07:53,090 INFO MyAppender - Connected

2017-12-20 12:07:53,098 INFO MyAppender - get Todo function started
2017-12-20 12:07:53,111 INFO MyAppender - Query : select * from  all_todos
2017-12-20 12:07:53,125 INFO MyAppender - ordered successfully
2017-12-20 12:07:53,133 INFO MyAppender - ordered data[0].title : delectus aut autem
2017-12-20 12:07:53,144 INFO MyAppender - connection is closing...

2017-12-20 12:07:53,152 INFO MyAppender - Closed

2017-12-20 12:07:53,573 INFO MyAppender - connection is starting...

2017-12-20 12:07:53,580 INFO MyAppender - Connected

2017-12-20 12:07:53,587 INFO MyAppender - Deletion query : delete from all_todos where id = :ID
2017-12-20 12:07:53,604 INFO MyAppender - Deleted
2017-12-20 12:07:53,609 INFO MyAppender - Deletion query : delete from all_todos where id = :ID
2017-12-20 12:07:53,624 INFO MyAppender - Deleted
2017-12-20 12:07:53,629 INFO MyAppender - connection is closing...

2017-12-20 12:07:53,635 INFO MyAppender - Closed

2017-12-20 12:10:13,241 INFO MyAppender - get To DO data
2017-12-20 12:10:13,248 INFO MyAppender - connection is starting...

2017-12-20 12:10:13,256 INFO MyAppender - Connected

2017-12-20 12:10:13,271 INFO MyAppender - get Todo function started
2017-12-20 12:10:13,284 INFO MyAppender - Query : select * from  all_todos
2017-12-20 12:10:13,299 INFO MyAppender - ordered successfully
2017-12-20 12:10:13,309 INFO MyAppender - ordered data[0].title : delectus aut autem
2017-12-20 12:10:13,318 INFO MyAppender - connection is closing...

2017-12-20 12:10:13,330 INFO MyAppender - Closed

2017-12-20 12:10:20,844 INFO MyAppender - connection is starting...

2017-12-20 12:10:20,854 INFO MyAppender - Connected

2017-12-20 12:10:20,864 INFO MyAppender - Deletion query : delete from all_todos where id = :ID
2017-12-20 12:10:20,887 INFO MyAppender - Deleted
2017-12-20 12:10:20,895 INFO MyAppender - Deletion query : delete from all_todos where id = :ID
2017-12-20 12:10:20,915 INFO MyAppender - Deleted
2017-12-20 12:10:20,924 INFO MyAppender - connection is closing...

2017-12-20 12:10:20,930 INFO MyAppender - Closed

2017-12-20 12:12:33,321 INFO MyAppender - get To DO data
2017-12-20 12:12:33,329 INFO MyAppender - connection is starting...

2017-12-20 12:12:33,342 INFO MyAppender - Connected

2017-12-20 12:12:33,358 INFO MyAppender - get Todo function started
2017-12-20 12:12:33,370 INFO MyAppender - Query : select * from  all_todos
2017-12-20 12:12:33,385 INFO MyAppender - ordered successfully
2017-12-20 12:12:33,396 INFO MyAppender - ordered data[0].title : delectus aut autem
2017-12-20 12:12:33,407 INFO MyAppender - connection is closing...

2017-12-20 12:12:33,422 INFO MyAppender - Closed

2017-12-20 12:12:38,273 INFO MyAppender - connection is starting...

2017-12-20 12:12:38,281 INFO MyAppender - Connected

2017-12-20 12:12:38,286 INFO MyAppender - Deletion query : delete from all_todos where id = :ID
2017-12-20 12:12:38,304 INFO MyAppender - Deleted
2017-12-20 12:12:38,313 INFO MyAppender - connection is closing...

2017-12-20 12:12:38,323 INFO MyAppender - Closed

2017-12-20 12:13:54,195 INFO MyAppender - connection is starting...

2017-12-20 12:13:54,212 INFO MyAppender - Connected

2017-12-20 12:13:54,228 INFO MyAppender - Deletion query : delete from all_todos where id = :ID
2017-12-20 12:13:54,255 INFO MyAppender - Deleted
2017-12-20 12:13:54,267 INFO MyAppender - Deletion query : delete from all_todos where id = :ID
2017-12-20 12:13:54,285 INFO MyAppender - Deleted
2017-12-20 12:13:54,296 INFO MyAppender - Deletion query : delete from all_todos where id = :ID
2017-12-20 12:13:54,312 INFO MyAppender - Deleted
2017-12-20 12:13:54,320 INFO MyAppender - Deletion query : delete from all_todos where id = :ID
2017-12-20 12:13:54,337 INFO MyAppender - Deleted
2017-12-20 12:13:54,348 INFO MyAppender - connection is closing...

2017-12-20 12:13:54,356 INFO MyAppender - Closed

2017-12-20 12:14:13,377 INFO MyAppender - get To DO data
2017-12-20 12:14:13,385 INFO MyAppender - connection is starting...

2017-12-20 12:14:13,397 INFO MyAppender - Connected

2017-12-20 12:14:13,409 INFO MyAppender - get Todo function started
2017-12-20 12:14:13,421 INFO MyAppender - Query : select * from  all_todos
2017-12-20 12:14:13,449 INFO MyAppender - ordered successfully
2017-12-20 12:14:13,460 INFO MyAppender - ordered data[0].title : delectus aut autem
2017-12-20 12:14:13,477 INFO MyAppender - connection is closing...

2017-12-20 12:14:13,488 INFO MyAppender - Closed

2017-12-20 12:14:58,502 INFO MyAppender - get To DO data
2017-12-20 12:14:58,510 INFO MyAppender - connection is starting...

2017-12-20 12:14:58,527 INFO MyAppender - Connected

2017-12-20 12:14:58,538 INFO MyAppender - get Todo function started
2017-12-20 12:14:58,546 INFO MyAppender - Query : select * from  all_todos
2017-12-20 12:14:58,561 INFO MyAppender - ordered successfully
2017-12-20 12:14:58,577 INFO MyAppender - ordered data[0].title : delectus aut autem
2017-12-20 12:14:58,588 INFO MyAppender - connection is closing...

2017-12-20 12:14:58,602 INFO MyAppender - Closed

2017-12-20 12:15:11,306 INFO MyAppender - get To DO data
2017-12-20 12:15:11,320 INFO MyAppender - connection is starting...

2017-12-20 12:15:11,336 INFO MyAppender - Connected

2017-12-20 12:15:11,344 INFO MyAppender - get Todo function started
2017-12-20 12:15:11,355 INFO MyAppender - Query : select * from  all_todos
2017-12-20 12:15:11,367 INFO MyAppender - ordered successfully
2017-12-20 12:15:11,377 INFO MyAppender - ordered data[0].title : delectus aut autem
2017-12-20 12:15:11,383 INFO MyAppender - connection is closing...

2017-12-20 12:15:11,395 INFO MyAppender - Closed

2017-12-20 12:15:16,158 INFO MyAppender - connection is starting...

2017-12-20 12:15:16,167 INFO MyAppender - Connected

2017-12-20 12:15:16,176 INFO MyAppender - Deletion query : delete from all_todos where id = :ID
2017-12-20 12:15:16,194 INFO MyAppender - Deleted
2017-12-20 12:15:16,203 INFO MyAppender - connection is closing...

2017-12-20 12:15:16,213 INFO MyAppender - Closed

2017-12-20 12:20:56,704 INFO MyAppender - get To DO data
2017-12-20 12:20:56,715 INFO MyAppender - connection is starting...

2017-12-20 12:20:56,724 INFO MyAppender - Connected

2017-12-20 12:20:56,736 INFO MyAppender - get Todo function started
2017-12-20 12:20:56,749 INFO MyAppender - Query : select * from  all_todos
2017-12-20 12:20:56,783 INFO MyAppender - ordered successfully
2017-12-20 12:20:56,792 INFO MyAppender - ordered data[0].title : delectus aut autem
2017-12-20 12:20:56,812 INFO MyAppender - connection is closing...

2017-12-20 12:20:56,822 INFO MyAppender - Closed

2017-12-20 12:21:02,207 INFO MyAppender - connection is starting...

2017-12-20 12:21:02,214 INFO MyAppender - Connected

2017-12-20 12:21:02,225 INFO MyAppender - Deletion query : delete from all_todos where id = :ID
2017-12-20 12:21:02,242 INFO MyAppender - Deleted
2017-12-20 12:21:02,249 INFO MyAppender - connection is closing...

2017-12-20 12:21:02,258 INFO MyAppender - Closed

2017-12-20 12:21:26,186 INFO MyAppender - get To DO data
2017-12-20 12:21:26,196 INFO MyAppender - connection is starting...

2017-12-20 12:21:26,224 INFO MyAppender - Connected

2017-12-20 12:21:26,237 INFO MyAppender - get Todo function started
2017-12-20 12:21:26,249 INFO MyAppender - Query : select * from  all_todos
2017-12-20 12:21:26,262 INFO MyAppender - ordered successfully
2017-12-20 12:21:26,273 INFO MyAppender - ordered data[0].title : quis ut nam facilis et officia qui
2017-12-20 12:21:26,286 INFO MyAppender - connection is closing...

2017-12-20 12:21:26,299 INFO MyAppender - Closed

2017-12-20 12:21:31,314 INFO MyAppender - connection is starting...

2017-12-20 12:21:31,320 INFO MyAppender - Connected

2017-12-20 12:21:31,331 INFO MyAppender - Deletion query : delete from all_todos where id = :ID
2017-12-20 12:21:31,347 INFO MyAppender - Deleted
2017-12-20 12:21:31,352 INFO MyAppender - connection is closing...

2017-12-20 12:21:31,360 INFO MyAppender - Closed

2017-12-20 12:21:35,286 INFO MyAppender - get To DO data
2017-12-20 12:21:35,294 INFO MyAppender - connection is starting...

2017-12-20 12:21:35,320 INFO MyAppender - Connected

2017-12-20 12:21:35,328 INFO MyAppender - get Todo function started
2017-12-20 12:21:35,338 INFO MyAppender - Query : select * from  all_todos
2017-12-20 12:21:35,352 INFO MyAppender - ordered successfully
2017-12-20 12:21:35,369 INFO MyAppender - ordered data[0].title : fugiat veniam minus
2017-12-20 12:21:35,378 INFO MyAppender - connection is closing...

2017-12-20 12:21:35,389 INFO MyAppender - Closed

2017-12-20 12:22:13,023 INFO MyAppender - get To DO data
2017-12-20 12:22:13,031 INFO MyAppender - connection is starting...

2017-12-20 12:22:13,049 INFO MyAppender - Connected

2017-12-20 12:22:13,070 INFO MyAppender - get Todo function started
2017-12-20 12:22:13,082 INFO MyAppender - Query : select * from  all_todos
2017-12-20 12:22:13,096 INFO MyAppender - ordered successfully
2017-12-20 12:22:13,110 INFO MyAppender - ordered data[0].title : fugiat veniam minus
2017-12-20 12:22:13,121 INFO MyAppender - connection is closing...

2017-12-20 12:22:13,138 INFO MyAppender - Closed

2017-12-20 12:22:16,738 INFO MyAppender - connection is starting...

2017-12-20 12:22:16,746 INFO MyAppender - Connected

2017-12-20 12:22:16,758 INFO MyAppender - Deletion query : delete from all_todos where id = :ID
2017-12-20 12:22:16,777 INFO MyAppender - Deleted
2017-12-20 12:22:16,786 INFO MyAppender - connection is closing...

2017-12-20 12:22:16,792 INFO MyAppender - Closed

2017-12-20 12:22:22,453 INFO MyAppender - get To DO data
2017-12-20 12:22:22,461 INFO MyAppender - connection is starting...

2017-12-20 12:22:22,472 INFO MyAppender - Connected

2017-12-20 12:22:22,498 INFO MyAppender - get Todo function started
2017-12-20 12:22:22,507 INFO MyAppender - Query : select * from  all_todos
2017-12-20 12:22:22,521 INFO MyAppender - ordered successfully
2017-12-20 12:22:22,531 INFO MyAppender - ordered data[0].title : fugiat veniam minus
2017-12-20 12:22:22,541 INFO MyAppender - connection is closing...

2017-12-20 12:22:22,557 INFO MyAppender - Closed

2017-12-20 15:16:28,051 INFO MyAppender - get To DO data
2017-12-20 15:16:28,060 INFO MyAppender - connection is starting...

2017-12-20 15:16:28,071 INFO MyAppender - Connected

2017-12-20 15:16:28,095 INFO MyAppender - get Todo function started
2017-12-20 15:16:28,111 INFO MyAppender - Query : select * from  all_todos
2017-12-20 15:16:56,651 ERROR MyAppender - ORA-12570: Network Session: Unexpected packet read error
2017-12-20 15:16:56,664 ERROR MyAppender -    at Oracle.ManagedDataAccess.Client.OracleException.HandleError(OracleTraceLevel level, OracleTraceTag tag, Exception ex, OracleLogicalTransaction oracleLogicalTransaction)
   at OracleInternal.TTC.TTCExecuteSql.ReceiveExecuteResponse(Accessor[]& defineAccessors, Accessor[] bindAccessors, Boolean bHasReturningParams, SQLMetaData& sqlMetaData, SqlStatementType statementType, Int64 noOfRowsFetchedLastTime, Int32 noOfRowsToFetch, Int32& noOfRowsFetched, Int64& queryId, Int32 longFetchSize, Int64 initialLOBFetchSize, Int64[] scnFromExecution, Boolean bAllInputBinds, Int32 arrayBindCount, DataUnmarshaller& dataUnmarshaller, MarshalBindParameterValueHelper& marshalBindParamsHelper, Int64[]& rowsAffectedByArrayBind, Boolean bDefineDone, Boolean& bMoreThanOneRowAffectedByDmlWithRetClause, List`1& implicitRSList, Boolean bLOBArrayFetchRequired)
   at OracleInternal.ServiceObjects.OracleCommandImpl.ExecuteReader(String commandText, OracleParameterCollection paramColl, CommandType commandType, OracleConnectionImpl connectionImpl, OracleDataReaderImpl& rdrImpl, Int32 longFetchSize, Int64 clientInitialLOBFS, OracleDependencyImpl orclDependencyImpl, Int64[] scnForExecution, Int64[]& scnFromExecution, OracleParameterCollection& bindByPositionParamColl, Boolean& bBindParamPresent, Int64& internalInitialLOBFS, OracleException& exceptionForArrayBindDML, Boolean isDescribeOnly, Boolean isFromEF)
   at Oracle.ManagedDataAccess.Client.OracleCommand.ExecuteReader(Boolean requery, Boolean fillRequest, CommandBehavior behavior)
   at Oracle.ManagedDataAccess.Client.OracleCommand.ExecuteReader()
   at WebApplication2.Builder.getTodo() in C:\Users\engin.yildirim\Documents\Visual Studio 2015\Projects\WebApplication2\WebApplication2\default.aspx.cs:line 176
2017-12-20 15:16:56,670 INFO MyAppender - connection is closing...

2017-12-20 15:16:56,693 INFO MyAppender - Closed

2017-12-20 15:17:42,886 INFO MyAppender - get To DO data
2017-12-20 15:17:42,898 INFO MyAppender - connection is starting...

2017-12-20 15:17:42,987 INFO MyAppender - Connected

2017-12-20 15:17:43,004 INFO MyAppender - get Todo function started
2017-12-20 15:17:43,016 INFO MyAppender - Query : select * from  all_todos
2017-12-20 15:17:43,035 INFO MyAppender - ordered successfully
2017-12-20 15:17:43,055 INFO MyAppender - ordered data[0].title : fugiat veniam minus
2017-12-20 15:17:43,065 INFO MyAppender - connection is closing...

2017-12-20 15:17:43,082 INFO MyAppender - Closed

2017-12-20 15:18:39,690 INFO MyAppender - get To DO data
2017-12-20 15:18:39,703 INFO MyAppender - connection is starting...

2017-12-20 15:18:39,732 INFO MyAppender - Connected

2017-12-20 15:18:39,770 INFO MyAppender - get Todo function started
2017-12-20 15:18:39,802 INFO MyAppender - Query : select * from  all_todos
2017-12-20 15:18:39,838 INFO MyAppender - ordered successfully
2017-12-20 15:18:39,853 INFO MyAppender - ordered data[0].title : fugiat veniam minus
2017-12-20 15:18:39,866 INFO MyAppender - connection is closing...

2017-12-20 15:18:39,883 INFO MyAppender - Closed

2017-12-20 15:19:41,898 INFO MyAppender - get To DO data
2017-12-20 15:19:41,907 INFO MyAppender - connection is starting...

2017-12-20 15:19:41,925 INFO MyAppender - Connected

2017-12-20 15:19:41,936 INFO MyAppender - get Todo function started
2017-12-20 15:19:41,948 INFO MyAppender - Query : select * from  all_todos
2017-12-20 15:19:41,964 INFO MyAppender - ordered successfully
2017-12-20 15:19:41,984 INFO MyAppender - ordered data[0].title : fugiat veniam minus
2017-12-20 15:19:42,004 INFO MyAppender - connection is closing...

2017-12-20 15:19:42,028 INFO MyAppender - Closed

2017-12-20 15:20:34,392 INFO MyAppender - connection is starting...

2017-12-20 15:20:34,402 INFO MyAppender - Connected

2017-12-20 15:20:34,410 INFO MyAppender - Deletion query : delete from all_todos where id = :ID
2017-12-20 15:20:34,427 INFO MyAppender - Deleted
2017-12-20 15:20:34,438 INFO MyAppender - Deletion query : delete from all_todos where id = :ID
2017-12-20 15:20:34,458 INFO MyAppender - Deleted
2017-12-20 15:20:34,465 INFO MyAppender - Deletion query : delete from all_todos where id = :ID
2017-12-20 15:20:34,481 INFO MyAppender - Deleted
2017-12-20 15:20:34,489 INFO MyAppender - connection is closing...

2017-12-20 15:20:34,496 INFO MyAppender - Closed

2017-12-20 15:20:40,888 INFO MyAppender - get To DO data
2017-12-20 15:20:40,899 INFO MyAppender - connection is starting...

2017-12-20 15:20:40,908 INFO MyAppender - Connected

2017-12-20 15:20:40,921 INFO MyAppender - get Todo function started
2017-12-20 15:20:40,936 INFO MyAppender - Query : select * from  all_todos
2017-12-20 15:20:40,951 INFO MyAppender - ordered successfully
2017-12-20 15:20:40,964 INFO MyAppender - ordered data[0].title : fugiat veniam minus
2017-12-20 15:20:40,979 INFO MyAppender - connection is closing...

2017-12-20 15:20:41,000 INFO MyAppender - Closed

2017-12-20 15:20:48,776 INFO MyAppender - get To DO data
2017-12-20 15:20:48,786 INFO MyAppender - connection is starting...

2017-12-20 15:20:48,810 INFO MyAppender - Connected

2017-12-20 15:20:48,821 INFO MyAppender - get Todo function started
2017-12-20 15:20:48,830 INFO MyAppender - Query : select * from  all_todos
2017-12-20 15:20:48,874 INFO MyAppender - ordered successfully
2017-12-20 15:20:48,884 INFO MyAppender - ordered data[0].title : fugiat veniam minus
2017-12-20 15:20:48,896 INFO MyAppender - connection is closing...

2017-12-20 15:20:48,907 INFO MyAppender - Closed

2017-12-20 15:20:55,381 INFO MyAppender - connection is starting...

2017-12-20 15:20:55,395 INFO MyAppender - Connected

2017-12-20 15:20:55,405 INFO MyAppender - Deletion query : delete from all_todos where id = :ID
2017-12-20 15:20:55,427 INFO MyAppender - Deleted
2017-12-20 15:20:55,436 INFO MyAppender - Deletion query : delete from all_todos where id = :ID
2017-12-20 15:20:55,454 INFO MyAppender - Deleted
2017-12-20 15:20:55,461 INFO MyAppender - Deletion query : delete from all_todos where id = :ID
2017-12-20 15:20:55,475 INFO MyAppender - Deleted
2017-12-20 15:20:55,483 INFO MyAppender - connection is closing...

2017-12-20 15:20:55,489 INFO MyAppender - Closed

2017-12-20 22:52:01,287 INFO MyAppender - get To DO data
2017-12-20 22:52:01,930 INFO MyAppender - connection is starting...

2017-12-20 22:52:02,827 INFO MyAppender - Connected

2017-12-20 22:52:02,839 INFO MyAppender - get Todo function started
2017-12-20 22:52:02,858 INFO MyAppender - Query : select * from  all_todos
2017-12-20 22:52:03,028 INFO MyAppender - ordered successfully
2017-12-20 22:52:03,170 INFO MyAppender - ordered data[0].title : fugiat veniam minus
2017-12-20 22:52:03,205 INFO MyAppender - connection is closing...

2017-12-20 22:52:03,243 INFO MyAppender - Closed

2017-12-20 22:52:08,217 INFO MyAppender - get To DO data
2017-12-20 22:52:08,224 INFO MyAppender - connection is starting...

2017-12-20 22:52:08,247 INFO MyAppender - Connected

2017-12-20 22:52:08,255 INFO MyAppender - get Todo function started
2017-12-20 22:52:08,267 INFO MyAppender - Query : select * from  all_todos
2017-12-20 22:52:08,317 INFO MyAppender - ordered successfully
2017-12-20 22:52:08,333 INFO MyAppender - ordered data[0].title : fugiat veniam minus
2017-12-20 22:52:08,343 INFO MyAppender - connection is closing...

2017-12-20 22:52:08,350 INFO MyAppender - Closed

2017-12-20 22:52:18,476 INFO MyAppender - connection is starting...

2017-12-20 22:52:18,484 INFO MyAppender - Connected

2017-12-20 22:52:18,496 INFO MyAppender - Execution query : truncate table all_todos
2017-12-20 22:52:18,825 INFO MyAppender - connection is closing...

2017-12-20 22:52:18,838 INFO MyAppender - Closed

2017-12-20 22:52:18,854 INFO MyAppender - connection is starting...

2017-12-20 22:52:18,866 INFO MyAppender - Connected

2017-12-20 22:52:18,963 INFO MyAppender - Data has been added and commited
2017-12-20 22:52:19,035 INFO MyAppender - Data has been added and commited
2017-12-20 22:52:19,081 INFO MyAppender - Data has been added and commited
2017-12-20 22:52:19,126 INFO MyAppender - Data has been added and commited
2017-12-20 22:52:19,188 INFO MyAppender - Data has been added and commited
2017-12-20 22:52:19,248 INFO MyAppender - Data has been added and commited
2017-12-20 22:52:19,320 INFO MyAppender - Data has been added and commited
2017-12-20 22:52:19,367 INFO MyAppender - Data has been added and commited
2017-12-20 22:52:19,437 INFO MyAppender - Data has been added and commited
2017-12-20 22:52:19,521 INFO MyAppender - Data has been added and commited
2017-12-20 22:52:19,571 INFO MyAppender - Data has been added and commited
2017-12-20 22:52:19,616 INFO MyAppender - Data has been added and commited
2017-12-20 22:52:19,671 INFO MyAppender - Data has been added and commited
2017-12-20 22:52:19,730 INFO MyAppender - Data has been added and commited
2017-12-20 22:52:19,803 INFO MyAppender - Data has been added and commited
2017-12-20 22:52:19,861 INFO MyAppender - Data has been added and commited
2017-12-20 22:52:19,932 INFO MyAppender - Data has been added and commited
2017-12-20 22:52:19,998 INFO MyAppender - Data has been added and commited
2017-12-20 22:52:20,052 INFO MyAppender - Data has been added and commited
2017-12-20 22:52:20,098 INFO MyAppender - Data has been added and commited
2017-12-20 22:52:20,149 INFO MyAppender - Data has been added and commited
2017-12-20 22:52:20,199 INFO MyAppender - Data has been added and commited
2017-12-20 22:52:20,257 INFO MyAppender - Data has been added and commited
2017-12-20 22:52:20,307 INFO MyAppender - Data has been added and commited
2017-12-20 22:52:20,371 INFO MyAppender - Data has been added and commited
2017-12-20 22:52:20,422 INFO MyAppender - Data has been added and commited
2017-12-20 22:52:20,476 INFO MyAppender - Data has been added and commited
2017-12-20 22:52:20,518 INFO MyAppender - Data has been added and commited
2017-12-20 22:52:20,576 INFO MyAppender - Data has been added and commited
2017-12-20 22:52:20,637 INFO MyAppender - Data has been added and commited
2017-12-20 22:52:20,682 INFO MyAppender - Data has been added and commited
2017-12-20 22:52:20,726 INFO MyAppender - Data has been added and commited
2017-12-20 22:52:20,780 INFO MyAppender - Data has been added and commited
2017-12-20 22:52:20,817 INFO MyAppender - Data has been added and commited
2017-12-20 22:52:20,854 INFO MyAppender - Data has been added and commited
2017-12-20 22:52:20,908 INFO MyAppender - Data has been added and commited
2017-12-20 22:52:20,977 INFO MyAppender - Data has been added and commited
2017-12-20 22:52:21,043 INFO MyAppender - Data has been added and commited
2017-12-20 22:52:21,082 INFO MyAppender - Data has been added and commited
2017-12-20 22:52:21,121 INFO MyAppender - Data has been added and commited
2017-12-20 22:52:21,161 INFO MyAppender - Data has been added and commited
2017-12-20 22:52:21,221 INFO MyAppender - Data has been added and commited
2017-12-20 22:52:21,293 INFO MyAppender - Data has been added and commited
2017-12-20 22:52:21,354 INFO MyAppender - Data has been added and commited
2017-12-20 22:52:21,417 INFO MyAppender - Data has been added and commited
2017-12-20 22:52:21,522 INFO MyAppender - Data has been added and commited
2017-12-20 22:52:21,581 INFO MyAppender - Data has been added and commited
2017-12-20 22:52:21,638 INFO MyAppender - Data has been added and commited
2017-12-20 22:52:21,708 INFO MyAppender - Data has been added and commited
2017-12-20 22:52:21,756 INFO MyAppender - Data has been added and commited
2017-12-20 22:52:21,820 INFO MyAppender - Data has been added and commited
2017-12-20 22:52:21,881 INFO MyAppender - Data has been added and commited
2017-12-20 22:52:21,967 INFO MyAppender - Data has been added and commited
2017-12-20 22:52:22,004 INFO MyAppender - Data has been added and commited
2017-12-20 22:52:22,052 INFO MyAppender - Data has been added and commited
2017-12-20 22:52:22,096 INFO MyAppender - Data has been added and commited
2017-12-20 22:52:22,158 INFO MyAppender - Data has been added and commited
2017-12-20 22:52:22,197 INFO MyAppender - Data has been added and commited
2017-12-20 22:52:22,237 INFO MyAppender - Data has been added and commited
2017-12-20 22:52:22,285 INFO MyAppender - Data has been added and commited
2017-12-20 22:52:22,344 INFO MyAppender - Data has been added and commited
2017-12-20 22:52:22,436 INFO MyAppender - Data has been added and commited
2017-12-20 22:52:22,502 INFO MyAppender - Data has been added and commited
2017-12-20 22:52:22,564 INFO MyAppender - Data has been added and commited
2017-12-20 22:52:22,658 INFO MyAppender - Data has been added and commited
2017-12-20 22:52:22,717 INFO MyAppender - Data has been added and commited
2017-12-20 22:52:22,804 INFO MyAppender - Data has been added and commited
2017-12-20 22:52:22,883 INFO MyAppender - Data has been added and commited
2017-12-20 22:52:22,932 INFO MyAppender - Data has been added and commited
2017-12-20 22:52:23,016 INFO MyAppender - Data has been added and commited
2017-12-20 22:52:23,072 INFO MyAppender - Data has been added and commited
2017-12-20 22:52:23,111 INFO MyAppender - Data has been added and commited
2017-12-20 22:52:23,163 INFO MyAppender - Data has been added and commited
2017-12-20 22:52:23,214 INFO MyAppender - Data has been added and commited
2017-12-20 22:52:23,275 INFO MyAppender - Data has been added and commited
2017-12-20 22:52:23,390 INFO MyAppender - Data has been added and commited
2017-12-20 22:52:23,472 INFO MyAppender - Data has been added and commited
2017-12-20 22:52:23,526 INFO MyAppender - Data has been added and commited
2017-12-20 22:52:23,564 INFO MyAppender - Data has been added and commited
2017-12-20 22:52:23,622 INFO MyAppender - Data has been added and commited
2017-12-20 22:52:23,681 INFO MyAppender - Data has been added and commited
2017-12-20 22:52:23,730 INFO MyAppender - Data has been added and commited
2017-12-20 22:52:23,784 INFO MyAppender - Data has been added and commited
2017-12-20 22:52:23,835 INFO MyAppender - Data has been added and commited
2017-12-20 22:52:23,897 INFO MyAppender - Data has been added and commited
2017-12-20 22:52:23,963 INFO MyAppender - Data has been added and commited
2017-12-20 22:52:24,010 INFO MyAppender - Data has been added and commited
2017-12-20 22:52:24,065 INFO MyAppender - Data has been added and commited
2017-12-20 22:52:24,122 INFO MyAppender - Data has been added and commited
2017-12-20 22:52:24,184 INFO MyAppender - Data has been added and commited
2017-12-20 22:52:24,231 INFO MyAppender - Data has been added and commited
2017-12-20 22:52:24,287 INFO MyAppender - Data has been added and commited
2017-12-20 22:52:24,360 INFO MyAppender - Data has been added and commited
2017-12-20 22:52:24,423 INFO MyAppender - Data has been added and commited
2017-12-20 22:52:24,470 INFO MyAppender - Data has been added and commited
2017-12-20 22:52:24,527 INFO MyAppender - Data has been added and commited
2017-12-20 22:52:24,592 INFO MyAppender - Data has been added and commited
2017-12-20 22:52:24,642 INFO MyAppender - Data has been added and commited
2017-12-20 22:52:24,703 INFO MyAppender - Data has been added and commited
2017-12-20 22:52:24,748 INFO MyAppender - Data has been added and commited
2017-12-20 22:52:24,803 INFO MyAppender - Data has been added and commited
2017-12-20 22:52:24,842 INFO MyAppender - Data has been added and commited
2017-12-20 22:52:24,887 INFO MyAppender - Data has been added and commited
2017-12-20 22:52:24,952 INFO MyAppender - Data has been added and commited
2017-12-20 22:52:25,044 INFO MyAppender - Data has been added and commited
2017-12-20 22:52:25,082 INFO MyAppender - Data has been added and commited
2017-12-20 22:52:25,118 INFO MyAppender - Data has been added and commited
2017-12-20 22:52:25,164 INFO MyAppender - Data has been added and commited
2017-12-20 22:52:25,215 INFO MyAppender - Data has been added and commited
2017-12-20 22:52:25,297 INFO MyAppender - Data has been added and commited
2017-12-20 22:52:25,332 INFO MyAppender - Data has been added and commited
2017-12-20 22:52:25,389 INFO MyAppender - Data has been added and commited
2017-12-20 22:52:25,447 INFO MyAppender - Data has been added and commited
2017-12-20 22:52:25,504 INFO MyAppender - Data has been added and commited
2017-12-20 22:52:25,553 INFO MyAppender - Data has been added and commited
2017-12-20 22:52:25,611 INFO MyAppender - Data has been added and commited
2017-12-20 22:52:25,681 INFO MyAppender - Data has been added and commited
2017-12-20 22:52:25,748 INFO MyAppender - Data has been added and commited
2017-12-20 22:52:25,814 INFO MyAppender - Data has been added and commited
2017-12-20 22:52:25,868 INFO MyAppender - Data has been added and commited
2017-12-20 22:52:25,932 INFO MyAppender - Data has been added and commited
2017-12-20 22:52:25,979 INFO MyAppender - Data has been added and commited
2017-12-20 22:52:26,040 INFO MyAppender - Data has been added and commited
2017-12-20 22:52:26,096 INFO MyAppender - Data has been added and commited
2017-12-20 22:52:26,159 INFO MyAppender - Data has been added and commited
2017-12-20 22:52:26,204 INFO MyAppender - Data has been added and commited
2017-12-20 22:52:26,248 INFO MyAppender - Data has been added and commited
2017-12-20 22:52:26,293 INFO MyAppender - Data has been added and commited
2017-12-20 22:52:26,359 INFO MyAppender - Data has been added and commited
2017-12-20 22:52:26,394 INFO MyAppender - Data has been added and commited
2017-12-20 22:52:26,434 INFO MyAppender - Data has been added and commited
2017-12-20 22:52:26,474 INFO MyAppender - Data has been added and commited
2017-12-20 22:52:26,544 INFO MyAppender - Data has been added and commited
2017-12-20 22:52:26,598 INFO MyAppender - Data has been added and commited
2017-12-20 22:52:26,646 INFO MyAppender - Data has been added and commited
2017-12-20 22:52:26,700 INFO MyAppender - Data has been added and commited
2017-12-20 22:52:26,759 INFO MyAppender - Data has been added and commited
2017-12-20 22:52:26,825 INFO MyAppender - Data has been added and commited
2017-12-20 22:52:26,875 INFO MyAppender - Data has been added and commited
2017-12-20 22:52:26,914 INFO MyAppender - Data has been added and commited
2017-12-20 22:52:26,965 INFO MyAppender - Data has been added and commited
2017-12-20 22:52:27,034 INFO MyAppender - Data has been added and commited
2017-12-20 22:52:27,081 INFO MyAppender - Data has been added and commited
2017-12-20 22:52:27,119 INFO MyAppender - Data has been added and commited
2017-12-20 22:52:27,168 INFO MyAppender - Data has been added and commited
2017-12-20 22:52:27,234 INFO MyAppender - Data has been added and commited
2017-12-20 22:52:27,290 INFO MyAppender - Data has been added and commited
2017-12-20 22:52:27,334 INFO MyAppender - Data has been added and commited
2017-12-20 22:52:27,392 INFO MyAppender - Data has been added and commited
2017-12-20 22:52:27,444 INFO MyAppender - Data has been added and commited
2017-12-20 22:52:27,548 INFO MyAppender - Data has been added and commited
2017-12-20 22:52:27,597 INFO MyAppender - Data has been added and commited
2017-12-20 22:52:27,663 INFO MyAppender - Data has been added and commited
2017-12-20 22:52:27,715 INFO MyAppender - Data has been added and commited
2017-12-20 22:52:27,760 INFO MyAppender - Data has been added and commited
2017-12-20 22:52:27,811 INFO MyAppender - Data has been added and commited
2017-12-20 22:52:27,867 INFO MyAppender - Data has been added and commited
2017-12-20 22:52:27,929 INFO MyAppender - Data has been added and commited
2017-12-20 22:52:27,989 INFO MyAppender - Data has been added and commited
2017-12-20 22:52:28,030 INFO MyAppender - Data has been added and commited
2017-12-20 22:52:28,070 INFO MyAppender - Data has been added and commited
2017-12-20 22:52:28,119 INFO MyAppender - Data has been added and commited
2017-12-20 22:52:28,172 INFO MyAppender - Data has been added and commited
2017-12-20 22:52:28,227 INFO MyAppender - Data has been added and commited
2017-12-20 22:52:28,275 INFO MyAppender - Data has been added and commited
2017-12-20 22:52:28,328 INFO MyAppender - Data has been added and commited
2017-12-20 22:52:28,378 INFO MyAppender - Data has been added and commited
2017-12-20 22:52:28,420 INFO MyAppender - Data has been added and commited
2017-12-20 22:52:28,468 INFO MyAppender - Data has been added and commited
2017-12-20 22:52:28,525 INFO MyAppender - Data has been added and commited
2017-12-20 22:52:28,622 INFO MyAppender - Data has been added and commited
2017-12-20 22:52:28,686 INFO MyAppender - Data has been added and commited
2017-12-20 22:52:28,754 INFO MyAppender - Data has been added and commited
2017-12-20 22:52:28,811 INFO MyAppender - Data has been added and commited
2017-12-20 22:52:28,865 INFO MyAppender - Data has been added and commited
2017-12-20 22:52:28,928 INFO MyAppender - Data has been added and commited
2017-12-20 22:52:29,019 INFO MyAppender - Data has been added and commited
2017-12-20 22:52:29,067 INFO MyAppender - Data has been added and commited
2017-12-20 22:52:29,100 INFO MyAppender - Data has been added and commited
2017-12-20 22:52:29,142 INFO MyAppender - Data has been added and commited
2017-12-20 22:52:29,203 INFO MyAppender - Data has been added and commited
2017-12-20 22:52:29,274 INFO MyAppender - Data has been added and commited
2017-12-20 22:52:29,320 INFO MyAppender - Data has been added and commited
2017-12-20 22:52:29,365 INFO MyAppender - Data has been added and commited
2017-12-20 22:52:29,422 INFO MyAppender - Data has been added and commited
2017-12-20 22:52:29,471 INFO MyAppender - Data has been added and commited
2017-12-20 22:52:29,523 INFO MyAppender - Data has been added and commited
2017-12-20 22:52:29,569 INFO MyAppender - Data has been added and commited
2017-12-20 22:52:29,627 INFO MyAppender - Data has been added and commited
2017-12-20 22:52:29,678 INFO MyAppender - Data has been added and commited
2017-12-20 22:52:29,731 INFO MyAppender - Data has been added and commited
2017-12-20 22:52:29,781 INFO MyAppender - Data has been added and commited
2017-12-20 22:52:29,839 INFO MyAppender - Data has been added and commited
2017-12-20 22:52:29,896 INFO MyAppender - Data has been added and commited
2017-12-20 22:52:29,938 INFO MyAppender - Data has been added and commited
2017-12-20 22:52:29,987 INFO MyAppender - Data has been added and commited
2017-12-20 22:52:30,028 INFO MyAppender - Data has been added and commited
2017-12-20 22:52:30,073 INFO MyAppender - Data has been added and commited
2017-12-20 22:52:30,118 INFO MyAppender - Data has been added and commited
2017-12-20 22:52:30,163 INFO MyAppender - Data has been added and commited
2017-12-20 22:52:30,192 INFO MyAppender - connection is closing...

2017-12-20 22:52:30,216 INFO MyAppender - Closed

2017-12-20 22:52:41,694 INFO MyAppender - get To DO data
2017-12-20 22:52:41,707 INFO MyAppender - connection is starting...

2017-12-20 22:52:41,719 INFO MyAppender - Connected

2017-12-20 22:52:41,734 INFO MyAppender - get Todo function started
2017-12-20 22:52:41,747 INFO MyAppender - Query : select * from  all_todos
2017-12-20 22:52:41,799 INFO MyAppender - ordered successfully
2017-12-20 22:52:41,807 INFO MyAppender - ordered data[0].title : delectus aut autem
2017-12-20 22:52:41,813 INFO MyAppender - connection is closing...

2017-12-20 22:52:41,820 INFO MyAppender - Closed

2017-12-20 22:54:39,746 INFO MyAppender - get To DO data
2017-12-20 22:54:39,754 INFO MyAppender - connection is starting...

2017-12-20 22:54:39,768 INFO MyAppender - Connected

2017-12-20 22:54:39,781 INFO MyAppender - get Todo function started
2017-12-20 22:54:39,791 INFO MyAppender - Query : select * from  all_todos
2017-12-20 22:54:39,857 INFO MyAppender - ordered successfully
2017-12-20 22:54:39,865 INFO MyAppender - ordered data[0].title : delectus aut autem
2017-12-20 22:54:39,874 INFO MyAppender - connection is closing...

2017-12-20 22:54:39,884 INFO MyAppender - Closed

2017-12-20 22:57:53,904 INFO MyAppender - get To DO data
2017-12-20 22:57:53,910 INFO MyAppender - connection is starting...

2017-12-20 22:57:53,927 INFO MyAppender - Connected

2017-12-20 22:57:53,937 INFO MyAppender - get Todo function started
2017-12-20 22:57:53,946 INFO MyAppender - Query : select * from  all_todos
2017-12-20 22:57:54,011 INFO MyAppender - ordered successfully
2017-12-20 22:57:54,022 INFO MyAppender - ordered data[0].title : delectus aut autem
2017-12-20 22:57:54,030 INFO MyAppender - connection is closing...

2017-12-20 22:57:54,044 INFO MyAppender - Closed

2017-12-20 22:57:56,108 INFO MyAppender - get To DO data
2017-12-20 22:57:56,115 INFO MyAppender - connection is starting...

2017-12-20 22:57:56,136 INFO MyAppender - Connected

2017-12-20 22:57:56,143 INFO MyAppender - get Todo function started
2017-12-20 22:57:56,154 INFO MyAppender - Query : select * from  all_todos
2017-12-20 22:57:56,297 INFO MyAppender - ordered successfully
2017-12-20 22:57:56,307 INFO MyAppender - ordered data[0].title : delectus aut autem
2017-12-20 22:57:56,315 INFO MyAppender - connection is closing...

2017-12-20 22:57:56,321 INFO MyAppender - Closed

2017-12-20 22:57:58,613 INFO MyAppender - get To DO data
2017-12-20 22:57:58,621 INFO MyAppender - connection is starting...

2017-12-20 22:57:58,633 INFO MyAppender - Connected

2017-12-20 22:57:58,641 INFO MyAppender - get Todo function started
2017-12-20 22:57:58,650 INFO MyAppender - Query : select * from  all_todos
2017-12-20 22:57:58,705 INFO MyAppender - ordered successfully
2017-12-20 22:57:58,718 INFO MyAppender - ordered data[0].title : delectus aut autem
2017-12-20 22:57:58,729 INFO MyAppender - connection is closing...

2017-12-20 22:57:58,738 INFO MyAppender - Closed

2017-12-20 23:07:04,696 INFO MyAppender - get To DO data
2017-12-20 23:07:04,703 INFO MyAppender - connection is starting...

2017-12-20 23:07:04,735 INFO MyAppender - Connected

2017-12-20 23:07:04,744 INFO MyAppender - get Todo function started
2017-12-20 23:07:04,752 INFO MyAppender - Query : select * from  all_todos
2017-12-20 23:07:04,796 INFO MyAppender - ordered successfully
2017-12-20 23:07:04,802 INFO MyAppender - ordered data[0].title : delectus aut autem
2017-12-20 23:07:04,814 INFO MyAppender - connection is closing...

2017-12-20 23:07:04,820 INFO MyAppender - Closed

2017-12-20 23:07:42,055 INFO MyAppender - get To DO data
2017-12-20 23:07:42,064 INFO MyAppender - connection is starting...

2017-12-20 23:07:42,076 INFO MyAppender - Connected

2017-12-20 23:07:42,086 INFO MyAppender - get Todo function started
2017-12-20 23:07:42,099 INFO MyAppender - Query : select * from  all_todos
2017-12-20 23:07:42,173 INFO MyAppender - ordered successfully
2017-12-20 23:07:42,194 INFO MyAppender - ordered data[0].title : delectus aut autem
2017-12-20 23:07:42,203 INFO MyAppender - connection is closing...

2017-12-20 23:07:42,212 INFO MyAppender - Closed

2017-12-20 23:07:44,315 INFO MyAppender - get To DO data
2017-12-20 23:07:44,325 INFO MyAppender - connection is starting...

2017-12-20 23:07:44,341 INFO MyAppender - Connected

2017-12-20 23:07:44,354 INFO MyAppender - get Todo function started
2017-12-20 23:07:44,364 INFO MyAppender - Query : select * from  all_todos
2017-12-20 23:07:44,416 INFO MyAppender - ordered successfully
2017-12-20 23:07:44,425 INFO MyAppender - ordered data[0].title : delectus aut autem
2017-12-20 23:07:44,437 INFO MyAppender - connection is closing...

2017-12-20 23:07:44,458 INFO MyAppender - Closed

2017-12-20 23:09:45,037 INFO MyAppender - get To DO data
2017-12-20 23:09:45,049 INFO MyAppender - connection is starting...

2017-12-20 23:09:45,063 INFO MyAppender - Connected

2017-12-20 23:09:45,075 INFO MyAppender - get Todo function started
2017-12-20 23:09:45,085 INFO MyAppender - Query : select * from  all_todos
2017-12-20 23:09:45,258 INFO MyAppender - ordered successfully
2017-12-20 23:09:45,265 INFO MyAppender - ordered data[0].title : delectus aut autem
2017-12-20 23:09:45,272 INFO MyAppender - connection is closing...

2017-12-20 23:09:45,278 INFO MyAppender - Closed

2017-12-20 23:09:47,339 INFO MyAppender - get To DO data
2017-12-20 23:09:47,347 INFO MyAppender - connection is starting...

2017-12-20 23:09:47,367 INFO MyAppender - Connected

2017-12-20 23:09:47,381 INFO MyAppender - get Todo function started
2017-12-20 23:09:47,392 INFO MyAppender - Query : select * from  all_todos
2017-12-20 23:09:47,464 INFO MyAppender - ordered successfully
2017-12-20 23:09:47,475 INFO MyAppender - ordered data[0].title : delectus aut autem
2017-12-20 23:09:47,482 INFO MyAppender - connection is closing...

2017-12-20 23:09:47,499 INFO MyAppender - Closed

2017-12-20 23:11:37,660 INFO MyAppender - get To DO data
2017-12-20 23:11:37,668 INFO MyAppender - connection is starting...

2017-12-20 23:11:37,706 INFO MyAppender - Connected

2017-12-20 23:11:37,749 INFO MyAppender - get Todo function started
2017-12-20 23:11:37,764 INFO MyAppender - Query : select * from  all_todos
2017-12-20 23:11:37,814 INFO MyAppender - ordered successfully
2017-12-20 23:11:37,823 INFO MyAppender - ordered data[0].title : delectus aut autem
2017-12-20 23:11:37,833 INFO MyAppender - connection is closing...

2017-12-20 23:11:37,854 INFO MyAppender - Closed

2017-12-20 23:11:39,854 INFO MyAppender - get To DO data
2017-12-20 23:11:39,862 INFO MyAppender - connection is starting...

2017-12-20 23:11:39,871 INFO MyAppender - Connected

2017-12-20 23:11:39,886 INFO MyAppender - get Todo function started
2017-12-20 23:11:39,900 INFO MyAppender - Query : select * from  all_todos
2017-12-20 23:11:39,993 INFO MyAppender - ordered successfully
2017-12-20 23:11:40,003 INFO MyAppender - ordered data[0].title : delectus aut autem
2017-12-20 23:11:40,020 INFO MyAppender - connection is closing...

2017-12-20 23:11:40,029 INFO MyAppender - Closed

2017-12-20 23:11:56,870 INFO MyAppender - get To DO data
2017-12-20 23:11:56,907 INFO MyAppender - connection is starting...

2017-12-20 23:11:56,949 INFO MyAppender - Connected

2017-12-20 23:11:56,969 INFO MyAppender - get Todo function started
2017-12-20 23:11:56,992 INFO MyAppender - Query : select * from  all_todos
2017-12-20 23:11:57,078 INFO MyAppender - ordered successfully
2017-12-20 23:11:57,090 INFO MyAppender - ordered data[0].title : delectus aut autem
2017-12-20 23:11:57,100 INFO MyAppender - connection is closing...

2017-12-20 23:11:57,108 INFO MyAppender - Closed

2017-12-20 23:12:39,709 INFO MyAppender - get To DO data
2017-12-20 23:12:39,719 INFO MyAppender - connection is starting...

2017-12-20 23:12:39,729 INFO MyAppender - Connected

2017-12-20 23:12:39,737 INFO MyAppender - get Todo function started
2017-12-20 23:12:39,745 INFO MyAppender - Query : select * from  all_todos
2017-12-20 23:12:39,807 INFO MyAppender - ordered successfully
2017-12-20 23:12:39,815 INFO MyAppender - ordered data[0].title : delectus aut autem
2017-12-20 23:12:39,821 INFO MyAppender - connection is closing...

2017-12-20 23:12:39,827 INFO MyAppender - Closed

2017-12-20 23:12:52,271 INFO MyAppender - get To DO data
2017-12-20 23:12:52,282 INFO MyAppender - connection is starting...

2017-12-20 23:12:52,294 INFO MyAppender - Connected

2017-12-20 23:12:52,303 INFO MyAppender - get Todo function started
2017-12-20 23:12:52,315 INFO MyAppender - Query : select * from  all_todos
2017-12-20 23:12:52,388 INFO MyAppender - ordered successfully
2017-12-20 23:12:52,398 INFO MyAppender - ordered data[0].title : delectus aut autem
2017-12-20 23:12:52,407 INFO MyAppender - connection is closing...

2017-12-20 23:12:52,417 INFO MyAppender - Closed

2017-12-20 23:13:11,677 INFO MyAppender - get To DO data
2017-12-20 23:13:11,694 INFO MyAppender - connection is starting...

2017-12-20 23:13:11,739 INFO MyAppender - Connected

2017-12-20 23:13:11,758 INFO MyAppender - get Todo function started
2017-12-20 23:13:11,777 INFO MyAppender - Query : select * from  all_todos
2017-12-20 23:13:11,896 INFO MyAppender - ordered successfully
2017-12-20 23:13:11,904 INFO MyAppender - ordered data[0].title : delectus aut autem
2017-12-20 23:13:11,913 INFO MyAppender - connection is closing...

2017-12-20 23:13:11,924 INFO MyAppender - Closed

2017-12-20 23:14:13,881 INFO MyAppender - get To DO data
2017-12-20 23:14:13,914 INFO MyAppender - connection is starting...

2017-12-20 23:14:13,929 INFO MyAppender - Connected

2017-12-20 23:14:13,949 INFO MyAppender - get Todo function started
2017-12-20 23:14:13,991 INFO MyAppender - Query : select * from  all_todos
2017-12-20 23:14:14,080 INFO MyAppender - ordered successfully
2017-12-20 23:14:14,104 INFO MyAppender - ordered data[0].title : delectus aut autem
2017-12-20 23:14:14,118 INFO MyAppender - connection is closing...

2017-12-20 23:14:14,129 INFO MyAppender - Closed

2017-12-20 23:14:36,877 INFO MyAppender - get To DO data
2017-12-20 23:14:36,888 INFO MyAppender - connection is starting...

2017-12-20 23:14:36,897 INFO MyAppender - Connected

2017-12-20 23:14:36,907 INFO MyAppender - get Todo function started
2017-12-20 23:14:36,920 INFO MyAppender - Query : select * from  all_todos
2017-12-20 23:14:36,974 INFO MyAppender - ordered successfully
2017-12-20 23:14:36,985 INFO MyAppender - ordered data[0].title : delectus aut autem
2017-12-20 23:14:36,994 INFO MyAppender - connection is closing...

2017-12-20 23:14:37,004 INFO MyAppender - Closed

2017-12-20 23:15:43,060 INFO MyAppender - get To DO data
2017-12-20 23:15:43,076 INFO MyAppender - connection is starting...

2017-12-20 23:15:43,096 INFO MyAppender - Connected

2017-12-20 23:15:43,116 INFO MyAppender - get Todo function started
2017-12-20 23:15:43,133 INFO MyAppender - Query : select * from  all_todos
2017-12-20 23:15:43,191 INFO MyAppender - ordered successfully
2017-12-20 23:15:43,202 INFO MyAppender - ordered data[0].title : delectus aut autem
2017-12-20 23:15:43,214 INFO MyAppender - connection is closing...

2017-12-20 23:15:43,229 INFO MyAppender - Closed

2017-12-20 23:15:45,281 INFO MyAppender - get To DO data
2017-12-20 23:15:45,294 INFO MyAppender - connection is starting...

2017-12-20 23:15:45,308 INFO MyAppender - Connected

2017-12-20 23:15:45,320 INFO MyAppender - get Todo function started
2017-12-20 23:15:45,332 INFO MyAppender - Query : select * from  all_todos
2017-12-20 23:15:45,414 INFO MyAppender - ordered successfully
2017-12-20 23:15:45,424 INFO MyAppender - ordered data[0].title : delectus aut autem
2017-12-20 23:15:45,441 INFO MyAppender - connection is closing...

2017-12-20 23:15:45,453 INFO MyAppender - Closed

2017-12-20 23:16:01,552 INFO MyAppender - get To DO data
2017-12-20 23:16:01,564 INFO MyAppender - connection is starting...

2017-12-20 23:16:01,584 INFO MyAppender - Connected

2017-12-20 23:16:01,595 INFO MyAppender - get Todo function started
2017-12-20 23:16:01,607 INFO MyAppender - Query : select * from  all_todos
2017-12-20 23:16:01,674 INFO MyAppender - ordered successfully
2017-12-20 23:16:01,688 INFO MyAppender - ordered data[0].title : delectus aut autem
2017-12-20 23:16:01,696 INFO MyAppender - connection is closing...

2017-12-20 23:16:01,715 INFO MyAppender - Closed

2017-12-20 23:16:34,449 INFO MyAppender - get To DO data
2017-12-20 23:16:34,457 INFO MyAppender - connection is starting...

2017-12-20 23:16:34,470 INFO MyAppender - Connected

2017-12-20 23:16:34,485 INFO MyAppender - get Todo function started
2017-12-20 23:16:34,505 INFO MyAppender - Query : select * from  all_todos
2017-12-20 23:16:35,022 INFO MyAppender - ordered successfully
2017-12-20 23:16:35,055 INFO MyAppender - ordered data[0].title : delectus aut autem
2017-12-20 23:16:35,074 INFO MyAppender - connection is closing...

2017-12-20 23:16:35,093 INFO MyAppender - Closed

2017-12-20 23:17:36,356 INFO MyAppender - get To DO data
2017-12-20 23:17:36,364 INFO MyAppender - connection is starting...

2017-12-20 23:17:36,375 INFO MyAppender - Connected

2017-12-20 23:17:36,392 INFO MyAppender - get Todo function started
2017-12-20 23:17:36,409 INFO MyAppender - Query : select * from  all_todos
2017-12-20 23:17:36,485 INFO MyAppender - ordered successfully
2017-12-20 23:17:36,505 INFO MyAppender - ordered data[0].title : delectus aut autem
2017-12-20 23:17:36,522 INFO MyAppender - connection is closing...

2017-12-20 23:17:36,531 INFO MyAppender - Closed

2017-12-20 23:19:41,367 INFO MyAppender - get To DO data
2017-12-20 23:19:41,376 INFO MyAppender - connection is starting...

2017-12-20 23:19:41,386 INFO MyAppender - Connected

2017-12-20 23:19:41,395 INFO MyAppender - get Todo function started
2017-12-20 23:19:41,403 INFO MyAppender - Query : select * from  all_todos
2017-12-20 23:19:41,462 INFO MyAppender - ordered successfully
2017-12-20 23:19:41,468 INFO MyAppender - ordered data[0].title : delectus aut autem
2017-12-20 23:19:41,473 INFO MyAppender - connection is closing...

2017-12-20 23:19:41,480 INFO MyAppender - Closed

2017-12-20 23:19:44,994 INFO MyAppender - connection is starting...

2017-12-20 23:19:45,007 INFO MyAppender - Connected

2017-12-20 23:19:45,016 INFO MyAppender - Deletion query : delete from all_todos where id = :ID
2017-12-20 23:19:45,482 INFO MyAppender - Deleted
2017-12-20 23:19:45,492 INFO MyAppender - connection is closing...

2017-12-20 23:19:45,498 INFO MyAppender - Closed

2017-12-20 23:28:28,458 INFO MyAppender - get To DO data
2017-12-20 23:28:28,468 INFO MyAppender - connection is starting...

2017-12-20 23:28:28,476 INFO MyAppender - Connected

2017-12-20 23:28:28,488 INFO MyAppender - get Todo function started
2017-12-20 23:28:28,498 INFO MyAppender - Query : select * from  all_todos
2017-12-20 23:28:28,571 INFO MyAppender - ordered successfully
2017-12-20 23:28:28,578 INFO MyAppender - ordered data[0].title : delectus aut autem
2017-12-20 23:28:28,586 INFO MyAppender - connection is closing...

2017-12-20 23:28:28,593 INFO MyAppender - Closed

2017-12-20 23:29:23,617 INFO MyAppender - get To DO data
2017-12-20 23:29:23,625 INFO MyAppender - connection is starting...

2017-12-20 23:29:23,635 INFO MyAppender - Connected

2017-12-20 23:29:23,645 INFO MyAppender - get Todo function started
2017-12-20 23:29:23,654 INFO MyAppender - Query : select * from  all_todos
2017-12-20 23:29:23,725 INFO MyAppender - ordered successfully
2017-12-20 23:29:23,734 INFO MyAppender - ordered data[0].title : delectus aut autem
2017-12-20 23:29:23,745 INFO MyAppender - connection is closing...

2017-12-20 23:29:23,759 INFO MyAppender - Closed

2017-12-20 23:29:30,266 INFO MyAppender - connection is starting...

2017-12-20 23:29:30,282 INFO MyAppender - Connected

2017-12-20 23:29:30,310 INFO MyAppender - Execution query : truncate table all_todos
2017-12-20 23:29:30,411 INFO MyAppender - connection is closing...

2017-12-20 23:29:30,425 INFO MyAppender - Closed

2017-12-20 23:29:30,450 INFO MyAppender - connection is starting...

2017-12-20 23:29:30,482 INFO MyAppender - Connected

2017-12-20 23:29:30,552 INFO MyAppender - Data has been added and commited
2017-12-20 23:29:30,599 INFO MyAppender - Data has been added and commited
2017-12-20 23:29:30,667 INFO MyAppender - Data has been added and commited
2017-12-20 23:29:30,734 INFO MyAppender - Data has been added and commited
2017-12-20 23:29:30,796 INFO MyAppender - Data has been added and commited
2017-12-20 23:29:30,854 INFO MyAppender - Data has been added and commited
2017-12-20 23:29:30,909 INFO MyAppender - Data has been added and commited
2017-12-20 23:29:30,966 INFO MyAppender - Data has been added and commited
2017-12-20 23:29:31,017 INFO MyAppender - Data has been added and commited
2017-12-20 23:29:31,126 INFO MyAppender - Data has been added and commited
2017-12-20 23:29:31,185 INFO MyAppender - Data has been added and commited
2017-12-20 23:29:31,292 INFO MyAppender - Data has been added and commited
2017-12-20 23:29:31,341 INFO MyAppender - Data has been added and commited
2017-12-20 23:29:31,400 INFO MyAppender - Data has been added and commited
2017-12-20 23:29:31,467 INFO MyAppender - Data has been added and commited
2017-12-20 23:29:31,510 INFO MyAppender - Data has been added and commited
2017-12-20 23:29:31,547 INFO MyAppender - Data has been added and commited
2017-12-20 23:29:31,587 INFO MyAppender - Data has been added and commited
2017-12-20 23:29:31,656 INFO MyAppender - Data has been added and commited
2017-12-20 23:29:31,709 INFO MyAppender - Data has been added and commited
2017-12-20 23:29:31,764 INFO MyAppender - Data has been added and commited
2017-12-20 23:29:31,820 INFO MyAppender - Data has been added and commited
2017-12-20 23:29:31,889 INFO MyAppender - Data has been added and commited
2017-12-20 23:29:31,957 INFO MyAppender - Data has been added and commited
2017-12-20 23:29:32,021 INFO MyAppender - Data has been added and commited
2017-12-20 23:29:32,064 INFO MyAppender - Data has been added and commited
2017-12-20 23:29:32,106 INFO MyAppender - Data has been added and commited
2017-12-20 23:29:32,159 INFO MyAppender - Data has been added and commited
2017-12-20 23:29:32,201 INFO MyAppender - Data has been added and commited
2017-12-20 23:29:32,243 INFO MyAppender - Data has been added and commited
2017-12-20 23:29:32,291 INFO MyAppender - Data has been added and commited
2017-12-20 23:29:32,356 INFO MyAppender - Data has been added and commited
2017-12-20 23:29:32,397 INFO MyAppender - Data has been added and commited
2017-12-20 23:29:32,467 INFO MyAppender - Data has been added and commited
2017-12-20 23:29:32,526 INFO MyAppender - Data has been added and commited
2017-12-20 23:29:32,584 INFO MyAppender - Data has been added and commited
2017-12-20 23:29:32,621 INFO MyAppender - Data has been added and commited
2017-12-20 23:29:32,677 INFO MyAppender - Data has been added and commited
2017-12-20 23:29:32,721 INFO MyAppender - Data has been added and commited
2017-12-20 23:29:32,759 INFO MyAppender - Data has been added and commited
2017-12-20 23:29:32,803 INFO MyAppender - Data has been added and commited
2017-12-20 23:29:32,849 INFO MyAppender - Data has been added and commited
2017-12-20 23:29:32,907 INFO MyAppender - Data has been added and commited
2017-12-20 23:29:33,053 INFO MyAppender - Data has been added and commited
2017-12-20 23:29:33,115 INFO MyAppender - Data has been added and commited
2017-12-20 23:29:33,157 INFO MyAppender - Data has been added and commited
2017-12-20 23:29:33,201 INFO MyAppender - Data has been added and commited
2017-12-20 23:29:33,264 INFO MyAppender - Data has been added and commited
2017-12-20 23:29:33,341 INFO MyAppender - Data has been added and commited
2017-12-20 23:29:33,388 INFO MyAppender - Data has been added and commited
2017-12-20 23:29:33,424 INFO MyAppender - Data has been added and commited
2017-12-20 23:29:33,462 INFO MyAppender - Data has been added and commited
2017-12-20 23:29:33,519 INFO MyAppender - Data has been added and commited
2017-12-20 23:29:33,563 INFO MyAppender - Data has been added and commited
2017-12-20 23:29:33,610 INFO MyAppender - Data has been added and commited
2017-12-20 23:29:33,647 INFO MyAppender - Data has been added and commited
2017-12-20 23:29:33,695 INFO MyAppender - Data has been added and commited
2017-12-20 23:29:33,764 INFO MyAppender - Data has been added and commited
2017-12-20 23:29:33,836 INFO MyAppender - Data has been added and commited
2017-12-20 23:29:33,897 INFO MyAppender - Data has been added and commited
2017-12-20 23:29:33,953 INFO MyAppender - Data has been added and commited
2017-12-20 23:29:34,028 INFO MyAppender - Data has been added and commited
2017-12-20 23:29:34,076 INFO MyAppender - Data has been added and commited
2017-12-20 23:29:34,167 INFO MyAppender - Data has been added and commited
2017-12-20 23:29:34,227 INFO MyAppender - Data has been added and commited
2017-12-20 23:29:34,312 INFO MyAppender - Data has been added and commited
2017-12-20 23:29:34,371 INFO MyAppender - Data has been added and commited
2017-12-20 23:29:34,419 INFO MyAppender - Data has been added and commited
2017-12-20 23:29:34,481 INFO MyAppender - Data has been added and commited
2017-12-20 23:29:34,544 INFO MyAppender - Data has been added and commited
2017-12-20 23:29:34,595 INFO MyAppender - Data has been added and commited
2017-12-20 23:29:34,647 INFO MyAppender - Data has been added and commited
2017-12-20 23:29:34,699 INFO MyAppender - Data has been added and commited
2017-12-20 23:29:34,761 INFO MyAppender - Data has been added and commited
2017-12-20 23:29:34,813 INFO MyAppender - Data has been added and commited
2017-12-20 23:29:34,851 INFO MyAppender - Data has been added and commited
2017-12-20 23:29:34,885 INFO MyAppender - Data has been added and commited
2017-12-20 23:29:34,951 INFO MyAppender - Data has been added and commited
2017-12-20 23:29:35,016 INFO MyAppender - Data has been added and commited
2017-12-20 23:29:35,082 INFO MyAppender - Data has been added and commited
2017-12-20 23:29:35,156 INFO MyAppender - Data has been added and commited
2017-12-20 23:29:35,232 INFO MyAppender - Data has been added and commited
2017-12-20 23:29:35,285 INFO MyAppender - Data has been added and commited
2017-12-20 23:29:35,337 INFO MyAppender - Data has been added and commited
2017-12-20 23:29:35,391 INFO MyAppender - Data has been added and commited
2017-12-20 23:29:35,469 INFO MyAppender - Data has been added and commited
2017-12-20 23:29:35,541 INFO MyAppender - Data has been added and commited
2017-12-20 23:29:35,595 INFO MyAppender - Data has been added and commited
2017-12-20 23:29:35,678 INFO MyAppender - Data has been added and commited
2017-12-20 23:29:35,729 INFO MyAppender - Data has been added and commited
2017-12-20 23:29:35,789 INFO MyAppender - Data has been added and commited
2017-12-20 23:29:35,845 INFO MyAppender - Data has been added and commited
2017-12-20 23:29:35,891 INFO MyAppender - Data has been added and commited
2017-12-20 23:29:35,936 INFO MyAppender - Data has been added and commited
2017-12-20 23:29:35,997 INFO MyAppender - Data has been added and commited
2017-12-20 23:29:36,094 INFO MyAppender - Data has been added and commited
2017-12-20 23:29:36,150 INFO MyAppender - Data has been added and commited
2017-12-20 23:29:36,200 INFO MyAppender - Data has been added and commited
2017-12-20 23:29:36,260 INFO MyAppender - Data has been added and commited
2017-12-20 23:29:36,321 INFO MyAppender - Data has been added and commited
2017-12-20 23:29:36,387 INFO MyAppender - Data has been added and commited
2017-12-20 23:29:36,436 INFO MyAppender - Data has been added and commited
2017-12-20 23:29:36,477 INFO MyAppender - Data has been added and commited
2017-12-20 23:29:36,528 INFO MyAppender - Data has been added and commited
2017-12-20 23:29:36,577 INFO MyAppender - Data has been added and commited
2017-12-20 23:29:36,621 INFO MyAppender - Data has been added and commited
2017-12-20 23:29:36,664 INFO MyAppender - Data has been added and commited
2017-12-20 23:29:36,710 INFO MyAppender - Data has been added and commited
2017-12-20 23:29:36,761 INFO MyAppender - Data has been added and commited
2017-12-20 23:29:36,856 INFO MyAppender - Data has been added and commited
2017-12-20 23:29:36,914 INFO MyAppender - Data has been added and commited
2017-12-20 23:29:36,976 INFO MyAppender - Data has been added and commited
2017-12-20 23:29:37,029 INFO MyAppender - Data has been added and commited
2017-12-20 23:29:37,062 INFO MyAppender - Data has been added and commited
2017-12-20 23:29:37,104 INFO MyAppender - Data has been added and commited
2017-12-20 23:29:37,257 INFO MyAppender - Data has been added and commited
2017-12-20 23:29:37,312 INFO MyAppender - Data has been added and commited
2017-12-20 23:29:37,369 INFO MyAppender - Data has been added and commited
2017-12-20 23:29:37,422 INFO MyAppender - Data has been added and commited
2017-12-20 23:29:37,495 INFO MyAppender - Data has been added and commited
2017-12-20 23:29:37,565 INFO MyAppender - Data has been added and commited
2017-12-20 23:29:37,621 INFO MyAppender - Data has been added and commited
2017-12-20 23:29:37,697 INFO MyAppender - Data has been added and commited
2017-12-20 23:29:37,768 INFO MyAppender - Data has been added and commited
2017-12-20 23:29:37,830 INFO MyAppender - Data has been added and commited
2017-12-20 23:29:37,888 INFO MyAppender - Data has been added and commited
2017-12-20 23:29:37,942 INFO MyAppender - Data has been added and commited
2017-12-20 23:29:37,996 INFO MyAppender - Data has been added and commited
2017-12-20 23:29:38,057 INFO MyAppender - Data has been added and commited
2017-12-20 23:29:38,099 INFO MyAppender - Data has been added and commited
2017-12-20 23:29:38,137 INFO MyAppender - Data has been added and commited
2017-12-20 23:29:38,182 INFO MyAppender - Data has been added and commited
2017-12-20 23:29:38,242 INFO MyAppender - Data has been added and commited
2017-12-20 23:29:38,299 INFO MyAppender - Data has been added and commited
2017-12-20 23:29:38,383 INFO MyAppender - Data has been added and commited
2017-12-20 23:29:38,442 INFO MyAppender - Data has been added and commited
2017-12-20 23:29:38,493 INFO MyAppender - Data has been added and commited
2017-12-20 23:29:38,557 INFO MyAppender - Data has been added and commited
2017-12-20 23:29:38,630 INFO MyAppender - Data has been added and commited
2017-12-20 23:29:38,678 INFO MyAppender - Data has been added and commited
2017-12-20 23:29:38,736 INFO MyAppender - Data has been added and commited
2017-12-20 23:29:38,793 INFO MyAppender - Data has been added and commited
2017-12-20 23:29:38,864 INFO MyAppender - Data has been added and commited
2017-12-20 23:29:38,909 INFO MyAppender - Data has been added and commited
2017-12-20 23:29:38,952 INFO MyAppender - Data has been added and commited
2017-12-20 23:29:39,000 INFO MyAppender - Data has been added and commited
2017-12-20 23:29:39,064 INFO MyAppender - Data has been added and commited
2017-12-20 23:29:39,106 INFO MyAppender - Data has been added and commited
2017-12-20 23:29:39,141 INFO MyAppender - Data has been added and commited
2017-12-20 23:29:39,176 INFO MyAppender - Data has been added and commited
2017-12-20 23:29:39,211 INFO MyAppender - Data has been added and commited
2017-12-20 23:29:39,258 INFO MyAppender - Data has been added and commited
2017-12-20 23:29:39,304 INFO MyAppender - Data has been added and commited
2017-12-20 23:29:39,400 INFO MyAppender - Data has been added and commited
2017-12-20 23:29:39,455 INFO MyAppender - Data has been added and commited
2017-12-20 23:29:39,517 INFO MyAppender - Data has been added and commited
2017-12-20 23:29:39,585 INFO MyAppender - Data has been added and commited
2017-12-20 23:29:39,634 INFO MyAppender - Data has been added and commited
2017-12-20 23:29:39,673 INFO MyAppender - Data has been added and commited
2017-12-20 23:29:39,720 INFO MyAppender - Data has been added and commited
2017-12-20 23:29:39,773 INFO MyAppender - Data has been added and commited
2017-12-20 23:29:39,842 INFO MyAppender - Data has been added and commited
2017-12-20 23:29:39,893 INFO MyAppender - Data has been added and commited
2017-12-20 23:29:39,949 INFO MyAppender - Data has been added and commited
2017-12-20 23:29:39,994 INFO MyAppender - Data has been added and commited
2017-12-20 23:29:40,044 INFO MyAppender - Data has been added and commited
2017-12-20 23:29:40,093 INFO MyAppender - Data has been added and commited
2017-12-20 23:29:40,167 INFO MyAppender - Data has been added and commited
2017-12-20 23:29:40,261 INFO MyAppender - Data has been added and commited
2017-12-20 23:29:40,300 INFO MyAppender - Data has been added and commited
2017-12-20 23:29:40,358 INFO MyAppender - Data has been added and commited
2017-12-20 23:29:40,421 INFO MyAppender - Data has been added and commited
2017-12-20 23:29:40,468 INFO MyAppender - Data has been added and commited
2017-12-20 23:29:40,521 INFO MyAppender - Data has been added and commited
2017-12-20 23:29:40,578 INFO MyAppender - Data has been added and commited
2017-12-20 23:29:40,647 INFO MyAppender - Data has been added and commited
2017-12-20 23:29:40,697 INFO MyAppender - Data has been added and commited
2017-12-20 23:29:40,753 INFO MyAppender - Data has been added and commited
2017-12-20 23:29:40,816 INFO MyAppender - Data has been added and commited
2017-12-20 23:29:40,871 INFO MyAppender - Data has been added and commited
2017-12-20 23:29:40,934 INFO MyAppender - Data has been added and commited
2017-12-20 23:29:40,980 INFO MyAppender - Data has been added and commited
2017-12-20 23:29:41,028 INFO MyAppender - Data has been added and commited
2017-12-20 23:29:41,104 INFO MyAppender - Data has been added and commited
2017-12-20 23:29:41,155 INFO MyAppender - Data has been added and commited
2017-12-20 23:29:41,200 INFO MyAppender - Data has been added and commited
2017-12-20 23:29:41,243 INFO MyAppender - Data has been added and commited
2017-12-20 23:29:41,289 INFO MyAppender - Data has been added and commited
2017-12-20 23:29:41,330 INFO MyAppender - Data has been added and commited
2017-12-20 23:29:41,368 INFO MyAppender - Data has been added and commited
2017-12-20 23:29:41,419 INFO MyAppender - Data has been added and commited
2017-12-20 23:29:41,477 INFO MyAppender - Data has been added and commited
2017-12-20 23:29:41,533 INFO MyAppender - Data has been added and commited
2017-12-20 23:29:41,591 INFO MyAppender - Data has been added and commited
2017-12-20 23:29:41,653 INFO MyAppender - Data has been added and commited
2017-12-20 23:29:41,701 INFO MyAppender - Data has been added and commited
2017-12-20 23:29:41,757 INFO MyAppender - Data has been added and commited
2017-12-20 23:29:41,818 INFO MyAppender - Data has been added and commited
2017-12-20 23:29:41,876 INFO MyAppender - Data has been added and commited
2017-12-20 23:29:41,936 INFO MyAppender - Data has been added and commited
2017-12-20 23:29:41,959 INFO MyAppender - connection is closing...

2017-12-20 23:29:41,983 INFO MyAppender - Closed

2017-12-20 23:29:43,995 INFO MyAppender - get To DO data
2017-12-20 23:29:44,006 INFO MyAppender - connection is starting...

2017-12-20 23:29:44,018 INFO MyAppender - Connected

2017-12-20 23:29:44,036 INFO MyAppender - get Todo function started
2017-12-20 23:29:44,048 INFO MyAppender - Query : select * from  all_todos
2017-12-20 23:29:44,107 INFO MyAppender - ordered successfully
2017-12-20 23:29:44,115 INFO MyAppender - ordered data[0].title : delectus aut autem
2017-12-20 23:29:44,120 INFO MyAppender - connection is closing...

2017-12-20 23:29:44,125 INFO MyAppender - Closed

2017-12-20 23:34:10,917 INFO MyAppender - get To DO data
2017-12-20 23:34:10,925 INFO MyAppender - connection is starting...

2017-12-20 23:34:10,933 INFO MyAppender - Connected

2017-12-20 23:34:10,945 INFO MyAppender - get Todo function started
2017-12-20 23:34:10,956 INFO MyAppender - Query : select * from  all_todos
2017-12-20 23:34:11,027 INFO MyAppender - ordered successfully
2017-12-20 23:34:11,032 INFO MyAppender - ordered data[0].title : delectus aut autem
2017-12-20 23:34:11,041 INFO MyAppender - connection is closing...

2017-12-20 23:34:11,049 INFO MyAppender - Closed

2017-12-20 23:34:17,182 INFO MyAppender - get To DO data
2017-12-20 23:34:17,187 INFO MyAppender - connection is starting...

2017-12-20 23:34:17,193 INFO MyAppender - Connected

2017-12-20 23:34:17,202 INFO MyAppender - get Todo function started
2017-12-20 23:34:17,210 INFO MyAppender - Query : select * from  all_todos
2017-12-20 23:34:17,300 INFO MyAppender - ordered successfully
2017-12-20 23:34:17,316 INFO MyAppender - ordered data[0].title : delectus aut autem
2017-12-20 23:34:17,325 INFO MyAppender - connection is closing...

2017-12-20 23:34:17,333 INFO MyAppender - Closed

2017-12-20 23:41:10,581 INFO MyAppender - get To DO data
2017-12-20 23:41:10,590 INFO MyAppender - connection is starting...

2017-12-20 23:41:10,597 INFO MyAppender - Connected

2017-12-20 23:41:10,607 INFO MyAppender - get Todo function started
2017-12-20 23:41:10,617 INFO MyAppender - Query : select * from  all_todos
2017-12-20 23:41:10,672 INFO MyAppender - ordered successfully
2017-12-20 23:41:10,682 INFO MyAppender - ordered data[0].title : delectus aut autem
2017-12-20 23:41:10,691 INFO MyAppender - connection is closing...

2017-12-20 23:41:10,698 INFO MyAppender - Closed

2017-12-20 23:41:25,496 INFO MyAppender - get To DO data
2017-12-20 23:41:25,506 INFO MyAppender - connection is starting...

2017-12-20 23:41:25,516 INFO MyAppender - Connected

2017-12-20 23:41:25,527 INFO MyAppender - get Todo function started
2017-12-20 23:41:25,541 INFO MyAppender - Query : select * from  all_todos
2017-12-20 23:41:25,589 INFO MyAppender - ordered successfully
2017-12-20 23:41:25,601 INFO MyAppender - ordered data[0].title : delectus aut autem
2017-12-20 23:41:25,611 INFO MyAppender - connection is closing...

2017-12-20 23:41:25,621 INFO MyAppender - Closed

2017-12-20 23:41:42,715 INFO MyAppender - get To DO data
2017-12-20 23:41:42,723 INFO MyAppender - connection is starting...

2017-12-20 23:41:42,733 INFO MyAppender - Connected

2017-12-20 23:41:42,752 INFO MyAppender - get Todo function started
2017-12-20 23:41:42,760 INFO MyAppender - Query : select * from  all_todos
2017-12-20 23:41:42,807 INFO MyAppender - ordered successfully
2017-12-20 23:41:42,821 INFO MyAppender - ordered data[0].title : delectus aut autem
2017-12-20 23:41:42,830 INFO MyAppender - connection is closing...

2017-12-20 23:41:42,839 INFO MyAppender - Closed

2017-12-20 23:42:03,243 INFO MyAppender - get To DO data
2017-12-20 23:42:03,250 INFO MyAppender - connection is starting...

2017-12-20 23:42:03,258 INFO MyAppender - Connected

2017-12-20 23:42:03,265 INFO MyAppender - get Todo function started
2017-12-20 23:42:03,271 INFO MyAppender - Query : select * from  all_todos
2017-12-20 23:42:03,329 INFO MyAppender - ordered successfully
2017-12-20 23:42:03,339 INFO MyAppender - ordered data[0].title : delectus aut autem
2017-12-20 23:42:03,349 INFO MyAppender - connection is closing...

2017-12-20 23:42:03,358 INFO MyAppender - Closed

