2017-12-19 22:10:41,422 INFO MyAppender - get To DO data
2017-12-19 22:10:42,347 INFO MyAppender - connection is starting...

2017-12-19 22:10:43,198 INFO MyAppender - Connected

2017-12-19 22:10:43,206 INFO MyAppender - get Todo function started
2017-12-19 22:10:43,214 INFO MyAppender - Query : select * from  all_todos
2017-12-19 22:10:43,281 INFO MyAppender - ordered successfully
2017-12-19 22:10:43,323 INFO MyAppender - ordered data[0].title : delectus aut autem
2017-12-19 22:10:43,335 INFO MyAppender - connection is closing...

2017-12-19 22:10:43,357 INFO MyAppender - Closed

2017-12-19 22:11:41,396 INFO MyAppender - connection is starting...

2017-12-19 22:11:41,406 INFO MyAppender - Connected

2017-12-19 22:11:41,427 INFO MyAppender - Deletion query : delete from all_todos where id = :ID
2017-12-19 22:11:41,508 INFO MyAppender - Deleted
2017-12-19 22:11:41,513 INFO MyAppender - Deletion query : delete from all_todos where id = :ID
2017-12-19 22:11:41,569 INFO MyAppender - Deleted
2017-12-19 22:11:41,576 INFO MyAppender - Deletion query : delete from all_todos where id = :ID
2017-12-19 22:11:41,618 INFO MyAppender - Deleted
2017-12-19 22:11:41,623 INFO MyAppender - connection is closing...

2017-12-19 22:11:41,629 INFO MyAppender - Closed

2017-12-19 22:11:42,828 INFO MyAppender - get To DO data
2017-12-19 22:11:42,833 INFO MyAppender - connection is starting...

2017-12-19 22:11:42,842 INFO MyAppender - Connected

2017-12-19 22:11:42,847 INFO MyAppender - get Todo function started
2017-12-19 22:11:42,852 INFO MyAppender - Query : select * from  all_todos
2017-12-19 22:11:42,900 INFO MyAppender - ordered successfully
2017-12-19 22:11:42,905 INFO MyAppender - ordered data[0].title : delectus aut autem
2017-12-19 22:11:42,911 INFO MyAppender - connection is closing...

2017-12-19 22:11:42,915 INFO MyAppender - Closed

2017-12-19 22:11:44,171 INFO MyAppender - connection is starting...

2017-12-19 22:11:44,182 INFO MyAppender - Connected

2017-12-19 22:11:44,192 INFO MyAppender - Deletion query : delete from all_todos where id = :ID
2017-12-19 22:11:44,252 INFO MyAppender - Deleted
2017-12-19 22:11:44,260 INFO MyAppender - connection is closing...

2017-12-19 22:11:44,267 INFO MyAppender - Closed

2017-12-19 22:11:47,121 INFO MyAppender - connection is starting...

2017-12-19 22:11:47,126 INFO MyAppender - Connected

2017-12-19 22:11:47,132 INFO MyAppender - Deletion query : delete from all_todos where id = :ID
2017-12-19 22:11:47,184 INFO MyAppender - Deleted
2017-12-19 22:11:47,189 INFO MyAppender - connection is closing...

2017-12-19 22:11:47,194 INFO MyAppender - Closed

2017-12-19 22:26:13,266 INFO MyAppender - connection is starting...

2017-12-19 22:26:13,271 INFO MyAppender - Connected

2017-12-19 22:26:13,278 INFO MyAppender - Execution query : update all_todos set priority = 'HIGH' where id = 95
2017-12-19 22:26:13,326 INFO MyAppender - connection is closing...

2017-12-19 22:26:13,332 INFO MyAppender - Closed

2017-12-19 22:26:13,767 INFO MyAppender - connection is starting...

2017-12-19 22:26:13,773 INFO MyAppender - Connected

2017-12-19 22:26:13,781 INFO MyAppender - Execution query : update all_todos set priority = 'HIGH' where id = 25
2017-12-19 22:26:13,825 INFO MyAppender - connection is closing...

2017-12-19 22:26:13,829 INFO MyAppender - Closed

2017-12-19 22:26:14,267 INFO MyAppender - connection is starting...

2017-12-19 22:26:14,274 INFO MyAppender - Connected

2017-12-19 22:26:14,280 INFO MyAppender - Execution query : update all_todos set priority = 'HIGH' where id = 27
2017-12-19 22:26:14,356 INFO MyAppender - connection is closing...

2017-12-19 22:26:14,364 INFO MyAppender - Closed

2017-12-19 22:26:14,767 INFO MyAppender - connection is starting...

2017-12-19 22:26:14,773 INFO MyAppender - Connected

2017-12-19 22:26:14,778 INFO MyAppender - Execution query : update all_todos set priority = 'HIGH' where id = 46
2017-12-19 22:26:14,814 INFO MyAppender - connection is closing...

2017-12-19 22:26:14,819 INFO MyAppender - Closed

2017-12-19 22:26:15,268 INFO MyAppender - connection is starting...

2017-12-19 22:26:15,274 INFO MyAppender - Connected

2017-12-19 22:26:15,279 INFO MyAppender - Execution query : update all_todos set priority = 'HIGH' where id = 88
2017-12-19 22:26:15,362 INFO MyAppender - connection is closing...

2017-12-19 22:26:15,368 INFO MyAppender - Closed

2017-12-19 22:26:34,255 INFO MyAppender - get To DO data
2017-12-19 22:26:34,266 INFO MyAppender - connection is starting...

2017-12-19 22:26:34,281 INFO MyAppender - Connected

2017-12-19 22:26:34,304 INFO MyAppender - get Todo function started
2017-12-19 22:26:34,333 INFO MyAppender - Query : select * from  all_todos
2017-12-19 22:26:34,400 INFO MyAppender - ordered successfully
2017-12-19 22:26:34,411 INFO MyAppender - ordered data[0].title : delectus aut autem
2017-12-19 22:26:34,419 INFO MyAppender - connection is closing...

2017-12-19 22:26:34,428 INFO MyAppender - Closed

2017-12-19 22:26:39,624 INFO MyAppender - get To DO data
2017-12-19 22:26:39,635 INFO MyAppender - connection is starting...

2017-12-19 22:26:39,664 INFO MyAppender - Connected

2017-12-19 22:26:39,692 INFO MyAppender - get Todo function started
2017-12-19 22:26:39,709 INFO MyAppender - Query : select * from  all_todos
2017-12-19 22:26:39,758 INFO MyAppender - ordered successfully
2017-12-19 22:26:39,765 INFO MyAppender - ordered data[0].title : delectus aut autem
2017-12-19 22:26:39,772 INFO MyAppender - connection is closing...

2017-12-19 22:26:39,779 INFO MyAppender - Closed

