2018-02-20 11:46:33,229 INFO MyAppender - get To DO data
2018-02-20 11:46:33,358 INFO MyAppender - connection is starting...

2018-02-20 11:46:34,182 INFO MyAppender - Connected

2018-02-20 11:46:34,188 INFO MyAppender - get Todo function started
2018-02-20 11:46:34,194 INFO MyAppender - Query : select * from  all_todos
2018-02-20 11:46:34,243 INFO MyAppender - ordered successfully
2018-02-20 11:46:34,276 INFO MyAppender - ordered data[0].title : delectus aut autem
2018-02-20 11:46:34,282 INFO MyAppender - connection is closing...

2018-02-20 11:46:34,303 INFO MyAppender - Closed

2018-02-20 11:46:38,791 INFO MyAppender - get To DO data
2018-02-20 11:46:38,798 INFO MyAppender - connection is starting...

2018-02-20 11:46:38,826 INFO MyAppender - Connected

2018-02-20 11:46:38,832 INFO MyAppender - get Todo function started
2018-02-20 11:46:38,839 INFO MyAppender - Query : select * from  all_todos
2018-02-20 11:46:38,860 INFO MyAppender - ordered successfully
2018-02-20 11:46:38,869 INFO MyAppender - ordered data[0].title : delectus aut autem
2018-02-20 11:46:38,876 INFO MyAppender - connection is closing...

2018-02-20 11:46:38,887 INFO MyAppender - Closed

2018-02-20 11:48:07,687 INFO MyAppender - get To DO data
2018-02-20 11:48:07,706 INFO MyAppender - connection is starting...

2018-02-20 11:48:07,722 INFO MyAppender - Connected

2018-02-20 11:48:07,729 INFO MyAppender - get Todo function started
2018-02-20 11:48:07,741 INFO MyAppender - Query : select * from  all_todos
2018-02-20 11:48:07,757 INFO MyAppender - ordered successfully
2018-02-20 11:48:07,767 INFO MyAppender - ordered data[0].title : delectus aut autem
2018-02-20 11:48:07,777 INFO MyAppender - connection is closing...

2018-02-20 11:48:07,785 INFO MyAppender - Closed

2018-02-20 11:48:10,644 INFO MyAppender - get To DO data
2018-02-20 11:48:10,651 INFO MyAppender - connection is starting...

2018-02-20 11:48:10,665 INFO MyAppender - Connected

2018-02-20 11:48:10,671 INFO MyAppender - get Todo function started
2018-02-20 11:48:10,677 INFO MyAppender - Query : select * from  all_todos
2018-02-20 11:48:10,697 INFO MyAppender - ordered successfully
2018-02-20 11:48:10,706 INFO MyAppender - ordered data[0].title : delectus aut autem
2018-02-20 11:48:10,718 INFO MyAppender - connection is closing...

2018-02-20 11:48:10,732 INFO MyAppender - Closed

2018-02-20 11:50:05,803 INFO MyAppender - get To DO data
2018-02-20 11:50:05,820 INFO MyAppender - connection is starting...

2018-02-20 11:50:05,835 INFO MyAppender - Connected

2018-02-20 11:50:05,844 INFO MyAppender - get Todo function started
2018-02-20 11:50:05,856 INFO MyAppender - Query : select * from  all_todos
2018-02-20 11:50:05,874 INFO MyAppender - ordered successfully
2018-02-20 11:50:05,886 INFO MyAppender - ordered data[0].title : delectus aut autem
2018-02-20 11:50:05,900 INFO MyAppender - connection is closing...

2018-02-20 11:50:05,911 INFO MyAppender - Closed

2018-02-20 11:50:07,534 INFO MyAppender - get To DO data
2018-02-20 11:50:07,548 INFO MyAppender - connection is starting...

2018-02-20 11:50:07,562 INFO MyAppender - Connected

2018-02-20 11:50:07,569 INFO MyAppender - get Todo function started
2018-02-20 11:50:07,578 INFO MyAppender - Query : select * from  all_todos
2018-02-20 11:50:07,593 INFO MyAppender - ordered successfully
2018-02-20 11:50:07,604 INFO MyAppender - ordered data[0].title : delectus aut autem
2018-02-20 11:50:07,611 INFO MyAppender - connection is closing...

2018-02-20 11:50:07,625 INFO MyAppender - Closed

2018-02-20 11:50:11,913 INFO MyAppender - connection is starting...

2018-02-20 11:50:11,924 INFO MyAppender - Connected

2018-02-20 11:50:11,931 INFO MyAppender - Execution query : truncate table all_todos
2018-02-20 11:50:12,083 INFO MyAppender - connection is closing...

2018-02-20 11:50:12,091 INFO MyAppender - Closed

2018-02-20 11:50:12,097 INFO MyAppender - connection is starting...

2018-02-20 11:50:12,109 INFO MyAppender - Connected

2018-02-20 11:50:12,169 INFO MyAppender - Data has been added and commited
2018-02-20 11:50:12,210 INFO MyAppender - Data has been added and commited
2018-02-20 11:50:12,238 INFO MyAppender - Data has been added and commited
2018-02-20 11:50:12,287 INFO MyAppender - Data has been added and commited
2018-02-20 11:50:12,322 INFO MyAppender - Data has been added and commited
2018-02-20 11:50:12,345 INFO MyAppender - Data has been added and commited
2018-02-20 11:50:12,365 INFO MyAppender - Data has been added and commited
2018-02-20 11:50:12,388 INFO MyAppender - Data has been added and commited
2018-02-20 11:50:12,407 INFO MyAppender - Data has been added and commited
2018-02-20 11:50:12,427 INFO MyAppender - Data has been added and commited
2018-02-20 11:50:12,466 INFO MyAppender - Data has been added and commited
2018-02-20 11:50:12,493 INFO MyAppender - Data has been added and commited
2018-02-20 11:50:12,531 INFO MyAppender - Data has been added and commited
2018-02-20 11:50:12,564 INFO MyAppender - Data has been added and commited
2018-02-20 11:50:12,616 INFO MyAppender - Data has been added and commited
2018-02-20 11:50:12,647 INFO MyAppender - Data has been added and commited
2018-02-20 11:50:12,689 INFO MyAppender - Data has been added and commited
2018-02-20 11:50:12,722 INFO MyAppender - Data has been added and commited
2018-02-20 11:50:12,745 INFO MyAppender - Data has been added and commited
2018-02-20 11:50:12,765 INFO MyAppender - Data has been added and commited
2018-02-20 11:50:12,816 INFO MyAppender - Data has been added and commited
2018-02-20 11:50:12,842 INFO MyAppender - Data has been added and commited
2018-02-20 11:50:12,861 INFO MyAppender - Data has been added and commited
2018-02-20 11:50:12,880 INFO MyAppender - Data has been added and commited
2018-02-20 11:50:12,906 INFO MyAppender - Data has been added and commited
2018-02-20 11:50:12,927 INFO MyAppender - Data has been added and commited
2018-02-20 11:50:12,966 INFO MyAppender - Data has been added and commited
2018-02-20 11:50:12,987 INFO MyAppender - Data has been added and commited
2018-02-20 11:50:13,005 INFO MyAppender - Data has been added and commited
2018-02-20 11:50:13,024 INFO MyAppender - Data has been added and commited
2018-02-20 11:50:13,043 INFO MyAppender - Data has been added and commited
2018-02-20 11:50:13,078 INFO MyAppender - Data has been added and commited
2018-02-20 11:50:13,094 INFO MyAppender - Data has been added and commited
2018-02-20 11:50:13,111 INFO MyAppender - Data has been added and commited
2018-02-20 11:50:13,128 INFO MyAppender - Data has been added and commited
2018-02-20 11:50:13,157 INFO MyAppender - Data has been added and commited
2018-02-20 11:50:13,187 INFO MyAppender - Data has been added and commited
2018-02-20 11:50:13,209 INFO MyAppender - Data has been added and commited
2018-02-20 11:50:13,229 INFO MyAppender - Data has been added and commited
2018-02-20 11:50:13,247 INFO MyAppender - Data has been added and commited
2018-02-20 11:50:13,269 INFO MyAppender - Data has been added and commited
2018-02-20 11:50:13,295 INFO MyAppender - Data has been added and commited
2018-02-20 11:50:13,318 INFO MyAppender - Data has been added and commited
2018-02-20 11:50:13,341 INFO MyAppender - Data has been added and commited
2018-02-20 11:50:13,361 INFO MyAppender - Data has been added and commited
2018-02-20 11:50:13,394 INFO MyAppender - Data has been added and commited
2018-02-20 11:50:13,428 INFO MyAppender - Data has been added and commited
2018-02-20 11:50:13,462 INFO MyAppender - Data has been added and commited
2018-02-20 11:50:13,487 INFO MyAppender - Data has been added and commited
2018-02-20 11:50:13,514 INFO MyAppender - Data has been added and commited
2018-02-20 11:50:13,550 INFO MyAppender - Data has been added and commited
2018-02-20 11:50:13,576 INFO MyAppender - Data has been added and commited
2018-02-20 11:50:13,595 INFO MyAppender - Data has been added and commited
2018-02-20 11:50:13,646 INFO MyAppender - Data has been added and commited
2018-02-20 11:50:13,674 INFO MyAppender - Data has been added and commited
2018-02-20 11:50:13,694 INFO MyAppender - Data has been added and commited
2018-02-20 11:50:13,733 INFO MyAppender - Data has been added and commited
2018-02-20 11:50:13,756 INFO MyAppender - Data has been added and commited
2018-02-20 11:50:13,803 INFO MyAppender - Data has been added and commited
2018-02-20 11:50:13,827 INFO MyAppender - Data has been added and commited
2018-02-20 11:50:13,868 INFO MyAppender - Data has been added and commited
2018-02-20 11:50:13,930 INFO MyAppender - Data has been added and commited
2018-02-20 11:50:13,970 INFO MyAppender - Data has been added and commited
2018-02-20 11:50:13,994 INFO MyAppender - Data has been added and commited
2018-02-20 11:50:14,042 INFO MyAppender - Data has been added and commited
2018-02-20 11:50:14,079 INFO MyAppender - Data has been added and commited
2018-02-20 11:50:14,137 INFO MyAppender - Data has been added and commited
2018-02-20 11:50:14,170 INFO MyAppender - Data has been added and commited
2018-02-20 11:50:14,198 INFO MyAppender - Data has been added and commited
2018-02-20 11:50:14,232 INFO MyAppender - Data has been added and commited
2018-02-20 11:50:14,265 INFO MyAppender - Data has been added and commited
2018-02-20 11:50:14,295 INFO MyAppender - Data has been added and commited
2018-02-20 11:50:14,334 INFO MyAppender - Data has been added and commited
2018-02-20 11:50:14,356 INFO MyAppender - Data has been added and commited
2018-02-20 11:50:14,384 INFO MyAppender - Data has been added and commited
2018-02-20 11:50:14,435 INFO MyAppender - Data has been added and commited
2018-02-20 11:50:14,467 INFO MyAppender - Data has been added and commited
2018-02-20 11:50:14,498 INFO MyAppender - Data has been added and commited
2018-02-20 11:50:14,536 INFO MyAppender - Data has been added and commited
2018-02-20 11:50:14,562 INFO MyAppender - Data has been added and commited
2018-02-20 11:50:14,602 INFO MyAppender - Data has been added and commited
2018-02-20 11:50:14,622 INFO MyAppender - Data has been added and commited
2018-02-20 11:50:14,659 INFO MyAppender - Data has been added and commited
2018-02-20 11:50:14,678 INFO MyAppender - Data has been added and commited
2018-02-20 11:50:14,700 INFO MyAppender - Data has been added and commited
2018-02-20 11:50:14,743 INFO MyAppender - Data has been added and commited
2018-02-20 11:50:14,782 INFO MyAppender - Data has been added and commited
2018-02-20 11:50:14,833 INFO MyAppender - Data has been added and commited
2018-02-20 11:50:14,863 INFO MyAppender - Data has been added and commited
2018-02-20 11:50:14,883 INFO MyAppender - Data has been added and commited
2018-02-20 11:50:14,924 INFO MyAppender - Data has been added and commited
2018-02-20 11:50:14,945 INFO MyAppender - Data has been added and commited
2018-02-20 11:50:14,973 INFO MyAppender - Data has been added and commited
2018-02-20 11:50:15,000 INFO MyAppender - Data has been added and commited
2018-02-20 11:50:15,021 INFO MyAppender - Data has been added and commited
2018-02-20 11:50:15,042 INFO MyAppender - Data has been added and commited
2018-02-20 11:50:15,077 INFO MyAppender - Data has been added and commited
2018-02-20 11:50:15,096 INFO MyAppender - Data has been added and commited
2018-02-20 11:50:15,131 INFO MyAppender - Data has been added and commited
2018-02-20 11:50:15,150 INFO MyAppender - Data has been added and commited
2018-02-20 11:50:15,201 INFO MyAppender - Data has been added and commited
2018-02-20 11:50:15,230 INFO MyAppender - Data has been added and commited
2018-02-20 11:50:15,253 INFO MyAppender - Data has been added and commited
2018-02-20 11:50:15,270 INFO MyAppender - Data has been added and commited
2018-02-20 11:50:15,292 INFO MyAppender - Data has been added and commited
2018-02-20 11:50:15,327 INFO MyAppender - Data has been added and commited
2018-02-20 11:50:15,366 INFO MyAppender - Data has been added and commited
2018-02-20 11:50:15,401 INFO MyAppender - Data has been added and commited
2018-02-20 11:50:15,447 INFO MyAppender - Data has been added and commited
2018-02-20 11:50:15,500 INFO MyAppender - Data has been added and commited
2018-02-20 11:50:15,537 INFO MyAppender - Data has been added and commited
2018-02-20 11:50:15,588 INFO MyAppender - Data has been added and commited
2018-02-20 11:50:15,626 INFO MyAppender - Data has been added and commited
2018-02-20 11:50:15,687 INFO MyAppender - Data has been added and commited
2018-02-20 11:50:15,710 INFO MyAppender - Data has been added and commited
2018-02-20 11:50:15,735 INFO MyAppender - Data has been added and commited
2018-02-20 11:50:15,774 INFO MyAppender - Data has been added and commited
2018-02-20 11:50:15,826 INFO MyAppender - Data has been added and commited
2018-02-20 11:50:15,854 INFO MyAppender - Data has been added and commited
2018-02-20 11:50:15,891 INFO MyAppender - Data has been added and commited
2018-02-20 11:50:15,917 INFO MyAppender - Data has been added and commited
2018-02-20 11:50:15,943 INFO MyAppender - Data has been added and commited
2018-02-20 11:50:15,980 INFO MyAppender - Data has been added and commited
2018-02-20 11:50:16,014 INFO MyAppender - Data has been added and commited
2018-02-20 11:50:16,056 INFO MyAppender - Data has been added and commited
2018-02-20 11:50:16,086 INFO MyAppender - Data has been added and commited
2018-02-20 11:50:16,136 INFO MyAppender - Data has been added and commited
2018-02-20 11:50:16,171 INFO MyAppender - Data has been added and commited
2018-02-20 11:50:16,210 INFO MyAppender - Data has been added and commited
2018-02-20 11:50:16,244 INFO MyAppender - Data has been added and commited
2018-02-20 11:50:16,298 INFO MyAppender - Data has been added and commited
2018-02-20 11:50:16,332 INFO MyAppender - Data has been added and commited
2018-02-20 11:50:16,355 INFO MyAppender - Data has been added and commited
2018-02-20 11:50:16,398 INFO MyAppender - Data has been added and commited
2018-02-20 11:50:16,450 INFO MyAppender - Data has been added and commited
2018-02-20 11:50:16,497 INFO MyAppender - Data has been added and commited
2018-02-20 11:50:16,531 INFO MyAppender - Data has been added and commited
2018-02-20 11:50:16,586 INFO MyAppender - Data has been added and commited
2018-02-20 11:50:16,640 INFO MyAppender - Data has been added and commited
2018-02-20 11:50:16,684 INFO MyAppender - Data has been added and commited
2018-02-20 11:50:16,739 INFO MyAppender - Data has been added and commited
2018-02-20 11:50:16,820 INFO MyAppender - Data has been added and commited
2018-02-20 11:50:16,865 INFO MyAppender - Data has been added and commited
2018-02-20 11:50:16,930 INFO MyAppender - Data has been added and commited
2018-02-20 11:50:16,981 INFO MyAppender - Data has been added and commited
2018-02-20 11:50:17,029 INFO MyAppender - Data has been added and commited
2018-02-20 11:50:17,053 INFO MyAppender - Data has been added and commited
2018-02-20 11:50:17,074 INFO MyAppender - Data has been added and commited
2018-02-20 11:50:17,096 INFO MyAppender - Data has been added and commited
2018-02-20 11:50:17,150 INFO MyAppender - Data has been added and commited
2018-02-20 11:50:17,181 INFO MyAppender - Data has been added and commited
2018-02-20 11:50:17,207 INFO MyAppender - Data has been added and commited
2018-02-20 11:50:17,248 INFO MyAppender - Data has been added and commited
2018-02-20 11:50:17,284 INFO MyAppender - Data has been added and commited
2018-02-20 11:50:17,315 INFO MyAppender - Data has been added and commited
2018-02-20 11:50:17,368 INFO MyAppender - Data has been added and commited
2018-02-20 11:50:17,397 INFO MyAppender - Data has been added and commited
2018-02-20 11:50:17,437 INFO MyAppender - Data has been added and commited
2018-02-20 11:50:17,496 INFO MyAppender - Data has been added and commited
2018-02-20 11:50:17,527 INFO MyAppender - Data has been added and commited
2018-02-20 11:50:17,547 INFO MyAppender - Data has been added and commited
2018-02-20 11:50:17,583 INFO MyAppender - Data has been added and commited
2018-02-20 11:50:17,635 INFO MyAppender - Data has been added and commited
2018-02-20 11:50:17,674 INFO MyAppender - Data has been added and commited
2018-02-20 11:50:17,704 INFO MyAppender - Data has been added and commited
2018-02-20 11:50:17,731 INFO MyAppender - Data has been added and commited
2018-02-20 11:50:17,752 INFO MyAppender - Data has been added and commited
2018-02-20 11:50:17,776 INFO MyAppender - Data has been added and commited
2018-02-20 11:50:17,844 INFO MyAppender - Data has been added and commited
2018-02-20 11:50:17,875 INFO MyAppender - Data has been added and commited
2018-02-20 11:50:17,934 INFO MyAppender - Data has been added and commited
2018-02-20 11:50:17,965 INFO MyAppender - Data has been added and commited
2018-02-20 11:50:18,002 INFO MyAppender - Data has been added and commited
2018-02-20 11:50:18,044 INFO MyAppender - Data has been added and commited
2018-02-20 11:50:18,088 INFO MyAppender - Data has been added and commited
2018-02-20 11:50:18,119 INFO MyAppender - Data has been added and commited
2018-02-20 11:50:18,149 INFO MyAppender - Data has been added and commited
2018-02-20 11:50:18,185 INFO MyAppender - Data has been added and commited
2018-02-20 11:50:18,221 INFO MyAppender - Data has been added and commited
2018-02-20 11:50:18,254 INFO MyAppender - Data has been added and commited
2018-02-20 11:50:18,286 INFO MyAppender - Data has been added and commited
2018-02-20 11:50:18,319 INFO MyAppender - Data has been added and commited
2018-02-20 11:50:18,343 INFO MyAppender - Data has been added and commited
2018-02-20 11:50:18,384 INFO MyAppender - Data has been added and commited
2018-02-20 11:50:18,404 INFO MyAppender - Data has been added and commited
2018-02-20 11:50:18,458 INFO MyAppender - Data has been added and commited
2018-02-20 11:50:18,478 INFO MyAppender - Data has been added and commited
2018-02-20 11:50:18,524 INFO MyAppender - Data has been added and commited
2018-02-20 11:50:18,561 INFO MyAppender - Data has been added and commited
2018-02-20 11:50:18,592 INFO MyAppender - Data has been added and commited
2018-02-20 11:50:18,619 INFO MyAppender - Data has been added and commited
2018-02-20 11:50:18,644 INFO MyAppender - Data has been added and commited
2018-02-20 11:50:18,677 INFO MyAppender - Data has been added and commited
2018-02-20 11:50:18,722 INFO MyAppender - Data has been added and commited
2018-02-20 11:50:18,764 INFO MyAppender - Data has been added and commited
2018-02-20 11:50:18,813 INFO MyAppender - Data has been added and commited
2018-02-20 11:50:18,858 INFO MyAppender - Data has been added and commited
2018-02-20 11:50:18,891 INFO MyAppender - Data has been added and commited
2018-02-20 11:50:18,917 INFO MyAppender - Data has been added and commited
2018-02-20 11:50:18,941 INFO MyAppender - Data has been added and commited
2018-02-20 11:50:18,948 INFO MyAppender - connection is closing...

2018-02-20 11:50:18,956 INFO MyAppender - Closed

2018-02-20 11:50:18,982 INFO MyAppender - get To DO data
2018-02-20 11:50:18,989 INFO MyAppender - connection is starting...

2018-02-20 11:50:19,000 INFO MyAppender - Connected

2018-02-20 11:50:19,008 INFO MyAppender - get Todo function started
2018-02-20 11:50:19,014 INFO MyAppender - Query : select * from  all_todos
2018-02-20 11:50:19,028 INFO MyAppender - ordered successfully
2018-02-20 11:50:19,036 INFO MyAppender - ordered data[0].title : delectus aut autem
2018-02-20 11:50:19,043 INFO MyAppender - connection is closing...

2018-02-20 11:50:19,053 INFO MyAppender - Closed

2018-02-20 11:50:50,075 INFO MyAppender - get To DO data
2018-02-20 11:50:50,087 INFO MyAppender - connection is starting...

2018-02-20 11:50:50,101 INFO MyAppender - Connected

2018-02-20 11:50:50,110 INFO MyAppender - get Todo function started
2018-02-20 11:50:50,119 INFO MyAppender - Query : select * from  all_todos
2018-02-20 11:50:50,139 INFO MyAppender - ordered successfully
2018-02-20 11:50:50,153 INFO MyAppender - ordered data[0].title : delectus aut autem
2018-02-20 11:50:50,164 INFO MyAppender - connection is closing...

2018-02-20 11:50:50,174 INFO MyAppender - Closed

2018-02-20 11:51:34,293 INFO MyAppender - get To DO data
2018-02-20 11:51:34,307 INFO MyAppender - connection is starting...

2018-02-20 11:51:34,326 INFO MyAppender - Connected

2018-02-20 11:51:34,342 INFO MyAppender - get Todo function started
2018-02-20 11:51:34,353 INFO MyAppender - Query : select * from  all_todos
2018-02-20 11:51:34,376 INFO MyAppender - ordered successfully
2018-02-20 11:51:34,389 INFO MyAppender - ordered data[0].title : delectus aut autem
2018-02-20 11:51:34,400 INFO MyAppender - connection is closing...

2018-02-20 11:51:34,413 INFO MyAppender - Closed

2018-02-20 11:52:25,239 INFO MyAppender - get To DO data
2018-02-20 11:52:25,254 INFO MyAppender - connection is starting...

2018-02-20 11:52:25,575 INFO MyAppender - Connected

2018-02-20 11:52:25,587 INFO MyAppender - get Todo function started
2018-02-20 11:52:25,598 INFO MyAppender - Query : select * from  all_todos
2018-02-20 11:52:25,617 INFO MyAppender - ordered successfully
2018-02-20 11:52:25,627 INFO MyAppender - ordered data[0].title : delectus aut autem
2018-02-20 11:52:25,638 INFO MyAppender - connection is closing...

2018-02-20 11:52:25,645 INFO MyAppender - Closed

2018-02-20 11:52:48,225 INFO MyAppender - get To DO data
2018-02-20 11:52:48,235 INFO MyAppender - connection is starting...

2018-02-20 11:52:48,254 INFO MyAppender - Connected

2018-02-20 11:52:48,265 INFO MyAppender - get Todo function started
2018-02-20 11:52:48,278 INFO MyAppender - Query : select * from  all_todos
2018-02-20 11:52:48,299 INFO MyAppender - ordered successfully
2018-02-20 11:52:48,317 INFO MyAppender - ordered data[0].title : delectus aut autem
2018-02-20 11:52:48,330 INFO MyAppender - connection is closing...

2018-02-20 11:52:48,340 INFO MyAppender - Closed

2018-02-20 11:53:09,200 INFO MyAppender - get To DO data
2018-02-20 11:53:09,209 INFO MyAppender - connection is starting...

2018-02-20 11:53:09,224 INFO MyAppender - Connected

2018-02-20 11:53:09,235 INFO MyAppender - get Todo function started
2018-02-20 11:53:09,245 INFO MyAppender - Query : select * from  all_todos
2018-02-20 11:53:09,268 INFO MyAppender - ordered successfully
2018-02-20 11:53:09,281 INFO MyAppender - ordered data[0].title : delectus aut autem
2018-02-20 11:53:09,291 INFO MyAppender - connection is closing...

2018-02-20 11:53:09,307 INFO MyAppender - Closed

2018-02-20 11:53:43,379 INFO MyAppender - get To DO data
2018-02-20 11:53:43,389 INFO MyAppender - connection is starting...

2018-02-20 11:53:43,405 INFO MyAppender - Connected

2018-02-20 11:53:43,415 INFO MyAppender - get Todo function started
2018-02-20 11:53:43,424 INFO MyAppender - Query : select * from  all_todos
2018-02-20 11:53:43,441 INFO MyAppender - ordered successfully
2018-02-20 11:53:43,455 INFO MyAppender - ordered data[0].title : delectus aut autem
2018-02-20 11:53:43,467 INFO MyAppender - connection is closing...

2018-02-20 11:53:43,478 INFO MyAppender - Closed

2018-02-20 11:54:37,993 INFO MyAppender - get To DO data
2018-02-20 11:54:38,008 INFO MyAppender - connection is starting...

2018-02-20 11:54:38,042 INFO MyAppender - Connected

2018-02-20 11:54:38,052 INFO MyAppender - get Todo function started
2018-02-20 11:54:38,060 INFO MyAppender - Query : select * from  all_todos
2018-02-20 11:54:38,084 INFO MyAppender - ordered successfully
2018-02-20 11:54:38,093 INFO MyAppender - ordered data[0].title : delectus aut autem
2018-02-20 11:54:38,103 INFO MyAppender - connection is closing...

2018-02-20 11:54:38,113 INFO MyAppender - Closed

2018-02-20 11:55:20,263 INFO MyAppender - get To DO data
2018-02-20 11:55:20,278 INFO MyAppender - connection is starting...

2018-02-20 11:55:20,299 INFO MyAppender - Connected

2018-02-20 11:55:20,312 INFO MyAppender - get Todo function started
2018-02-20 11:55:20,324 INFO MyAppender - Query : select * from  all_todos
2018-02-20 11:55:20,343 INFO MyAppender - ordered successfully
2018-02-20 11:55:20,356 INFO MyAppender - ordered data[0].title : delectus aut autem
2018-02-20 11:55:20,376 INFO MyAppender - connection is closing...

2018-02-20 11:55:20,394 INFO MyAppender - Closed

2018-02-20 11:56:41,534 INFO MyAppender - get To DO data
2018-02-20 11:56:41,553 INFO MyAppender - connection is starting...

2018-02-20 11:56:41,570 INFO MyAppender - Connected

2018-02-20 11:56:41,581 INFO MyAppender - get Todo function started
2018-02-20 11:56:41,591 INFO MyAppender - Query : select * from  all_todos
2018-02-20 11:56:41,612 INFO MyAppender - ordered successfully
2018-02-20 11:56:41,624 INFO MyAppender - ordered data[0].title : delectus aut autem
2018-02-20 11:56:41,640 INFO MyAppender - connection is closing...

2018-02-20 11:56:41,654 INFO MyAppender - Closed

2018-02-20 11:57:23,803 INFO MyAppender - get To DO data
2018-02-20 11:57:23,829 INFO MyAppender - connection is starting...

2018-02-20 11:57:23,847 INFO MyAppender - Connected

2018-02-20 11:57:23,863 INFO MyAppender - get Todo function started
2018-02-20 11:57:23,872 INFO MyAppender - Query : select * from  all_todos
2018-02-20 11:57:23,898 INFO MyAppender - ordered successfully
2018-02-20 11:57:23,910 INFO MyAppender - ordered data[0].title : delectus aut autem
2018-02-20 11:57:23,930 INFO MyAppender - connection is closing...

2018-02-20 11:57:23,942 INFO MyAppender - Closed

2018-02-20 11:57:56,011 INFO MyAppender - get To DO data
2018-02-20 11:57:56,019 INFO MyAppender - connection is starting...

2018-02-20 11:57:56,046 INFO MyAppender - Connected

2018-02-20 11:57:56,060 INFO MyAppender - get Todo function started
2018-02-20 11:57:56,088 INFO MyAppender - Query : select * from  all_todos
2018-02-20 11:57:56,110 INFO MyAppender - ordered successfully
2018-02-20 11:57:56,123 INFO MyAppender - ordered data[0].title : delectus aut autem
2018-02-20 11:57:56,142 INFO MyAppender - connection is closing...

2018-02-20 11:57:56,154 INFO MyAppender - Closed

2018-02-20 11:58:33,494 INFO MyAppender - get To DO data
2018-02-20 11:58:33,506 INFO MyAppender - connection is starting...

2018-02-20 11:58:33,596 INFO MyAppender - Connected

2018-02-20 11:58:33,613 INFO MyAppender - get Todo function started
2018-02-20 11:58:33,634 INFO MyAppender - Query : select * from  all_todos
2018-02-20 11:58:34,206 INFO MyAppender - ordered successfully
2018-02-20 11:58:34,215 INFO MyAppender - ordered data[0].title : delectus aut autem
2018-02-20 11:58:34,223 INFO MyAppender - connection is closing...

2018-02-20 11:58:34,234 INFO MyAppender - Closed

2018-02-20 11:59:10,019 INFO MyAppender - get To DO data
2018-02-20 11:59:10,029 INFO MyAppender - connection is starting...

2018-02-20 11:59:10,047 INFO MyAppender - Connected

2018-02-20 11:59:10,059 INFO MyAppender - get Todo function started
2018-02-20 11:59:10,076 INFO MyAppender - Query : select * from  all_todos
2018-02-20 11:59:10,100 INFO MyAppender - ordered successfully
2018-02-20 11:59:10,109 INFO MyAppender - ordered data[0].title : delectus aut autem
2018-02-20 11:59:10,120 INFO MyAppender - connection is closing...

2018-02-20 11:59:10,132 INFO MyAppender - Closed

2018-02-20 11:59:27,785 INFO MyAppender - get To DO data
2018-02-20 11:59:27,794 INFO MyAppender - connection is starting...

2018-02-20 11:59:27,823 INFO MyAppender - Connected

2018-02-20 11:59:27,839 INFO MyAppender - get Todo function started
2018-02-20 11:59:27,850 INFO MyAppender - Query : select * from  all_todos
2018-02-20 11:59:27,878 INFO MyAppender - ordered successfully
2018-02-20 11:59:27,890 INFO MyAppender - ordered data[0].title : delectus aut autem
2018-02-20 11:59:27,903 INFO MyAppender - connection is closing...

2018-02-20 11:59:27,916 INFO MyAppender - Closed

2018-02-20 11:59:50,484 INFO MyAppender - get To DO data
2018-02-20 11:59:50,505 INFO MyAppender - connection is starting...

2018-02-20 11:59:50,532 INFO MyAppender - Connected

2018-02-20 11:59:50,545 INFO MyAppender - get Todo function started
2018-02-20 11:59:50,554 INFO MyAppender - Query : select * from  all_todos
2018-02-20 11:59:50,581 INFO MyAppender - ordered successfully
2018-02-20 11:59:50,590 INFO MyAppender - ordered data[0].title : delectus aut autem
2018-02-20 11:59:50,600 INFO MyAppender - connection is closing...

2018-02-20 11:59:50,612 INFO MyAppender - Closed

2018-02-20 12:00:01,239 INFO MyAppender - get To DO data
2018-02-20 12:00:01,250 INFO MyAppender - connection is starting...

2018-02-20 12:00:01,265 INFO MyAppender - Connected

2018-02-20 12:00:01,277 INFO MyAppender - get Todo function started
2018-02-20 12:00:01,293 INFO MyAppender - Query : select * from  all_todos
2018-02-20 12:00:01,320 INFO MyAppender - ordered successfully
2018-02-20 12:00:01,334 INFO MyAppender - ordered data[0].title : delectus aut autem
2018-02-20 12:00:01,345 INFO MyAppender - connection is closing...

2018-02-20 12:00:01,357 INFO MyAppender - Closed

2018-02-20 12:00:04,498 INFO MyAppender - get To DO data
2018-02-20 12:00:04,510 INFO MyAppender - connection is starting...

2018-02-20 12:00:04,529 INFO MyAppender - Connected

2018-02-20 12:00:04,544 INFO MyAppender - get Todo function started
2018-02-20 12:00:04,558 INFO MyAppender - Query : select * from  all_todos
2018-02-20 12:00:04,577 INFO MyAppender - ordered successfully
2018-02-20 12:00:04,589 INFO MyAppender - ordered data[0].title : delectus aut autem
2018-02-20 12:00:04,599 INFO MyAppender - connection is closing...

2018-02-20 12:00:04,610 INFO MyAppender - Closed

2018-02-20 12:00:13,711 INFO MyAppender - get To DO data
2018-02-20 12:00:13,724 INFO MyAppender - connection is starting...

2018-02-20 12:00:13,749 INFO MyAppender - Connected

2018-02-20 12:00:13,763 INFO MyAppender - get Todo function started
2018-02-20 12:00:13,779 INFO MyAppender - Query : select * from  all_todos
2018-02-20 12:00:13,828 INFO MyAppender - ordered successfully
2018-02-20 12:00:13,839 INFO MyAppender - ordered data[0].title : delectus aut autem
2018-02-20 12:00:13,849 INFO MyAppender - connection is closing...

2018-02-20 12:00:13,861 INFO MyAppender - Closed

2018-02-20 12:00:17,481 INFO MyAppender - get To DO data
2018-02-20 12:00:17,494 INFO MyAppender - connection is starting...

2018-02-20 12:00:17,511 INFO MyAppender - Connected

2018-02-20 12:00:17,524 INFO MyAppender - get Todo function started
2018-02-20 12:00:17,540 INFO MyAppender - Query : select * from  all_todos
2018-02-20 12:00:17,565 INFO MyAppender - ordered successfully
2018-02-20 12:00:17,578 INFO MyAppender - ordered data[0].title : delectus aut autem
2018-02-20 12:00:17,589 INFO MyAppender - connection is closing...

2018-02-20 12:00:17,600 INFO MyAppender - Closed

2018-02-20 12:00:22,598 INFO MyAppender - get To DO data
2018-02-20 12:00:22,611 INFO MyAppender - connection is starting...

2018-02-20 12:00:22,638 INFO MyAppender - Connected

2018-02-20 12:00:22,653 INFO MyAppender - get Todo function started
2018-02-20 12:00:22,666 INFO MyAppender - Query : select * from  all_todos
2018-02-20 12:00:22,690 INFO MyAppender - ordered successfully
2018-02-20 12:00:22,700 INFO MyAppender - ordered data[0].title : delectus aut autem
2018-02-20 12:00:22,713 INFO MyAppender - connection is closing...

2018-02-20 12:00:22,726 INFO MyAppender - Closed

2018-02-20 13:07:54,500 INFO MyAppender - get To DO data
2018-02-20 13:07:54,511 INFO MyAppender - connection is starting...

2018-02-20 13:08:13,555 INFO MyAppender - Connected

2018-02-20 13:08:13,568 INFO MyAppender - get Todo function started
2018-02-20 13:08:13,586 INFO MyAppender - Query : select * from  all_todos
2018-02-20 13:08:13,602 INFO MyAppender - ordered successfully
2018-02-20 13:08:13,618 INFO MyAppender - ordered data[0].title : delectus aut autem
2018-02-20 13:08:13,625 INFO MyAppender - connection is closing...

2018-02-20 13:08:13,633 INFO MyAppender - Closed

2018-02-20 13:08:14,415 INFO MyAppender - get To DO data
2018-02-20 13:08:14,427 INFO MyAppender - connection is starting...

2018-02-20 13:08:14,443 INFO MyAppender - Connected

2018-02-20 13:08:14,462 INFO MyAppender - get Todo function started
2018-02-20 13:08:14,489 INFO MyAppender - Query : select * from  all_todos
2018-02-20 13:08:14,516 INFO MyAppender - ordered successfully
2018-02-20 13:08:14,539 INFO MyAppender - ordered data[0].title : delectus aut autem
2018-02-20 13:08:14,569 INFO MyAppender - connection is closing...

2018-02-20 13:08:14,587 INFO MyAppender - Closed

2018-02-20 13:08:24,259 INFO MyAppender - get To DO data
2018-02-20 13:08:24,271 INFO MyAppender - connection is starting...

2018-02-20 13:08:24,294 INFO MyAppender - Connected

2018-02-20 13:08:24,308 INFO MyAppender - get Todo function started
2018-02-20 13:08:24,319 INFO MyAppender - Query : select * from  all_todos
2018-02-20 13:08:24,338 INFO MyAppender - ordered successfully
2018-02-20 13:08:24,353 INFO MyAppender - ordered data[0].title : delectus aut autem
2018-02-20 13:08:24,368 INFO MyAppender - connection is closing...

2018-02-20 13:08:24,377 INFO MyAppender - Closed

2018-02-20 13:12:16,091 INFO MyAppender - get To DO data
2018-02-20 13:12:16,098 INFO MyAppender - connection is starting...

2018-02-20 13:12:16,117 INFO MyAppender - Connected

2018-02-20 13:12:16,129 INFO MyAppender - get Todo function started
2018-02-20 13:12:16,144 INFO MyAppender - Query : select * from  all_todos
2018-02-20 13:12:16,163 INFO MyAppender - ordered successfully
2018-02-20 13:12:16,190 INFO MyAppender - ordered data[0].title : delectus aut autem
2018-02-20 13:12:16,202 INFO MyAppender - connection is closing...

2018-02-20 13:12:16,219 INFO MyAppender - Closed

2018-02-20 13:12:31,546 INFO MyAppender - get To DO data
2018-02-20 13:12:31,555 INFO MyAppender - connection is starting...

2018-02-20 13:12:31,570 INFO MyAppender - Connected

2018-02-20 13:12:31,580 INFO MyAppender - get Todo function started
2018-02-20 13:12:31,591 INFO MyAppender - Query : select * from  all_todos
2018-02-20 13:12:31,609 INFO MyAppender - ordered successfully
2018-02-20 13:12:31,625 INFO MyAppender - ordered data[0].title : delectus aut autem
2018-02-20 13:12:31,637 INFO MyAppender - connection is closing...

2018-02-20 13:12:31,646 INFO MyAppender - Closed

2018-02-20 13:12:47,598 INFO MyAppender - get To DO data
2018-02-20 13:12:47,608 INFO MyAppender - connection is starting...

2018-02-20 13:12:47,627 INFO MyAppender - Connected

2018-02-20 13:12:47,637 INFO MyAppender - get Todo function started
2018-02-20 13:12:47,654 INFO MyAppender - Query : select * from  all_todos
2018-02-20 13:12:47,676 INFO MyAppender - ordered successfully
2018-02-20 13:12:47,690 INFO MyAppender - ordered data[0].title : delectus aut autem
2018-02-20 13:12:47,713 INFO MyAppender - connection is closing...

2018-02-20 13:12:47,722 INFO MyAppender - Closed

2018-02-20 13:17:01,085 INFO MyAppender - get To DO data
2018-02-20 13:17:01,096 INFO MyAppender - connection is starting...

2018-02-20 13:17:01,118 INFO MyAppender - Connected

2018-02-20 13:17:01,131 INFO MyAppender - get Todo function started
2018-02-20 13:17:01,143 INFO MyAppender - Query : select * from  all_todos
2018-02-20 13:17:01,164 INFO MyAppender - ordered successfully
2018-02-20 13:17:01,179 INFO MyAppender - ordered data[0].title : delectus aut autem
2018-02-20 13:17:01,198 INFO MyAppender - connection is closing...

2018-02-20 13:17:01,208 INFO MyAppender - Closed

2018-02-20 13:17:22,332 INFO MyAppender - get To DO data
2018-02-20 13:17:22,343 INFO MyAppender - connection is starting...

2018-02-20 13:17:22,366 INFO MyAppender - Connected

2018-02-20 13:17:22,378 INFO MyAppender - get Todo function started
2018-02-20 13:17:22,404 INFO MyAppender - Query : select * from  all_todos
2018-02-20 13:17:22,428 INFO MyAppender - ordered successfully
2018-02-20 13:17:22,445 INFO MyAppender - ordered data[0].title : delectus aut autem
2018-02-20 13:17:22,462 INFO MyAppender - connection is closing...

2018-02-20 13:17:22,472 INFO MyAppender - Closed

2018-02-20 13:18:15,284 INFO MyAppender - get To DO data
2018-02-20 13:18:15,298 INFO MyAppender - connection is starting...

2018-02-20 13:18:15,313 INFO MyAppender - Connected

2018-02-20 13:18:15,324 INFO MyAppender - get Todo function started
2018-02-20 13:18:15,340 INFO MyAppender - Query : select * from  all_todos
2018-02-20 13:18:15,365 INFO MyAppender - ordered successfully
2018-02-20 13:18:15,391 INFO MyAppender - ordered data[0].title : delectus aut autem
2018-02-20 13:18:15,400 INFO MyAppender - connection is closing...

2018-02-20 13:18:15,412 INFO MyAppender - Closed

2018-02-20 13:18:24,518 INFO MyAppender - get To DO data
2018-02-20 13:18:24,530 INFO MyAppender - connection is starting...

2018-02-20 13:18:24,544 INFO MyAppender - Connected

2018-02-20 13:18:24,553 INFO MyAppender - get Todo function started
2018-02-20 13:18:24,572 INFO MyAppender - Query : select * from  all_todos
2018-02-20 13:18:24,601 INFO MyAppender - ordered successfully
2018-02-20 13:18:24,616 INFO MyAppender - ordered data[0].title : delectus aut autem
2018-02-20 13:18:24,625 INFO MyAppender - connection is closing...

2018-02-20 13:18:24,636 INFO MyAppender - Closed

2018-02-20 13:18:27,567 INFO MyAppender - get To DO data
2018-02-20 13:18:27,589 INFO MyAppender - connection is starting...

2018-02-20 13:18:27,615 INFO MyAppender - Connected

2018-02-20 13:18:27,632 INFO MyAppender - get Todo function started
2018-02-20 13:18:27,644 INFO MyAppender - Query : select * from  all_todos
2018-02-20 13:18:27,666 INFO MyAppender - ordered successfully
2018-02-20 13:18:27,682 INFO MyAppender - ordered data[0].title : delectus aut autem
2018-02-20 13:18:27,696 INFO MyAppender - connection is closing...

2018-02-20 13:18:27,711 INFO MyAppender - Closed

2018-02-20 13:19:24,561 INFO MyAppender - get To DO data
2018-02-20 13:19:24,575 INFO MyAppender - connection is starting...

2018-02-20 13:19:24,592 INFO MyAppender - Connected

2018-02-20 13:19:24,602 INFO MyAppender - get Todo function started
2018-02-20 13:19:24,612 INFO MyAppender - Query : select * from  all_todos
2018-02-20 13:19:24,632 INFO MyAppender - ordered successfully
2018-02-20 13:19:24,648 INFO MyAppender - ordered data[0].title : delectus aut autem
2018-02-20 13:19:24,660 INFO MyAppender - connection is closing...

2018-02-20 13:19:24,680 INFO MyAppender - Closed

2018-02-20 13:20:12,539 INFO MyAppender - get To DO data
2018-02-20 13:20:12,554 INFO MyAppender - connection is starting...

2018-02-20 13:20:12,573 INFO MyAppender - Connected

2018-02-20 13:20:12,583 INFO MyAppender - get Todo function started
2018-02-20 13:20:12,598 INFO MyAppender - Query : select * from  all_todos
2018-02-20 13:20:12,620 INFO MyAppender - ordered successfully
2018-02-20 13:20:12,631 INFO MyAppender - ordered data[0].title : delectus aut autem
2018-02-20 13:20:12,642 INFO MyAppender - connection is closing...

2018-02-20 13:20:12,652 INFO MyAppender - Closed

2018-02-20 13:20:16,183 INFO MyAppender - get To DO data
2018-02-20 13:20:16,193 INFO MyAppender - connection is starting...

2018-02-20 13:20:16,210 INFO MyAppender - Connected

2018-02-20 13:20:16,219 INFO MyAppender - get Todo function started
2018-02-20 13:20:16,228 INFO MyAppender - Query : select * from  all_todos
2018-02-20 13:20:16,244 INFO MyAppender - ordered successfully
2018-02-20 13:20:16,255 INFO MyAppender - ordered data[0].title : delectus aut autem
2018-02-20 13:20:16,264 INFO MyAppender - connection is closing...

2018-02-20 13:20:16,274 INFO MyAppender - Closed

2018-02-20 13:20:25,761 INFO MyAppender - get To DO data
2018-02-20 13:20:25,771 INFO MyAppender - connection is starting...

2018-02-20 13:20:25,795 INFO MyAppender - Connected

2018-02-20 13:20:25,815 INFO MyAppender - get Todo function started
2018-02-20 13:20:25,829 INFO MyAppender - Query : select * from  all_todos
2018-02-20 13:20:25,855 INFO MyAppender - ordered successfully
2018-02-20 13:20:25,866 INFO MyAppender - ordered data[0].title : delectus aut autem
2018-02-20 13:20:25,881 INFO MyAppender - connection is closing...

2018-02-20 13:20:25,897 INFO MyAppender - Closed

2018-02-20 13:21:40,548 INFO MyAppender - get To DO data
2018-02-20 13:21:40,561 INFO MyAppender - connection is starting...

2018-02-20 13:21:40,586 INFO MyAppender - Connected

2018-02-20 13:21:40,602 INFO MyAppender - get Todo function started
2018-02-20 13:21:40,615 INFO MyAppender - Query : select * from  all_todos
2018-02-20 13:21:40,642 INFO MyAppender - ordered successfully
2018-02-20 13:21:40,656 INFO MyAppender - ordered data[0].title : delectus aut autem
2018-02-20 13:21:40,671 INFO MyAppender - connection is closing...

2018-02-20 13:21:40,681 INFO MyAppender - Closed

2018-02-20 13:22:12,748 INFO MyAppender - get To DO data
2018-02-20 13:22:12,776 INFO MyAppender - connection is starting...

2018-02-20 13:22:12,806 INFO MyAppender - Connected

2018-02-20 13:22:12,822 INFO MyAppender - get Todo function started
2018-02-20 13:22:12,833 INFO MyAppender - Query : select * from  all_todos
2018-02-20 13:22:12,854 INFO MyAppender - ordered successfully
2018-02-20 13:22:12,868 INFO MyAppender - ordered data[0].title : delectus aut autem
2018-02-20 13:22:12,877 INFO MyAppender - connection is closing...

2018-02-20 13:22:12,888 INFO MyAppender - Closed

2018-02-20 13:22:27,314 INFO MyAppender - get To DO data
2018-02-20 13:22:27,326 INFO MyAppender - connection is starting...

2018-02-20 13:22:27,342 INFO MyAppender - Connected

2018-02-20 13:22:27,354 INFO MyAppender - get Todo function started
2018-02-20 13:22:27,371 INFO MyAppender - Query : select * from  all_todos
2018-02-20 13:22:27,393 INFO MyAppender - ordered successfully
2018-02-20 13:22:27,411 INFO MyAppender - ordered data[0].title : delectus aut autem
2018-02-20 13:22:27,423 INFO MyAppender - connection is closing...

2018-02-20 13:22:27,434 INFO MyAppender - Closed

2018-02-20 13:23:18,302 INFO MyAppender - get To DO data
2018-02-20 13:23:18,315 INFO MyAppender - connection is starting...

2018-02-20 13:23:18,340 INFO MyAppender - Connected

2018-02-20 13:23:18,352 INFO MyAppender - get Todo function started
2018-02-20 13:23:18,367 INFO MyAppender - Query : select * from  all_todos
2018-02-20 13:23:18,387 INFO MyAppender - ordered successfully
2018-02-20 13:23:18,402 INFO MyAppender - ordered data[0].title : delectus aut autem
2018-02-20 13:23:18,413 INFO MyAppender - connection is closing...

2018-02-20 13:23:18,424 INFO MyAppender - Closed

2018-02-20 13:24:24,791 INFO MyAppender - get To DO data
2018-02-20 13:24:24,804 INFO MyAppender - connection is starting...

2018-02-20 13:24:24,824 INFO MyAppender - Connected

2018-02-20 13:24:24,837 INFO MyAppender - get Todo function started
2018-02-20 13:24:24,852 INFO MyAppender - Query : select * from  all_todos
2018-02-20 13:24:24,873 INFO MyAppender - ordered successfully
2018-02-20 13:24:24,886 INFO MyAppender - ordered data[0].title : delectus aut autem
2018-02-20 13:24:24,899 INFO MyAppender - connection is closing...

2018-02-20 13:24:24,924 INFO MyAppender - Closed

2018-02-20 13:24:39,370 INFO MyAppender - get To DO data
2018-02-20 13:24:39,388 INFO MyAppender - connection is starting...

2018-02-20 13:24:39,408 INFO MyAppender - Connected

2018-02-20 13:24:39,427 INFO MyAppender - get Todo function started
2018-02-20 13:24:39,442 INFO MyAppender - Query : select * from  all_todos
2018-02-20 13:24:39,460 INFO MyAppender - ordered successfully
2018-02-20 13:24:39,471 INFO MyAppender - ordered data[0].title : delectus aut autem
2018-02-20 13:24:39,486 INFO MyAppender - connection is closing...

2018-02-20 13:24:39,499 INFO MyAppender - Closed

2018-02-20 13:25:41,027 INFO MyAppender - get To DO data
2018-02-20 13:25:41,042 INFO MyAppender - connection is starting...

2018-02-20 13:25:41,061 INFO MyAppender - Connected

2018-02-20 13:25:41,074 INFO MyAppender - get Todo function started
2018-02-20 13:25:41,095 INFO MyAppender - Query : select * from  all_todos
2018-02-20 13:25:41,119 INFO MyAppender - ordered successfully
2018-02-20 13:25:41,139 INFO MyAppender - ordered data[0].title : delectus aut autem
2018-02-20 13:25:41,152 INFO MyAppender - connection is closing...

2018-02-20 13:25:41,171 INFO MyAppender - Closed

2018-02-20 13:25:49,592 INFO MyAppender - get To DO data
2018-02-20 13:25:49,606 INFO MyAppender - connection is starting...

2018-02-20 13:25:49,623 INFO MyAppender - Connected

2018-02-20 13:25:49,634 INFO MyAppender - get Todo function started
2018-02-20 13:25:49,644 INFO MyAppender - Query : select * from  all_todos
2018-02-20 13:25:49,663 INFO MyAppender - ordered successfully
2018-02-20 13:25:49,674 INFO MyAppender - ordered data[0].title : delectus aut autem
2018-02-20 13:25:49,693 INFO MyAppender - connection is closing...

2018-02-20 13:25:49,707 INFO MyAppender - Closed

2018-02-20 13:25:53,854 INFO MyAppender - get To DO data
2018-02-20 13:25:53,867 INFO MyAppender - connection is starting...

2018-02-20 13:25:53,911 INFO MyAppender - Connected

2018-02-20 13:25:53,921 INFO MyAppender - get Todo function started
2018-02-20 13:25:53,934 INFO MyAppender - Query : select * from  all_todos
2018-02-20 13:25:53,956 INFO MyAppender - ordered successfully
2018-02-20 13:25:53,981 INFO MyAppender - ordered data[0].title : delectus aut autem
2018-02-20 13:25:53,996 INFO MyAppender - connection is closing...

2018-02-20 13:25:54,007 INFO MyAppender - Closed

2018-02-20 13:48:32,903 INFO MyAppender - get To DO data
2018-02-20 13:48:32,917 INFO MyAppender - connection is starting...

2018-02-20 13:48:32,937 INFO MyAppender - Connected

2018-02-20 13:48:32,947 INFO MyAppender - get Todo function started
2018-02-20 13:48:32,962 INFO MyAppender - Query : select * from  all_todos
2018-02-20 13:48:32,983 INFO MyAppender - ordered successfully
2018-02-20 13:48:32,997 INFO MyAppender - ordered data[0].title : delectus aut autem
2018-02-20 13:48:33,014 INFO MyAppender - connection is closing...

2018-02-20 13:48:33,037 INFO MyAppender - Closed

2018-02-20 13:49:00,281 INFO MyAppender - get To DO data
2018-02-20 13:49:00,292 INFO MyAppender - connection is starting...

2018-02-20 13:49:00,341 INFO MyAppender - Connected

2018-02-20 13:49:00,353 INFO MyAppender - get Todo function started
2018-02-20 13:49:00,366 INFO MyAppender - Query : select * from  all_todos
2018-02-20 13:49:00,391 INFO MyAppender - ordered successfully
2018-02-20 13:49:00,403 INFO MyAppender - ordered data[0].title : delectus aut autem
2018-02-20 13:49:00,412 INFO MyAppender - connection is closing...

2018-02-20 13:49:00,423 INFO MyAppender - Closed

2018-02-20 14:17:29,497 INFO MyAppender - get To DO data
2018-02-20 14:17:29,510 INFO MyAppender - connection is starting...

2018-02-20 14:17:29,530 INFO MyAppender - Connected

2018-02-20 14:17:29,544 INFO MyAppender - get Todo function started
2018-02-20 14:17:29,555 INFO MyAppender - Query : select * from  all_todos
2018-02-20 14:17:29,575 INFO MyAppender - ordered successfully
2018-02-20 14:17:29,586 INFO MyAppender - ordered data[0].title : delectus aut autem
2018-02-20 14:17:29,598 INFO MyAppender - connection is closing...

2018-02-20 14:17:29,610 INFO MyAppender - Closed

2018-02-20 14:18:22,181 INFO MyAppender - get To DO data
2018-02-20 14:18:22,195 INFO MyAppender - connection is starting...

2018-02-20 14:18:22,222 INFO MyAppender - Connected

2018-02-20 14:18:22,241 INFO MyAppender - get Todo function started
2018-02-20 14:18:22,255 INFO MyAppender - Query : select * from  all_todos
2018-02-20 14:18:22,284 INFO MyAppender - ordered successfully
2018-02-20 14:18:22,300 INFO MyAppender - ordered data[0].title : delectus aut autem
2018-02-20 14:18:22,310 INFO MyAppender - connection is closing...

2018-02-20 14:18:22,323 INFO MyAppender - Closed

2018-02-20 14:18:42,449 INFO MyAppender - get To DO data
2018-02-20 14:18:42,472 INFO MyAppender - connection is starting...

2018-02-20 14:18:42,714 INFO MyAppender - Connected

2018-02-20 14:18:42,725 INFO MyAppender - get Todo function started
2018-02-20 14:18:42,735 INFO MyAppender - Query : select * from  all_todos
2018-02-20 14:18:43,037 INFO MyAppender - ordered successfully
2018-02-20 14:18:43,046 INFO MyAppender - ordered data[0].title : delectus aut autem
2018-02-20 14:18:43,054 INFO MyAppender - connection is closing...

2018-02-20 14:18:43,061 INFO MyAppender - Closed

2018-02-20 14:19:12,749 INFO MyAppender - get To DO data
2018-02-20 14:19:12,759 INFO MyAppender - connection is starting...

2018-02-20 14:19:12,777 INFO MyAppender - Connected

2018-02-20 14:19:12,789 INFO MyAppender - get Todo function started
2018-02-20 14:19:12,798 INFO MyAppender - Query : select * from  all_todos
2018-02-20 14:19:12,821 INFO MyAppender - ordered successfully
2018-02-20 14:19:12,840 INFO MyAppender - ordered data[0].title : delectus aut autem
2018-02-20 14:19:12,851 INFO MyAppender - connection is closing...

2018-02-20 14:19:12,864 INFO MyAppender - Closed

2018-02-20 14:19:45,395 INFO MyAppender - get To DO data
2018-02-20 14:19:45,413 INFO MyAppender - connection is starting...

2018-02-20 14:19:45,437 INFO MyAppender - Connected

2018-02-20 14:19:45,453 INFO MyAppender - get Todo function started
2018-02-20 14:19:45,464 INFO MyAppender - Query : select * from  all_todos
2018-02-20 14:19:45,489 INFO MyAppender - ordered successfully
2018-02-20 14:19:45,506 INFO MyAppender - ordered data[0].title : delectus aut autem
2018-02-20 14:19:45,527 INFO MyAppender - connection is closing...

2018-02-20 14:19:45,540 INFO MyAppender - Closed

2018-02-20 14:19:49,243 INFO MyAppender - get To DO data
2018-02-20 14:19:49,257 INFO MyAppender - connection is starting...

2018-02-20 14:19:49,344 INFO MyAppender - Connected

2018-02-20 14:19:49,358 INFO MyAppender - get Todo function started
2018-02-20 14:19:49,373 INFO MyAppender - Query : select * from  all_todos
2018-02-20 14:19:49,404 INFO MyAppender - ordered successfully
2018-02-20 14:19:49,415 INFO MyAppender - ordered data[0].title : delectus aut autem
2018-02-20 14:19:49,425 INFO MyAppender - connection is closing...

2018-02-20 14:19:49,438 INFO MyAppender - Closed

2018-02-20 14:20:06,933 INFO MyAppender - get To DO data
2018-02-20 14:20:06,949 INFO MyAppender - connection is starting...

2018-02-20 14:20:06,970 INFO MyAppender - Connected

2018-02-20 14:20:06,986 INFO MyAppender - get Todo function started
2018-02-20 14:20:06,998 INFO MyAppender - Query : select * from  all_todos
2018-02-20 14:20:07,021 INFO MyAppender - ordered successfully
2018-02-20 14:20:07,039 INFO MyAppender - ordered data[0].title : delectus aut autem
2018-02-20 14:20:07,076 INFO MyAppender - connection is closing...

2018-02-20 14:20:07,101 INFO MyAppender - Closed

2018-02-20 14:20:15,123 INFO MyAppender - get To DO data
2018-02-20 14:20:15,139 INFO MyAppender - connection is starting...

2018-02-20 14:20:15,156 INFO MyAppender - Connected

2018-02-20 14:20:15,167 INFO MyAppender - get Todo function started
2018-02-20 14:20:15,183 INFO MyAppender - Query : select * from  all_todos
2018-02-20 14:20:15,214 INFO MyAppender - ordered successfully
2018-02-20 14:20:15,236 INFO MyAppender - ordered data[0].title : delectus aut autem
2018-02-20 14:20:15,246 INFO MyAppender - connection is closing...

2018-02-20 14:20:15,257 INFO MyAppender - Closed

2018-02-20 14:20:56,380 INFO MyAppender - get To DO data
2018-02-20 14:20:56,402 INFO MyAppender - connection is starting...

2018-02-20 14:20:56,659 INFO MyAppender - Connected

2018-02-20 14:20:56,669 INFO MyAppender - get Todo function started
2018-02-20 14:20:56,679 INFO MyAppender - Query : select * from  all_todos
2018-02-20 14:20:56,976 INFO MyAppender - ordered successfully
2018-02-20 14:20:56,984 INFO MyAppender - ordered data[0].title : delectus aut autem
2018-02-20 14:20:56,994 INFO MyAppender - connection is closing...

2018-02-20 14:20:57,001 INFO MyAppender - Closed

2018-02-20 14:21:29,189 INFO MyAppender - get To DO data
2018-02-20 14:21:29,201 INFO MyAppender - connection is starting...

2018-02-20 14:21:29,221 INFO MyAppender - Connected

2018-02-20 14:21:29,250 INFO MyAppender - get Todo function started
2018-02-20 14:21:29,269 INFO MyAppender - Query : select * from  all_todos
2018-02-20 14:21:29,289 INFO MyAppender - ordered successfully
2018-02-20 14:21:29,322 INFO MyAppender - ordered data[0].title : delectus aut autem
2018-02-20 14:21:29,343 INFO MyAppender - connection is closing...

2018-02-20 14:21:29,356 INFO MyAppender - Closed

2018-02-20 14:21:48,645 INFO MyAppender - get To DO data
2018-02-20 14:21:48,654 INFO MyAppender - connection is starting...

2018-02-20 14:21:48,693 INFO MyAppender - Connected

2018-02-20 14:21:48,704 INFO MyAppender - get Todo function started
2018-02-20 14:21:48,720 INFO MyAppender - Query : select * from  all_todos
2018-02-20 14:21:48,758 INFO MyAppender - ordered successfully
2018-02-20 14:21:48,775 INFO MyAppender - ordered data[0].title : delectus aut autem
2018-02-20 14:21:48,785 INFO MyAppender - connection is closing...

2018-02-20 14:21:48,799 INFO MyAppender - Closed

2018-02-20 14:22:59,490 INFO MyAppender - get To DO data
2018-02-20 14:22:59,505 INFO MyAppender - connection is starting...

2018-02-20 14:22:59,530 INFO MyAppender - Connected

2018-02-20 14:22:59,551 INFO MyAppender - get Todo function started
2018-02-20 14:22:59,566 INFO MyAppender - Query : select * from  all_todos
2018-02-20 14:22:59,590 INFO MyAppender - ordered successfully
2018-02-20 14:22:59,606 INFO MyAppender - ordered data[0].title : delectus aut autem
2018-02-20 14:22:59,619 INFO MyAppender - connection is closing...

2018-02-20 14:22:59,630 INFO MyAppender - Closed

2018-02-20 14:23:15,750 INFO MyAppender - get To DO data
2018-02-20 14:23:15,761 INFO MyAppender - connection is starting...

2018-02-20 14:23:15,780 INFO MyAppender - Connected

2018-02-20 14:23:15,790 INFO MyAppender - get Todo function started
2018-02-20 14:23:15,801 INFO MyAppender - Query : select * from  all_todos
2018-02-20 14:23:15,820 INFO MyAppender - ordered successfully
2018-02-20 14:23:15,838 INFO MyAppender - ordered data[0].title : delectus aut autem
2018-02-20 14:23:15,852 INFO MyAppender - connection is closing...

2018-02-20 14:23:15,864 INFO MyAppender - Closed

2018-02-20 14:24:07,523 INFO MyAppender - get To DO data
2018-02-20 14:24:07,540 INFO MyAppender - connection is starting...

2018-02-20 14:24:07,561 INFO MyAppender - Connected

2018-02-20 14:24:07,573 INFO MyAppender - get Todo function started
2018-02-20 14:24:07,584 INFO MyAppender - Query : select * from  all_todos
2018-02-20 14:24:07,604 INFO MyAppender - ordered successfully
2018-02-20 14:24:07,616 INFO MyAppender - ordered data[0].title : delectus aut autem
2018-02-20 14:24:07,627 INFO MyAppender - connection is closing...

2018-02-20 14:24:07,637 INFO MyAppender - Closed

2018-02-20 14:24:46,319 INFO MyAppender - get To DO data
2018-02-20 14:24:46,330 INFO MyAppender - connection is starting...

2018-02-20 14:24:46,347 INFO MyAppender - Connected

2018-02-20 14:24:46,362 INFO MyAppender - get Todo function started
2018-02-20 14:24:46,376 INFO MyAppender - Query : select * from  all_todos
2018-02-20 14:24:46,393 INFO MyAppender - ordered successfully
2018-02-20 14:24:46,406 INFO MyAppender - ordered data[0].title : delectus aut autem
2018-02-20 14:24:46,421 INFO MyAppender - connection is closing...

2018-02-20 14:24:46,431 INFO MyAppender - Closed

2018-02-20 14:25:09,839 INFO MyAppender - get To DO data
2018-02-20 14:25:09,854 INFO MyAppender - connection is starting...

2018-02-20 14:25:09,871 INFO MyAppender - Connected

2018-02-20 14:25:09,883 INFO MyAppender - get Todo function started
2018-02-20 14:25:09,893 INFO MyAppender - Query : select * from  all_todos
2018-02-20 14:25:09,909 INFO MyAppender - ordered successfully
2018-02-20 14:25:09,922 INFO MyAppender - ordered data[0].title : delectus aut autem
2018-02-20 14:25:09,933 INFO MyAppender - connection is closing...

2018-02-20 14:25:09,945 INFO MyAppender - Closed

2018-02-20 15:13:41,757 INFO MyAppender - get To DO data
2018-02-20 15:13:41,774 INFO MyAppender - connection is starting...

2018-02-20 15:13:41,799 INFO MyAppender - Connected

2018-02-20 15:13:41,810 INFO MyAppender - get Todo function started
2018-02-20 15:13:41,823 INFO MyAppender - Query : select * from  all_todos
2018-02-20 15:13:41,848 INFO MyAppender - ordered successfully
2018-02-20 15:13:41,863 INFO MyAppender - ordered data[0].title : delectus aut autem
2018-02-20 15:13:41,882 INFO MyAppender - connection is closing...

2018-02-20 15:13:41,892 INFO MyAppender - Closed

2018-02-20 15:14:17,023 INFO MyAppender - get To DO data
2018-02-20 15:14:17,039 INFO MyAppender - connection is starting...

2018-02-20 15:14:17,069 INFO MyAppender - Connected

2018-02-20 15:14:17,085 INFO MyAppender - get Todo function started
2018-02-20 15:14:17,094 INFO MyAppender - Query : select * from  all_todos
2018-02-20 15:14:17,113 INFO MyAppender - ordered successfully
2018-02-20 15:14:17,131 INFO MyAppender - ordered data[0].title : delectus aut autem
2018-02-20 15:14:17,141 INFO MyAppender - connection is closing...

2018-02-20 15:14:17,152 INFO MyAppender - Closed

2018-02-20 15:14:22,613 INFO MyAppender - get To DO data
2018-02-20 15:14:22,626 INFO MyAppender - connection is starting...

2018-02-20 15:14:22,654 INFO MyAppender - Connected

2018-02-20 15:14:22,668 INFO MyAppender - get Todo function started
2018-02-20 15:14:22,680 INFO MyAppender - Query : select * from  all_todos
2018-02-20 15:14:22,698 INFO MyAppender - ordered successfully
2018-02-20 15:14:22,711 INFO MyAppender - ordered data[0].title : delectus aut autem
2018-02-20 15:14:22,732 INFO MyAppender - connection is closing...

2018-02-20 15:14:22,744 INFO MyAppender - Closed

2018-02-20 15:32:12,352 INFO MyAppender - get To DO data
2018-02-20 15:32:12,520 INFO MyAppender - connection is starting...

2018-02-20 15:32:13,515 INFO MyAppender - Connected

2018-02-20 15:32:13,523 INFO MyAppender - get Todo function started
2018-02-20 15:32:13,532 INFO MyAppender - Query : select * from  all_todos
2018-02-20 15:32:13,806 INFO MyAppender - ordered successfully
2018-02-20 15:32:13,847 INFO MyAppender - ordered data[0].title : delectus aut autem
2018-02-20 15:32:13,863 INFO MyAppender - connection is closing...

2018-02-20 15:32:13,903 INFO MyAppender - Closed

2018-02-20 15:33:05,109 INFO MyAppender - get To DO data
2018-02-20 15:33:05,122 INFO MyAppender - connection is starting...

2018-02-20 15:33:05,158 INFO MyAppender - Connected

2018-02-20 15:33:05,165 INFO MyAppender - get Todo function started
2018-02-20 15:33:05,177 INFO MyAppender - Query : select * from  all_todos
2018-02-20 15:33:05,186 INFO MyAppender - ordered successfully
2018-02-20 15:33:05,187 INFO MyAppender - ordered data[0].title : delectus aut autem
2018-02-20 15:33:05,195 INFO MyAppender - connection is closing...

2018-02-20 15:33:05,206 INFO MyAppender - Closed

2018-02-20 15:36:24,725 INFO MyAppender - get To DO data
2018-02-20 15:36:24,738 INFO MyAppender - connection is starting...

2018-02-20 15:36:24,763 INFO MyAppender - Connected

2018-02-20 15:36:24,773 INFO MyAppender - get Todo function started
2018-02-20 15:36:24,781 INFO MyAppender - Query : select * from  all_todos
2018-02-20 15:36:24,796 INFO MyAppender - ordered successfully
2018-02-20 15:36:24,803 INFO MyAppender - ordered data[0].title : delectus aut autem
2018-02-20 15:36:24,810 INFO MyAppender - connection is closing...

2018-02-20 15:36:24,818 INFO MyAppender - Closed

2018-02-20 15:37:21,994 INFO MyAppender - get To DO data
2018-02-20 15:37:22,015 INFO MyAppender - connection is starting...

2018-02-20 15:37:22,044 INFO MyAppender - Connected

2018-02-20 15:37:22,060 INFO MyAppender - get Todo function started
2018-02-20 15:37:22,074 INFO MyAppender - Query : select * from  all_todos
2018-02-20 15:37:22,094 INFO MyAppender - ordered successfully
2018-02-20 15:37:22,100 INFO MyAppender - ordered data[0].title : delectus aut autem
2018-02-20 15:37:22,106 INFO MyAppender - connection is closing...

2018-02-20 15:37:22,113 INFO MyAppender - Closed

2018-02-20 15:47:53,394 INFO MyAppender - get To DO data
2018-02-20 15:47:53,423 INFO MyAppender - connection is starting...

2018-02-20 15:47:53,539 INFO MyAppender - Connected

2018-02-20 15:47:53,545 INFO MyAppender - get Todo function started
2018-02-20 15:47:53,552 INFO MyAppender - Query : select * from  all_todos
2018-02-20 15:47:53,690 INFO MyAppender - ordered successfully
2018-02-20 15:47:53,696 INFO MyAppender - ordered data[0].title : delectus aut autem
2018-02-20 15:47:53,702 INFO MyAppender - connection is closing...

2018-02-20 15:47:53,710 INFO MyAppender - Closed

2018-02-20 16:00:08,284 INFO MyAppender - get To DO data
2018-02-20 16:00:08,304 INFO MyAppender - connection is starting...

2018-02-20 16:00:08,357 INFO MyAppender - Connected

2018-02-20 16:00:08,365 INFO MyAppender - get Todo function started
2018-02-20 16:00:08,373 INFO MyAppender - Query : select * from  all_todos
2018-02-20 16:00:08,413 INFO MyAppender - ordered successfully
2018-02-20 16:00:08,421 INFO MyAppender - ordered data[0].title : delectus aut autem
2018-02-20 16:00:08,426 INFO MyAppender - connection is closing...

2018-02-20 16:00:08,435 INFO MyAppender - Closed

2018-02-20 16:07:27,129 INFO MyAppender - get To DO data
2018-02-20 16:07:27,265 INFO MyAppender - connection is starting...

2018-02-20 16:07:28,521 INFO MyAppender - Connected

2018-02-20 16:07:28,528 INFO MyAppender - get Todo function started
2018-02-20 16:07:28,534 INFO MyAppender - Query : select * from  all_todos
2018-02-20 16:07:28,625 INFO MyAppender - ordered successfully
2018-02-20 16:07:28,677 INFO MyAppender - ordered data[0].title : delectus aut autem
2018-02-20 16:07:28,686 INFO MyAppender - connection is closing...

2018-02-20 16:07:28,713 INFO MyAppender - Closed

2018-02-20 16:09:33,007 INFO MyAppender - get To DO data
2018-02-20 16:09:33,020 INFO MyAppender - connection is starting...

2018-02-20 16:09:33,071 INFO MyAppender - Connected

2018-02-20 16:09:33,081 INFO MyAppender - get Todo function started
2018-02-20 16:09:33,092 INFO MyAppender - Query : select * from  all_todos
2018-02-20 16:09:33,125 INFO MyAppender - ordered successfully
2018-02-20 16:09:33,144 INFO MyAppender - ordered data[0].title : delectus aut autem
2018-02-20 16:09:33,156 INFO MyAppender - connection is closing...

2018-02-20 16:09:33,168 INFO MyAppender - Closed

2018-02-20 16:12:20,656 INFO MyAppender - get To DO data
2018-02-20 16:12:20,669 INFO MyAppender - connection is starting...

2018-02-20 16:12:20,691 INFO MyAppender - Connected

2018-02-20 16:12:20,702 INFO MyAppender - get Todo function started
2018-02-20 16:12:20,715 INFO MyAppender - Query : select * from  all_todos
2018-02-20 16:12:20,733 INFO MyAppender - ordered successfully
2018-02-20 16:12:20,746 INFO MyAppender - ordered data[0].title : delectus aut autem
2018-02-20 16:12:20,760 INFO MyAppender - connection is closing...

2018-02-20 16:12:20,772 INFO MyAppender - Closed

2018-02-20 16:12:56,517 INFO MyAppender - get To DO data
2018-02-20 16:12:56,533 INFO MyAppender - connection is starting...

2018-02-20 16:12:56,550 INFO MyAppender - Connected

2018-02-20 16:12:56,560 INFO MyAppender - get Todo function started
2018-02-20 16:12:56,574 INFO MyAppender - Query : select * from  all_todos
2018-02-20 16:12:56,604 INFO MyAppender - ordered successfully
2018-02-20 16:12:56,614 INFO MyAppender - ordered data[0].title : delectus aut autem
2018-02-20 16:12:56,624 INFO MyAppender - connection is closing...

2018-02-20 16:12:56,636 INFO MyAppender - Closed

2018-02-20 16:13:12,424 INFO MyAppender - get To DO data
2018-02-20 16:13:12,444 INFO MyAppender - connection is starting...

2018-02-20 16:13:12,462 INFO MyAppender - Connected

2018-02-20 16:13:12,474 INFO MyAppender - get Todo function started
2018-02-20 16:13:12,486 INFO MyAppender - Query : select * from  all_todos
2018-02-20 16:13:12,504 INFO MyAppender - ordered successfully
2018-02-20 16:13:12,514 INFO MyAppender - ordered data[0].title : delectus aut autem
2018-02-20 16:13:12,527 INFO MyAppender - connection is closing...

2018-02-20 16:13:12,541 INFO MyAppender - Closed

2018-02-20 16:14:03,715 INFO MyAppender - get To DO data
2018-02-20 16:14:03,735 INFO MyAppender - connection is starting...

2018-02-20 16:14:03,753 INFO MyAppender - Connected

2018-02-20 16:14:03,767 INFO MyAppender - get Todo function started
2018-02-20 16:14:03,776 INFO MyAppender - Query : select * from  all_todos
2018-02-20 16:14:03,792 INFO MyAppender - ordered successfully
2018-02-20 16:14:03,802 INFO MyAppender - ordered data[0].title : delectus aut autem
2018-02-20 16:14:03,817 INFO MyAppender - connection is closing...

2018-02-20 16:14:03,830 INFO MyAppender - Closed

2018-02-20 16:14:32,752 INFO MyAppender - get To DO data
2018-02-20 16:14:32,774 INFO MyAppender - connection is starting...

2018-02-20 16:14:32,798 INFO MyAppender - Connected

2018-02-20 16:14:32,808 INFO MyAppender - get Todo function started
2018-02-20 16:14:32,819 INFO MyAppender - Query : select * from  all_todos
2018-02-20 16:14:32,835 INFO MyAppender - ordered successfully
2018-02-20 16:14:32,847 INFO MyAppender - ordered data[0].title : delectus aut autem
2018-02-20 16:14:32,878 INFO MyAppender - connection is closing...

2018-02-20 16:14:32,889 INFO MyAppender - Closed

2018-02-20 16:15:00,434 INFO MyAppender - get To DO data
2018-02-20 16:15:00,450 INFO MyAppender - connection is starting...

2018-02-20 16:15:00,470 INFO MyAppender - Connected

2018-02-20 16:15:00,482 INFO MyAppender - get Todo function started
2018-02-20 16:15:00,493 INFO MyAppender - Query : select * from  all_todos
2018-02-20 16:15:00,512 INFO MyAppender - ordered successfully
2018-02-20 16:15:00,539 INFO MyAppender - ordered data[0].title : delectus aut autem
2018-02-20 16:15:00,548 INFO MyAppender - connection is closing...

2018-02-20 16:15:00,566 INFO MyAppender - Closed

2018-02-20 16:15:22,413 INFO MyAppender - get To DO data
2018-02-20 16:15:22,432 INFO MyAppender - connection is starting...

2018-02-20 16:15:22,457 INFO MyAppender - Connected

2018-02-20 16:15:22,480 INFO MyAppender - get Todo function started
2018-02-20 16:15:22,491 INFO MyAppender - Query : select * from  all_todos
2018-02-20 16:15:22,515 INFO MyAppender - ordered successfully
2018-02-20 16:15:22,525 INFO MyAppender - ordered data[0].title : delectus aut autem
2018-02-20 16:15:22,538 INFO MyAppender - connection is closing...

2018-02-20 16:15:22,550 INFO MyAppender - Closed

2018-02-20 16:16:04,839 INFO MyAppender - get To DO data
2018-02-20 16:16:04,853 INFO MyAppender - connection is starting...

2018-02-20 16:16:04,874 INFO MyAppender - Connected

2018-02-20 16:16:04,902 INFO MyAppender - get Todo function started
2018-02-20 16:16:04,914 INFO MyAppender - Query : select * from  all_todos
2018-02-20 16:16:04,942 INFO MyAppender - ordered successfully
2018-02-20 16:16:04,952 INFO MyAppender - ordered data[0].title : delectus aut autem
2018-02-20 16:16:04,961 INFO MyAppender - connection is closing...

2018-02-20 16:16:04,976 INFO MyAppender - Closed

2018-02-20 16:16:41,077 INFO MyAppender - get To DO data
2018-02-20 16:16:41,090 INFO MyAppender - connection is starting...

2018-02-20 16:16:41,117 INFO MyAppender - Connected

2018-02-20 16:16:41,126 INFO MyAppender - get Todo function started
2018-02-20 16:16:41,136 INFO MyAppender - Query : select * from  all_todos
2018-02-20 16:16:41,154 INFO MyAppender - ordered successfully
2018-02-20 16:16:41,168 INFO MyAppender - ordered data[0].title : delectus aut autem
2018-02-20 16:16:41,190 INFO MyAppender - connection is closing...

2018-02-20 16:16:41,204 INFO MyAppender - Closed

2018-02-20 16:18:23,044 INFO MyAppender - get To DO data
2018-02-20 16:18:23,055 INFO MyAppender - connection is starting...

2018-02-20 16:18:23,072 INFO MyAppender - Connected

2018-02-20 16:18:23,081 INFO MyAppender - get Todo function started
2018-02-20 16:18:23,091 INFO MyAppender - Query : select * from  all_todos
2018-02-20 16:18:23,108 INFO MyAppender - ordered successfully
2018-02-20 16:18:23,126 INFO MyAppender - ordered data[0].title : delectus aut autem
2018-02-20 16:18:23,156 INFO MyAppender - connection is closing...

2018-02-20 16:18:23,166 INFO MyAppender - Closed

2018-02-20 16:19:07,542 INFO MyAppender - get To DO data
2018-02-20 16:19:07,555 INFO MyAppender - connection is starting...

2018-02-20 16:19:07,597 INFO MyAppender - Connected

2018-02-20 16:19:07,609 INFO MyAppender - get Todo function started
2018-02-20 16:19:07,629 INFO MyAppender - Query : select * from  all_todos
2018-02-20 16:19:07,653 INFO MyAppender - ordered successfully
2018-02-20 16:19:07,663 INFO MyAppender - ordered data[0].title : delectus aut autem
2018-02-20 16:19:07,679 INFO MyAppender - connection is closing...

2018-02-20 16:19:07,690 INFO MyAppender - Closed

2018-02-20 16:19:48,875 INFO MyAppender - get To DO data
2018-02-20 16:19:48,886 INFO MyAppender - connection is starting...

2018-02-20 16:19:48,903 INFO MyAppender - Connected

2018-02-20 16:19:48,913 INFO MyAppender - get Todo function started
2018-02-20 16:19:48,923 INFO MyAppender - Query : select * from  all_todos
2018-02-20 16:19:48,947 INFO MyAppender - ordered successfully
2018-02-20 16:19:48,964 INFO MyAppender - ordered data[0].title : delectus aut autem
2018-02-20 16:19:48,983 INFO MyAppender - connection is closing...

2018-02-20 16:19:48,998 INFO MyAppender - Closed

2018-02-20 16:20:07,274 INFO MyAppender - get To DO data
2018-02-20 16:20:07,285 INFO MyAppender - connection is starting...

2018-02-20 16:20:07,299 INFO MyAppender - Connected

2018-02-20 16:20:07,319 INFO MyAppender - get Todo function started
2018-02-20 16:20:07,335 INFO MyAppender - Query : select * from  all_todos
2018-02-20 16:20:07,360 INFO MyAppender - ordered successfully
2018-02-20 16:20:07,377 INFO MyAppender - ordered data[0].title : delectus aut autem
2018-02-20 16:20:07,388 INFO MyAppender - connection is closing...

2018-02-20 16:20:07,405 INFO MyAppender - Closed

2018-02-20 16:20:17,264 INFO MyAppender - get To DO data
2018-02-20 16:20:17,276 INFO MyAppender - connection is starting...

2018-02-20 16:20:17,297 INFO MyAppender - Connected

2018-02-20 16:20:17,312 INFO MyAppender - get Todo function started
2018-02-20 16:20:17,325 INFO MyAppender - Query : select * from  all_todos
2018-02-20 16:20:17,340 INFO MyAppender - ordered successfully
2018-02-20 16:20:17,350 INFO MyAppender - ordered data[0].title : delectus aut autem
2018-02-20 16:20:17,365 INFO MyAppender - connection is closing...

2018-02-20 16:20:17,378 INFO MyAppender - Closed

2018-02-20 16:20:59,046 INFO MyAppender - get To DO data
2018-02-20 16:20:59,056 INFO MyAppender - connection is starting...

2018-02-20 16:20:59,072 INFO MyAppender - Connected

2018-02-20 16:20:59,082 INFO MyAppender - get Todo function started
2018-02-20 16:20:59,092 INFO MyAppender - Query : select * from  all_todos
2018-02-20 16:20:59,115 INFO MyAppender - ordered successfully
2018-02-20 16:20:59,132 INFO MyAppender - ordered data[0].title : delectus aut autem
2018-02-20 16:20:59,145 INFO MyAppender - connection is closing...

2018-02-20 16:20:59,170 INFO MyAppender - Closed

2018-02-20 16:21:30,563 INFO MyAppender - get To DO data
2018-02-20 16:21:30,734 INFO MyAppender - connection is starting...

2018-02-20 16:21:31,436 INFO MyAppender - Connected

2018-02-20 16:21:31,444 INFO MyAppender - get Todo function started
2018-02-20 16:21:31,450 INFO MyAppender - Query : select * from  all_todos
2018-02-20 16:21:31,488 INFO MyAppender - ordered successfully
2018-02-20 16:21:31,516 INFO MyAppender - ordered data[0].title : delectus aut autem
2018-02-20 16:21:31,528 INFO MyAppender - connection is closing...

2018-02-20 16:21:31,556 INFO MyAppender - Closed

2018-02-20 16:21:51,663 INFO MyAppender - get To DO data
2018-02-20 16:21:51,775 INFO MyAppender - connection is starting...

2018-02-20 16:21:52,543 INFO MyAppender - Connected

2018-02-20 16:21:52,553 INFO MyAppender - get Todo function started
2018-02-20 16:21:52,560 INFO MyAppender - Query : select * from  all_todos
2018-02-20 16:21:52,627 INFO MyAppender - ordered successfully
2018-02-20 16:21:52,663 INFO MyAppender - ordered data[0].title : delectus aut autem
2018-02-20 16:21:52,675 INFO MyAppender - connection is closing...

2018-02-20 16:21:52,702 INFO MyAppender - Closed

2018-02-20 16:23:14,059 INFO MyAppender - get To DO data
2018-02-20 16:23:14,071 INFO MyAppender - connection is starting...

2018-02-20 16:23:14,100 INFO MyAppender - Connected

2018-02-20 16:23:14,111 INFO MyAppender - get Todo function started
2018-02-20 16:23:14,122 INFO MyAppender - Query : select * from  all_todos
2018-02-20 16:23:14,140 INFO MyAppender - ordered successfully
2018-02-20 16:23:14,151 INFO MyAppender - ordered data[0].title : delectus aut autem
2018-02-20 16:23:14,160 INFO MyAppender - connection is closing...

2018-02-20 16:23:14,170 INFO MyAppender - Closed

2018-02-20 16:23:38,662 INFO MyAppender - get To DO data
2018-02-20 16:23:38,672 INFO MyAppender - connection is starting...

2018-02-20 16:23:38,692 INFO MyAppender - Connected

2018-02-20 16:23:38,700 INFO MyAppender - get Todo function started
2018-02-20 16:23:38,711 INFO MyAppender - Query : select * from  all_todos
2018-02-20 16:23:38,743 INFO MyAppender - ordered successfully
2018-02-20 16:23:38,764 INFO MyAppender - ordered data[0].title : delectus aut autem
2018-02-20 16:23:38,773 INFO MyAppender - connection is closing...

2018-02-20 16:23:38,796 INFO MyAppender - Closed

2018-02-20 16:24:02,006 INFO MyAppender - get To DO data
2018-02-20 16:24:02,018 INFO MyAppender - connection is starting...

2018-02-20 16:24:02,041 INFO MyAppender - Connected

2018-02-20 16:24:02,053 INFO MyAppender - get Todo function started
2018-02-20 16:24:02,063 INFO MyAppender - Query : select * from  all_todos
2018-02-20 16:24:02,086 INFO MyAppender - ordered successfully
2018-02-20 16:24:02,096 INFO MyAppender - ordered data[0].title : delectus aut autem
2018-02-20 16:24:02,103 INFO MyAppender - connection is closing...

2018-02-20 16:24:02,112 INFO MyAppender - Closed

2018-02-20 16:24:13,319 INFO MyAppender - get To DO data
2018-02-20 16:24:13,331 INFO MyAppender - connection is starting...

2018-02-20 16:24:13,344 INFO MyAppender - Connected

2018-02-20 16:24:13,352 INFO MyAppender - get Todo function started
2018-02-20 16:24:13,362 INFO MyAppender - Query : select * from  all_todos
2018-02-20 16:24:13,385 INFO MyAppender - ordered successfully
2018-02-20 16:24:13,397 INFO MyAppender - ordered data[0].title : delectus aut autem
2018-02-20 16:24:13,408 INFO MyAppender - connection is closing...

2018-02-20 16:24:13,418 INFO MyAppender - Closed

2018-02-20 16:24:29,140 INFO MyAppender - get To DO data
2018-02-20 16:24:29,151 INFO MyAppender - connection is starting...

2018-02-20 16:24:29,169 INFO MyAppender - Connected

2018-02-20 16:24:29,176 INFO MyAppender - get Todo function started
2018-02-20 16:24:29,185 INFO MyAppender - Query : select * from  all_todos
2018-02-20 16:24:29,202 INFO MyAppender - ordered successfully
2018-02-20 16:24:29,213 INFO MyAppender - ordered data[0].title : delectus aut autem
2018-02-20 16:24:29,226 INFO MyAppender - connection is closing...

2018-02-20 16:24:29,238 INFO MyAppender - Closed

2018-02-20 16:25:27,811 INFO MyAppender - get To DO data
2018-02-20 16:25:27,821 INFO MyAppender - connection is starting...

2018-02-20 16:25:27,836 INFO MyAppender - Connected

2018-02-20 16:25:27,845 INFO MyAppender - get Todo function started
2018-02-20 16:25:27,854 INFO MyAppender - Query : select * from  all_todos
2018-02-20 16:25:27,875 INFO MyAppender - ordered successfully
2018-02-20 16:25:27,888 INFO MyAppender - ordered data[0].title : delectus aut autem
2018-02-20 16:25:27,899 INFO MyAppender - connection is closing...

2018-02-20 16:25:27,909 INFO MyAppender - Closed

2018-02-20 16:25:31,198 INFO MyAppender - get To DO data
2018-02-20 16:25:31,207 INFO MyAppender - connection is starting...

2018-02-20 16:25:31,229 INFO MyAppender - Connected

2018-02-20 16:25:31,240 INFO MyAppender - get Todo function started
2018-02-20 16:25:31,249 INFO MyAppender - Query : select * from  all_todos
2018-02-20 16:25:31,266 INFO MyAppender - ordered successfully
2018-02-20 16:25:31,276 INFO MyAppender - ordered data[0].title : delectus aut autem
2018-02-20 16:25:31,288 INFO MyAppender - connection is closing...

2018-02-20 16:25:31,301 INFO MyAppender - Closed

2018-02-20 16:25:53,250 INFO MyAppender - get To DO data
2018-02-20 16:25:53,265 INFO MyAppender - connection is starting...

2018-02-20 16:25:53,284 INFO MyAppender - Connected

2018-02-20 16:25:53,295 INFO MyAppender - get Todo function started
2018-02-20 16:25:53,306 INFO MyAppender - Query : select * from  all_todos
2018-02-20 16:25:53,322 INFO MyAppender - ordered successfully
2018-02-20 16:25:53,332 INFO MyAppender - ordered data[0].title : delectus aut autem
2018-02-20 16:25:53,345 INFO MyAppender - connection is closing...

2018-02-20 16:25:53,356 INFO MyAppender - Closed

2018-02-20 16:26:07,688 INFO MyAppender - get To DO data
2018-02-20 16:26:07,700 INFO MyAppender - connection is starting...

2018-02-20 16:26:07,718 INFO MyAppender - Connected

2018-02-20 16:26:07,729 INFO MyAppender - get Todo function started
2018-02-20 16:26:07,739 INFO MyAppender - Query : select * from  all_todos
2018-02-20 16:26:07,756 INFO MyAppender - ordered successfully
2018-02-20 16:26:07,767 INFO MyAppender - ordered data[0].title : delectus aut autem
2018-02-20 16:26:07,780 INFO MyAppender - connection is closing...

2018-02-20 16:26:07,792 INFO MyAppender - Closed

2018-02-20 16:26:11,371 INFO MyAppender - get To DO data
2018-02-20 16:26:11,411 INFO MyAppender - connection is starting...

2018-02-20 16:26:11,434 INFO MyAppender - Connected

2018-02-20 16:26:11,445 INFO MyAppender - get Todo function started
2018-02-20 16:26:11,455 INFO MyAppender - Query : select * from  all_todos
2018-02-20 16:26:11,474 INFO MyAppender - ordered successfully
2018-02-20 16:26:11,496 INFO MyAppender - ordered data[0].title : delectus aut autem
2018-02-20 16:26:11,508 INFO MyAppender - connection is closing...

2018-02-20 16:26:11,521 INFO MyAppender - Closed

2018-02-20 16:26:28,740 INFO MyAppender - get To DO data
2018-02-20 16:26:28,763 INFO MyAppender - connection is starting...

2018-02-20 16:26:28,786 INFO MyAppender - Connected

2018-02-20 16:26:28,795 INFO MyAppender - get Todo function started
2018-02-20 16:26:28,804 INFO MyAppender - Query : select * from  all_todos
2018-02-20 16:26:28,831 INFO MyAppender - ordered successfully
2018-02-20 16:26:28,840 INFO MyAppender - ordered data[0].title : delectus aut autem
2018-02-20 16:26:28,849 INFO MyAppender - connection is closing...

2018-02-20 16:26:28,860 INFO MyAppender - Closed

2018-02-20 16:26:39,743 INFO MyAppender - get To DO data
2018-02-20 16:26:39,757 INFO MyAppender - connection is starting...

2018-02-20 16:26:39,782 INFO MyAppender - Connected

2018-02-20 16:26:39,792 INFO MyAppender - get Todo function started
2018-02-20 16:26:39,804 INFO MyAppender - Query : select * from  all_todos
2018-02-20 16:26:39,829 INFO MyAppender - ordered successfully
2018-02-20 16:26:39,842 INFO MyAppender - ordered data[0].title : delectus aut autem
2018-02-20 16:26:39,851 INFO MyAppender - connection is closing...

2018-02-20 16:26:39,860 INFO MyAppender - Closed

2018-02-20 16:27:05,549 INFO MyAppender - get To DO data
2018-02-20 16:27:05,560 INFO MyAppender - connection is starting...

2018-02-20 16:27:05,575 INFO MyAppender - Connected

2018-02-20 16:27:05,584 INFO MyAppender - get Todo function started
2018-02-20 16:27:05,594 INFO MyAppender - Query : select * from  all_todos
2018-02-20 16:27:05,616 INFO MyAppender - ordered successfully
2018-02-20 16:27:05,628 INFO MyAppender - ordered data[0].title : delectus aut autem
2018-02-20 16:27:05,638 INFO MyAppender - connection is closing...

2018-02-20 16:27:05,651 INFO MyAppender - Closed

2018-02-20 16:27:33,108 INFO MyAppender - get To DO data
2018-02-20 16:27:33,118 INFO MyAppender - connection is starting...

2018-02-20 16:27:33,132 INFO MyAppender - Connected

2018-02-20 16:27:33,142 INFO MyAppender - get Todo function started
2018-02-20 16:27:33,150 INFO MyAppender - Query : select * from  all_todos
2018-02-20 16:27:33,171 INFO MyAppender - ordered successfully
2018-02-20 16:27:33,183 INFO MyAppender - ordered data[0].title : delectus aut autem
2018-02-20 16:27:33,196 INFO MyAppender - connection is closing...

2018-02-20 16:27:33,209 INFO MyAppender - Closed

