2017-06-13 08:50:46,531 INFO MyAppender - get To DO data
2017-06-13 08:50:46,546 INFO MyAppender - connection is starting...

2017-06-13 08:50:46,657 INFO MyAppender - Connected

2017-06-13 08:50:46,667 INFO MyAppender - get Todo function started
2017-06-13 08:50:46,676 INFO MyAppender - Query : select * from  all_todos
2017-06-13 08:50:46,698 INFO MyAppender - ordered successfully
2017-06-13 08:50:46,719 INFO MyAppender - ordered data[0].title : delectus aut autem
2017-06-13 08:50:46,742 INFO MyAppender - connection is closing...

2017-06-13 08:50:46,753 INFO MyAppender - Closed

2017-06-13 08:52:25,762 INFO MyAppender - get To DO data
2017-06-13 08:52:25,764 INFO MyAppender - connection is starting...

2017-06-13 08:52:25,767 INFO MyAppender - Connected

2017-06-13 08:52:25,772 INFO MyAppender - get Todo function started
2017-06-13 08:52:25,776 INFO MyAppender - Query : select * from  all_todos
2017-06-13 08:52:25,798 INFO MyAppender - ordered successfully
2017-06-13 08:52:25,802 INFO MyAppender - ordered data[0].title : delectus aut autem
2017-06-13 08:52:25,806 INFO MyAppender - connection is closing...

2017-06-13 08:52:25,809 INFO MyAppender - Closed

2017-06-13 09:08:13,971 INFO MyAppender - get To DO data
2017-06-13 09:08:13,974 INFO MyAppender - connection is starting...

2017-06-13 09:08:13,978 INFO MyAppender - Connected

2017-06-13 09:08:13,982 INFO MyAppender - get Todo function started
2017-06-13 09:08:13,987 INFO MyAppender - Query : select * from  all_todos
2017-06-13 09:08:14,006 INFO MyAppender - ordered successfully
2017-06-13 09:08:14,010 INFO MyAppender - ordered data[0].title : delectus aut autem
2017-06-13 09:08:14,018 INFO MyAppender - connection is closing...

2017-06-13 09:08:14,021 INFO MyAppender - Closed

2017-06-13 11:49:00,679 INFO MyAppender - get To DO data
2017-06-13 11:49:00,683 INFO MyAppender - connection is starting...

2017-06-13 11:49:00,687 INFO MyAppender - Connected

2017-06-13 11:49:00,691 INFO MyAppender - get Todo function started
2017-06-13 11:49:00,698 INFO MyAppender - Query : select * from  all_todos
2017-06-13 11:49:00,718 INFO MyAppender - ordered successfully
2017-06-13 11:49:00,723 INFO MyAppender - ordered data[0].title : delectus aut autem
2017-06-13 11:49:00,729 INFO MyAppender - connection is closing...

2017-06-13 11:49:00,733 INFO MyAppender - Closed

2017-06-13 11:49:59,184 INFO MyAppender - get To DO data
2017-06-13 11:49:59,188 INFO MyAppender - connection is starting...

2017-06-13 11:49:59,192 INFO MyAppender - Connected

2017-06-13 11:49:59,196 INFO MyAppender - get Todo function started
2017-06-13 11:49:59,199 INFO MyAppender - Query : select * from  all_todos
2017-06-13 11:49:59,239 INFO MyAppender - ordered successfully
2017-06-13 11:49:59,243 INFO MyAppender - ordered data[0].title : delectus aut autem
2017-06-13 11:49:59,247 INFO MyAppender - connection is closing...

2017-06-13 11:49:59,252 INFO MyAppender - Closed

2017-06-13 11:50:06,599 INFO MyAppender - get To DO data
2017-06-13 11:50:06,603 INFO MyAppender - connection is starting...

2017-06-13 11:50:06,606 INFO MyAppender - Connected

2017-06-13 11:50:06,610 INFO MyAppender - get Todo function started
2017-06-13 11:50:06,613 INFO MyAppender - Query : select * from  all_todos
2017-06-13 11:50:06,628 INFO MyAppender - ordered successfully
2017-06-13 11:50:06,632 INFO MyAppender - ordered data[0].title : delectus aut autem
2017-06-13 11:50:06,636 INFO MyAppender - connection is closing...

2017-06-13 11:50:06,640 INFO MyAppender - Closed

2017-06-13 11:50:08,032 INFO MyAppender - get To DO data
2017-06-13 11:50:08,035 INFO MyAppender - connection is starting...

2017-06-13 11:50:08,039 INFO MyAppender - Connected

2017-06-13 11:50:08,042 INFO MyAppender - get Todo function started
2017-06-13 11:50:08,045 INFO MyAppender - Query : select * from  all_todos
2017-06-13 11:50:08,059 INFO MyAppender - ordered successfully
2017-06-13 11:50:08,065 INFO MyAppender - ordered data[0].title : delectus aut autem
2017-06-13 11:50:08,069 INFO MyAppender - connection is closing...

2017-06-13 11:50:08,074 INFO MyAppender - Closed

2017-06-13 13:27:21,173 INFO MyAppender - get To DO data
2017-06-13 13:27:21,179 INFO MyAppender - connection is starting...

2017-06-13 13:27:21,287 INFO MyAppender - Connected

2017-06-13 13:27:21,291 INFO MyAppender - get Todo function started
2017-06-13 13:27:21,295 INFO MyAppender - Query : select * from  all_todos
2017-06-13 13:27:21,306 INFO MyAppender - ordered successfully
2017-06-13 13:27:21,324 INFO MyAppender - ordered data[0].title : delectus aut autem
2017-06-13 13:27:21,328 INFO MyAppender - connection is closing...

2017-06-13 13:27:21,334 INFO MyAppender - Closed

2017-06-13 14:02:47,638 INFO MyAppender - get To DO data
2017-06-13 14:02:47,644 INFO MyAppender - connection is starting...

2017-06-13 14:02:47,648 INFO MyAppender - Connected

2017-06-13 14:02:47,652 INFO MyAppender - get Todo function started
2017-06-13 14:02:47,657 INFO MyAppender - Query : select * from  all_todos
2017-06-13 14:02:47,673 INFO MyAppender - ordered successfully
2017-06-13 14:02:47,677 INFO MyAppender - ordered data[0].title : delectus aut autem
2017-06-13 14:02:47,681 INFO MyAppender - connection is closing...

2017-06-13 14:02:47,685 INFO MyAppender - Closed

2017-06-13 14:02:59,854 INFO MyAppender - get To DO data
2017-06-13 14:02:59,859 INFO MyAppender - connection is starting...

2017-06-13 14:02:59,863 INFO MyAppender - Connected

2017-06-13 14:02:59,867 INFO MyAppender - get Todo function started
2017-06-13 14:02:59,872 INFO MyAppender - Query : select * from  all_todos
2017-06-13 14:02:59,888 INFO MyAppender - ordered successfully
2017-06-13 14:02:59,893 INFO MyAppender - ordered data[0].title : delectus aut autem
2017-06-13 14:02:59,898 INFO MyAppender - connection is closing...

2017-06-13 14:02:59,902 INFO MyAppender - Closed

