2017-06-12 00:02:37,879 INFO MyAppender - get To DO data
2017-06-12 00:02:38,011 INFO MyAppender - connection is starting...

2017-06-12 00:02:41,017 INFO MyAppender - Connected

2017-06-12 00:02:41,020 INFO MyAppender - get Todo function started
2017-06-12 00:02:41,022 INFO MyAppender - Query : select * from  all_todos
2017-06-12 00:02:41,069 INFO MyAppender - ordered successfully
2017-06-12 00:02:41,119 INFO MyAppender - ordered data[0].title : delectus aut autem
2017-06-12 00:02:41,125 INFO MyAppender - connection is closing...

2017-06-12 00:02:41,140 INFO MyAppender - Closed

2017-06-12 00:03:51,909 INFO MyAppender - get To DO data
2017-06-12 00:03:51,983 INFO MyAppender - connection is starting...

2017-06-12 00:03:53,063 INFO MyAppender - Connected

2017-06-12 00:03:53,066 INFO MyAppender - get Todo function started
2017-06-12 00:03:53,069 INFO MyAppender - Query : select * from  all_todos
2017-06-12 00:03:53,107 INFO MyAppender - ordered successfully
2017-06-12 00:03:53,158 INFO MyAppender - ordered data[0].title : delectus aut autem
2017-06-12 00:03:53,163 INFO MyAppender - connection is closing...

2017-06-12 00:03:53,178 INFO MyAppender - Closed

2017-06-12 00:04:20,218 INFO MyAppender - get To DO data
2017-06-12 00:04:20,335 INFO MyAppender - connection is starting...

2017-06-12 00:04:21,144 INFO MyAppender - Connected

2017-06-12 00:04:21,148 INFO MyAppender - get Todo function started
2017-06-12 00:04:21,151 INFO MyAppender - Query : select * from  all_todos
2017-06-12 00:04:21,240 INFO MyAppender - ordered successfully
2017-06-12 00:04:21,316 INFO MyAppender - ordered data[0].title : delectus aut autem
2017-06-12 00:04:21,322 INFO MyAppender - connection is closing...

2017-06-12 00:04:21,334 INFO MyAppender - Closed

2017-06-12 00:04:36,756 INFO MyAppender - connection is starting...

2017-06-12 00:04:36,761 INFO MyAppender - Connected

2017-06-12 00:04:36,766 INFO MyAppender - Execution query : update all_todos set priority = 'LOW' where id = 106
2017-06-12 00:04:36,815 INFO MyAppender - connection is closing...

2017-06-12 00:04:36,819 INFO MyAppender - Closed

2017-06-12 00:04:37,244 INFO MyAppender - connection is starting...

2017-06-12 00:04:37,247 INFO MyAppender - Connected

2017-06-12 00:04:37,250 INFO MyAppender - Execution query : update all_todos set priority = 'LOW' where id = 190
2017-06-12 00:04:37,287 INFO MyAppender - connection is closing...

2017-06-12 00:04:37,290 INFO MyAppender - Closed

2017-06-12 00:05:16,455 INFO MyAppender - connection is starting...

2017-06-12 00:05:16,458 INFO MyAppender - Connected

2017-06-12 00:05:16,464 INFO MyAppender - Deletion query : delete from all_todos where id = :ID
2017-06-12 00:05:16,533 INFO MyAppender - Deleted
2017-06-12 00:05:16,536 INFO MyAppender - Deletion query : delete from all_todos where id = :ID
2017-06-12 00:05:16,578 INFO MyAppender - Deleted
2017-06-12 00:05:16,581 INFO MyAppender - Deletion query : delete from all_todos where id = :ID
2017-06-12 00:05:16,630 INFO MyAppender - Deleted
2017-06-12 00:05:16,633 INFO MyAppender - Deletion query : delete from all_todos where id = :ID
2017-06-12 00:05:16,663 INFO MyAppender - Deleted
2017-06-12 00:05:16,666 INFO MyAppender - Deletion query : delete from all_todos where id = :ID
2017-06-12 00:05:16,696 INFO MyAppender - Deleted
2017-06-12 00:05:16,699 INFO MyAppender - Deletion query : delete from all_todos where id = :ID
2017-06-12 00:05:16,733 INFO MyAppender - Deleted
2017-06-12 00:05:16,736 INFO MyAppender - connection is closing...

2017-06-12 00:05:16,739 INFO MyAppender - Closed

2017-06-12 00:05:18,110 INFO MyAppender - get To DO data
2017-06-12 00:05:18,114 INFO MyAppender - connection is starting...

2017-06-12 00:05:18,117 INFO MyAppender - Connected

2017-06-12 00:05:18,120 INFO MyAppender - get Todo function started
2017-06-12 00:05:18,127 INFO MyAppender - Query : select * from  all_todos
2017-06-12 00:05:18,171 INFO MyAppender - ordered successfully
2017-06-12 00:05:18,175 INFO MyAppender - ordered data[0].title : delectus aut autem
2017-06-12 00:05:18,178 INFO MyAppender - connection is closing...

2017-06-12 00:05:18,182 INFO MyAppender - Closed

2017-06-12 00:05:22,440 INFO MyAppender - connection is starting...

2017-06-12 00:05:22,447 INFO MyAppender - Connected

2017-06-12 00:05:22,453 INFO MyAppender - Execution query : truncate table all_todos
2017-06-12 00:05:22,581 INFO MyAppender - connection is closing...

2017-06-12 00:05:22,585 INFO MyAppender - Closed

2017-06-12 00:05:22,588 INFO MyAppender - connection is starting...

2017-06-12 00:05:22,592 INFO MyAppender - Connected

2017-06-12 00:05:22,642 INFO MyAppender - Data has been added and commited
2017-06-12 00:05:22,682 INFO MyAppender - Data has been added and commited
2017-06-12 00:05:22,712 INFO MyAppender - Data has been added and commited
2017-06-12 00:05:22,748 INFO MyAppender - Data has been added and commited
2017-06-12 00:05:22,799 INFO MyAppender - Data has been added and commited
2017-06-12 00:05:22,834 INFO MyAppender - Data has been added and commited
2017-06-12 00:05:22,875 INFO MyAppender - Data has been added and commited
2017-06-12 00:05:22,911 INFO MyAppender - Data has been added and commited
2017-06-12 00:05:22,949 INFO MyAppender - Data has been added and commited
2017-06-12 00:05:22,997 INFO MyAppender - Data has been added and commited
2017-06-12 00:05:23,029 INFO MyAppender - Data has been added and commited
2017-06-12 00:05:23,063 INFO MyAppender - Data has been added and commited
2017-06-12 00:05:23,108 INFO MyAppender - Data has been added and commited
2017-06-12 00:05:23,143 INFO MyAppender - Data has been added and commited
2017-06-12 00:05:23,182 INFO MyAppender - Data has been added and commited
2017-06-12 00:05:23,213 INFO MyAppender - Data has been added and commited
2017-06-12 00:05:23,257 INFO MyAppender - Data has been added and commited
2017-06-12 00:05:23,301 INFO MyAppender - Data has been added and commited
2017-06-12 00:05:23,348 INFO MyAppender - Data has been added and commited
2017-06-12 00:05:23,394 INFO MyAppender - Data has been added and commited
2017-06-12 00:05:23,433 INFO MyAppender - Data has been added and commited
2017-06-12 00:05:23,466 INFO MyAppender - Data has been added and commited
2017-06-12 00:05:23,509 INFO MyAppender - Data has been added and commited
2017-06-12 00:05:23,543 INFO MyAppender - Data has been added and commited
2017-06-12 00:05:23,582 INFO MyAppender - Data has been added and commited
2017-06-12 00:05:23,622 INFO MyAppender - Data has been added and commited
2017-06-12 00:05:23,653 INFO MyAppender - Data has been added and commited
2017-06-12 00:05:23,685 INFO MyAppender - Data has been added and commited
2017-06-12 00:05:23,730 INFO MyAppender - Data has been added and commited
2017-06-12 00:05:23,760 INFO MyAppender - Data has been added and commited
2017-06-12 00:05:23,796 INFO MyAppender - Data has been added and commited
2017-06-12 00:05:23,829 INFO MyAppender - Data has been added and commited
2017-06-12 00:05:23,862 INFO MyAppender - Data has been added and commited
2017-06-12 00:05:23,899 INFO MyAppender - Data has been added and commited
2017-06-12 00:05:23,934 INFO MyAppender - Data has been added and commited
2017-06-12 00:05:23,972 INFO MyAppender - Data has been added and commited
2017-06-12 00:05:24,005 INFO MyAppender - Data has been added and commited
2017-06-12 00:05:24,041 INFO MyAppender - Data has been added and commited
2017-06-12 00:05:24,078 INFO MyAppender - Data has been added and commited
2017-06-12 00:05:24,132 INFO MyAppender - Data has been added and commited
2017-06-12 00:05:24,189 INFO MyAppender - Data has been added and commited
2017-06-12 00:05:24,235 INFO MyAppender - Data has been added and commited
2017-06-12 00:05:24,306 INFO MyAppender - Data has been added and commited
2017-06-12 00:05:24,340 INFO MyAppender - Data has been added and commited
2017-06-12 00:05:24,371 INFO MyAppender - Data has been added and commited
2017-06-12 00:05:24,416 INFO MyAppender - Data has been added and commited
2017-06-12 00:05:24,456 INFO MyAppender - Data has been added and commited
2017-06-12 00:05:24,490 INFO MyAppender - Data has been added and commited
2017-06-12 00:05:24,531 INFO MyAppender - Data has been added and commited
2017-06-12 00:05:24,561 INFO MyAppender - Data has been added and commited
2017-06-12 00:05:24,596 INFO MyAppender - Data has been added and commited
2017-06-12 00:05:24,646 INFO MyAppender - Data has been added and commited
2017-06-12 00:05:24,693 INFO MyAppender - Data has been added and commited
2017-06-12 00:05:24,741 INFO MyAppender - Data has been added and commited
2017-06-12 00:05:24,778 INFO MyAppender - Data has been added and commited
2017-06-12 00:05:24,810 INFO MyAppender - Data has been added and commited
2017-06-12 00:05:24,857 INFO MyAppender - Data has been added and commited
2017-06-12 00:05:24,898 INFO MyAppender - Data has been added and commited
2017-06-12 00:05:24,937 INFO MyAppender - Data has been added and commited
2017-06-12 00:05:24,973 INFO MyAppender - Data has been added and commited
2017-06-12 00:05:25,012 INFO MyAppender - Data has been added and commited
2017-06-12 00:05:25,053 INFO MyAppender - Data has been added and commited
2017-06-12 00:05:25,086 INFO MyAppender - Data has been added and commited
2017-06-12 00:05:25,130 INFO MyAppender - Data has been added and commited
2017-06-12 00:05:25,163 INFO MyAppender - Data has been added and commited
2017-06-12 00:05:25,198 INFO MyAppender - Data has been added and commited
2017-06-12 00:05:25,233 INFO MyAppender - Data has been added and commited
2017-06-12 00:05:25,276 INFO MyAppender - Data has been added and commited
2017-06-12 00:05:25,333 INFO MyAppender - Data has been added and commited
2017-06-12 00:05:25,379 INFO MyAppender - Data has been added and commited
2017-06-12 00:05:25,415 INFO MyAppender - Data has been added and commited
2017-06-12 00:05:25,458 INFO MyAppender - Data has been added and commited
2017-06-12 00:05:25,502 INFO MyAppender - Data has been added and commited
2017-06-12 00:05:25,570 INFO MyAppender - Data has been added and commited
2017-06-12 00:05:25,606 INFO MyAppender - Data has been added and commited
2017-06-12 00:05:25,656 INFO MyAppender - Data has been added and commited
2017-06-12 00:05:25,700 INFO MyAppender - Data has been added and commited
2017-06-12 00:05:25,737 INFO MyAppender - Data has been added and commited
2017-06-12 00:05:25,771 INFO MyAppender - Data has been added and commited
2017-06-12 00:05:25,811 INFO MyAppender - Data has been added and commited
2017-06-12 00:05:25,845 INFO MyAppender - Data has been added and commited
2017-06-12 00:05:25,880 INFO MyAppender - Data has been added and commited
2017-06-12 00:05:25,910 INFO MyAppender - Data has been added and commited
2017-06-12 00:05:25,951 INFO MyAppender - Data has been added and commited
2017-06-12 00:05:25,994 INFO MyAppender - Data has been added and commited
2017-06-12 00:05:26,032 INFO MyAppender - Data has been added and commited
2017-06-12 00:05:26,087 INFO MyAppender - Data has been added and commited
2017-06-12 00:05:26,140 INFO MyAppender - Data has been added and commited
2017-06-12 00:05:26,204 INFO MyAppender - Data has been added and commited
2017-06-12 00:05:26,261 INFO MyAppender - Data has been added and commited
2017-06-12 00:05:26,315 INFO MyAppender - Data has been added and commited
2017-06-12 00:05:26,346 INFO MyAppender - Data has been added and commited
2017-06-12 00:05:26,382 INFO MyAppender - Data has been added and commited
2017-06-12 00:05:26,419 INFO MyAppender - Data has been added and commited
2017-06-12 00:05:26,461 INFO MyAppender - Data has been added and commited
2017-06-12 00:05:26,496 INFO MyAppender - Data has been added and commited
2017-06-12 00:05:26,542 INFO MyAppender - Data has been added and commited
2017-06-12 00:05:26,632 INFO MyAppender - Data has been added and commited
2017-06-12 00:05:26,699 INFO MyAppender - Data has been added and commited
2017-06-12 00:05:26,750 INFO MyAppender - Data has been added and commited
2017-06-12 00:05:26,781 INFO MyAppender - Data has been added and commited
2017-06-12 00:05:26,813 INFO MyAppender - Data has been added and commited
2017-06-12 00:05:26,845 INFO MyAppender - Data has been added and commited
2017-06-12 00:05:26,890 INFO MyAppender - Data has been added and commited
2017-06-12 00:05:26,922 INFO MyAppender - Data has been added and commited
2017-06-12 00:05:26,960 INFO MyAppender - Data has been added and commited
2017-06-12 00:05:26,992 INFO MyAppender - Data has been added and commited
2017-06-12 00:05:27,024 INFO MyAppender - Data has been added and commited
2017-06-12 00:05:27,063 INFO MyAppender - Data has been added and commited
2017-06-12 00:05:27,105 INFO MyAppender - Data has been added and commited
2017-06-12 00:05:27,137 INFO MyAppender - Data has been added and commited
2017-06-12 00:05:27,177 INFO MyAppender - Data has been added and commited
2017-06-12 00:05:27,209 INFO MyAppender - Data has been added and commited
2017-06-12 00:05:27,244 INFO MyAppender - Data has been added and commited
2017-06-12 00:05:27,286 INFO MyAppender - Data has been added and commited
2017-06-12 00:05:27,321 INFO MyAppender - Data has been added and commited
2017-06-12 00:05:27,357 INFO MyAppender - Data has been added and commited
2017-06-12 00:05:27,398 INFO MyAppender - Data has been added and commited
2017-06-12 00:05:27,441 INFO MyAppender - Data has been added and commited
2017-06-12 00:05:27,487 INFO MyAppender - Data has been added and commited
2017-06-12 00:05:27,523 INFO MyAppender - Data has been added and commited
2017-06-12 00:05:27,599 INFO MyAppender - Data has been added and commited
2017-06-12 00:05:27,661 INFO MyAppender - Data has been added and commited
2017-06-12 00:05:27,695 INFO MyAppender - Data has been added and commited
2017-06-12 00:05:27,734 INFO MyAppender - Data has been added and commited
2017-06-12 00:05:27,771 INFO MyAppender - Data has been added and commited
2017-06-12 00:05:27,804 INFO MyAppender - Data has been added and commited
2017-06-12 00:05:27,852 INFO MyAppender - Data has been added and commited
2017-06-12 00:05:27,886 INFO MyAppender - Data has been added and commited
2017-06-12 00:05:27,920 INFO MyAppender - Data has been added and commited
2017-06-12 00:05:27,959 INFO MyAppender - Data has been added and commited
2017-06-12 00:05:27,995 INFO MyAppender - Data has been added and commited
2017-06-12 00:05:28,029 INFO MyAppender - Data has been added and commited
2017-06-12 00:05:28,074 INFO MyAppender - Data has been added and commited
2017-06-12 00:05:28,139 INFO MyAppender - Data has been added and commited
2017-06-12 00:05:28,177 INFO MyAppender - Data has been added and commited
2017-06-12 00:05:28,230 INFO MyAppender - Data has been added and commited
2017-06-12 00:05:28,261 INFO MyAppender - Data has been added and commited
2017-06-12 00:05:28,306 INFO MyAppender - Data has been added and commited
2017-06-12 00:05:28,362 INFO MyAppender - Data has been added and commited
2017-06-12 00:05:28,408 INFO MyAppender - Data has been added and commited
2017-06-12 00:05:28,442 INFO MyAppender - Data has been added and commited
2017-06-12 00:05:28,492 INFO MyAppender - Data has been added and commited
2017-06-12 00:05:28,526 INFO MyAppender - Data has been added and commited
2017-06-12 00:05:28,556 INFO MyAppender - Data has been added and commited
2017-06-12 00:05:28,610 INFO MyAppender - Data has been added and commited
2017-06-12 00:05:28,645 INFO MyAppender - Data has been added and commited
2017-06-12 00:05:28,687 INFO MyAppender - Data has been added and commited
2017-06-12 00:05:28,746 INFO MyAppender - Data has been added and commited
2017-06-12 00:05:28,777 INFO MyAppender - Data has been added and commited
2017-06-12 00:05:28,815 INFO MyAppender - Data has been added and commited
2017-06-12 00:05:28,859 INFO MyAppender - Data has been added and commited
2017-06-12 00:05:28,902 INFO MyAppender - Data has been added and commited
2017-06-12 00:05:28,935 INFO MyAppender - Data has been added and commited
2017-06-12 00:05:28,967 INFO MyAppender - Data has been added and commited
2017-06-12 00:05:29,011 INFO MyAppender - Data has been added and commited
2017-06-12 00:05:29,047 INFO MyAppender - Data has been added and commited
2017-06-12 00:05:29,083 INFO MyAppender - Data has been added and commited
2017-06-12 00:05:29,123 INFO MyAppender - Data has been added and commited
2017-06-12 00:05:29,161 INFO MyAppender - Data has been added and commited
2017-06-12 00:05:29,197 INFO MyAppender - Data has been added and commited
2017-06-12 00:05:29,237 INFO MyAppender - Data has been added and commited
2017-06-12 00:05:29,268 INFO MyAppender - Data has been added and commited
2017-06-12 00:05:29,307 INFO MyAppender - Data has been added and commited
2017-06-12 00:05:29,341 INFO MyAppender - Data has been added and commited
2017-06-12 00:05:29,375 INFO MyAppender - Data has been added and commited
2017-06-12 00:05:29,429 INFO MyAppender - Data has been added and commited
2017-06-12 00:05:29,468 INFO MyAppender - Data has been added and commited
2017-06-12 00:05:29,508 INFO MyAppender - Data has been added and commited
2017-06-12 00:05:29,556 INFO MyAppender - Data has been added and commited
2017-06-12 00:05:29,596 INFO MyAppender - Data has been added and commited
2017-06-12 00:05:29,635 INFO MyAppender - Data has been added and commited
2017-06-12 00:05:29,666 INFO MyAppender - Data has been added and commited
2017-06-12 00:05:29,699 INFO MyAppender - Data has been added and commited
2017-06-12 00:05:29,736 INFO MyAppender - Data has been added and commited
2017-06-12 00:05:29,768 INFO MyAppender - Data has been added and commited
2017-06-12 00:05:29,802 INFO MyAppender - Data has been added and commited
2017-06-12 00:05:29,846 INFO MyAppender - Data has been added and commited
2017-06-12 00:05:29,878 INFO MyAppender - Data has been added and commited
2017-06-12 00:05:29,921 INFO MyAppender - Data has been added and commited
2017-06-12 00:05:29,954 INFO MyAppender - Data has been added and commited
2017-06-12 00:05:29,989 INFO MyAppender - Data has been added and commited
2017-06-12 00:05:30,029 INFO MyAppender - Data has been added and commited
2017-06-12 00:05:30,059 INFO MyAppender - Data has been added and commited
2017-06-12 00:05:30,096 INFO MyAppender - Data has been added and commited
2017-06-12 00:05:30,131 INFO MyAppender - Data has been added and commited
2017-06-12 00:05:30,163 INFO MyAppender - Data has been added and commited
2017-06-12 00:05:30,198 INFO MyAppender - Data has been added and commited
2017-06-12 00:05:30,233 INFO MyAppender - Data has been added and commited
2017-06-12 00:05:30,265 INFO MyAppender - Data has been added and commited
2017-06-12 00:05:30,297 INFO MyAppender - Data has been added and commited
2017-06-12 00:05:30,350 INFO MyAppender - Data has been added and commited
2017-06-12 00:05:30,398 INFO MyAppender - Data has been added and commited
2017-06-12 00:05:30,444 INFO MyAppender - Data has been added and commited
2017-06-12 00:05:30,479 INFO MyAppender - Data has been added and commited
2017-06-12 00:05:30,521 INFO MyAppender - Data has been added and commited
2017-06-12 00:05:30,557 INFO MyAppender - Data has been added and commited
2017-06-12 00:05:30,602 INFO MyAppender - Data has been added and commited
2017-06-12 00:05:30,634 INFO MyAppender - Data has been added and commited
2017-06-12 00:05:30,669 INFO MyAppender - Data has been added and commited
2017-06-12 00:05:30,674 INFO MyAppender - connection is closing...

2017-06-12 00:05:30,679 INFO MyAppender - Closed

2017-06-12 00:05:30,721 INFO MyAppender - get To DO data
2017-06-12 00:05:30,726 INFO MyAppender - connection is starting...

2017-06-12 00:05:30,734 INFO MyAppender - Connected

2017-06-12 00:05:30,738 INFO MyAppender - get Todo function started
2017-06-12 00:05:30,742 INFO MyAppender - Query : select * from  all_todos
2017-06-12 00:05:30,782 INFO MyAppender - ordered successfully
2017-06-12 00:05:30,786 INFO MyAppender - ordered data[0].title : delectus aut autem
2017-06-12 00:05:30,790 INFO MyAppender - connection is closing...

2017-06-12 00:05:30,795 INFO MyAppender - Closed

2017-06-12 09:53:28,894 INFO MyAppender - get To DO data
2017-06-12 09:53:28,902 INFO MyAppender - connection is starting...

2017-06-12 09:53:29,007 INFO MyAppender - Connected

2017-06-12 09:53:29,014 INFO MyAppender - get Todo function started
2017-06-12 09:53:29,019 INFO MyAppender - Query : select * from  all_todos
2017-06-12 09:53:29,071 INFO MyAppender - ordered successfully
2017-06-12 09:53:29,088 INFO MyAppender - ordered data[0].title : delectus aut autem
2017-06-12 09:53:29,092 INFO MyAppender - connection is closing...

2017-06-12 09:53:29,097 INFO MyAppender - Closed

2017-06-12 10:01:11,428 INFO MyAppender - connection is starting...

2017-06-12 10:01:11,434 INFO MyAppender - Connected

2017-06-12 10:01:11,439 INFO MyAppender - Execution query : update all_todos set priority = 'HIGH' where id = 4
2017-06-12 10:01:11,468 INFO MyAppender - connection is closing...

2017-06-12 10:01:11,472 INFO MyAppender - Closed

2017-06-12 10:01:11,934 INFO MyAppender - connection is starting...

2017-06-12 10:01:11,946 INFO MyAppender - Connected

2017-06-12 10:01:11,952 INFO MyAppender - Execution query : update all_todos set priority = 'HIGH' where id = 10
2017-06-12 10:01:11,977 INFO MyAppender - connection is closing...

2017-06-12 10:01:11,982 INFO MyAppender - Closed

2017-06-12 10:01:12,434 INFO MyAppender - connection is starting...

2017-06-12 10:01:12,438 INFO MyAppender - Connected

2017-06-12 10:01:12,443 INFO MyAppender - Execution query : update all_todos set priority = 'HIGH' where id = 8
2017-06-12 10:01:12,466 INFO MyAppender - connection is closing...

2017-06-12 10:01:12,470 INFO MyAppender - Closed

2017-06-12 10:02:21,673 INFO MyAppender - get To DO data
2017-06-12 10:02:21,679 INFO MyAppender - connection is starting...

2017-06-12 10:02:21,685 INFO MyAppender - Connected

2017-06-12 10:02:21,694 INFO MyAppender - get Todo function started
2017-06-12 10:02:21,702 INFO MyAppender - Query : select * from  all_todos
2017-06-12 10:02:21,724 INFO MyAppender - ordered successfully
2017-06-12 10:02:21,730 INFO MyAppender - ordered data[0].title : delectus aut autem
2017-06-12 10:02:21,735 INFO MyAppender - connection is closing...

2017-06-12 10:02:21,741 INFO MyAppender - Closed

2017-06-12 10:02:27,345 INFO MyAppender - get To DO data
2017-06-12 10:02:27,352 INFO MyAppender - connection is starting...

2017-06-12 10:02:27,358 INFO MyAppender - Connected

2017-06-12 10:02:27,363 INFO MyAppender - get Todo function started
2017-06-12 10:02:27,369 INFO MyAppender - Query : select * from  all_todos
2017-06-12 10:02:27,392 INFO MyAppender - ordered successfully
2017-06-12 10:02:27,398 INFO MyAppender - ordered data[0].title : delectus aut autem
2017-06-12 10:02:27,408 INFO MyAppender - connection is closing...

2017-06-12 10:02:27,414 INFO MyAppender - Closed

2017-06-12 10:07:20,455 INFO MyAppender - connection is starting...

2017-06-12 10:07:20,460 INFO MyAppender - Connected

2017-06-12 10:07:20,465 INFO MyAppender - Execution query : truncate table all_todos
2017-06-12 10:07:20,601 INFO MyAppender - connection is closing...

2017-06-12 10:07:20,606 INFO MyAppender - Closed

2017-06-12 10:07:20,610 INFO MyAppender - connection is starting...

2017-06-12 10:07:20,615 INFO MyAppender - Connected

2017-06-12 10:07:20,654 INFO MyAppender - Data has been added and commited
2017-06-12 10:07:20,674 INFO MyAppender - Data has been added and commited
2017-06-12 10:07:20,692 INFO MyAppender - Data has been added and commited
2017-06-12 10:07:20,716 INFO MyAppender - Data has been added and commited
2017-06-12 10:07:20,735 INFO MyAppender - Data has been added and commited
2017-06-12 10:07:20,753 INFO MyAppender - Data has been added and commited
2017-06-12 10:07:20,771 INFO MyAppender - Data has been added and commited
2017-06-12 10:07:20,785 INFO MyAppender - Data has been added and commited
2017-06-12 10:07:20,800 INFO MyAppender - Data has been added and commited
2017-06-12 10:07:20,818 INFO MyAppender - Data has been added and commited
2017-06-12 10:07:20,833 INFO MyAppender - Data has been added and commited
2017-06-12 10:07:20,849 INFO MyAppender - Data has been added and commited
2017-06-12 10:07:20,865 INFO MyAppender - Data has been added and commited
2017-06-12 10:07:20,884 INFO MyAppender - Data has been added and commited
2017-06-12 10:07:20,900 INFO MyAppender - Data has been added and commited
2017-06-12 10:07:20,915 INFO MyAppender - Data has been added and commited
2017-06-12 10:07:20,932 INFO MyAppender - Data has been added and commited
2017-06-12 10:07:20,948 INFO MyAppender - Data has been added and commited
2017-06-12 10:07:20,968 INFO MyAppender - Data has been added and commited
2017-06-12 10:07:20,983 INFO MyAppender - Data has been added and commited
2017-06-12 10:07:21,005 INFO MyAppender - Data has been added and commited
2017-06-12 10:07:21,021 INFO MyAppender - Data has been added and commited
2017-06-12 10:07:21,038 INFO MyAppender - Data has been added and commited
2017-06-12 10:07:21,053 INFO MyAppender - Data has been added and commited
2017-06-12 10:07:21,069 INFO MyAppender - Data has been added and commited
2017-06-12 10:07:21,091 INFO MyAppender - Data has been added and commited
2017-06-12 10:07:21,114 INFO MyAppender - Data has been added and commited
2017-06-12 10:07:21,136 INFO MyAppender - Data has been added and commited
2017-06-12 10:07:21,156 INFO MyAppender - Data has been added and commited
2017-06-12 10:07:21,179 INFO MyAppender - Data has been added and commited
2017-06-12 10:07:21,204 INFO MyAppender - Data has been added and commited
2017-06-12 10:07:21,228 INFO MyAppender - Data has been added and commited
2017-06-12 10:07:21,246 INFO MyAppender - Data has been added and commited
2017-06-12 10:07:21,268 INFO MyAppender - Data has been added and commited
2017-06-12 10:07:21,283 INFO MyAppender - Data has been added and commited
2017-06-12 10:07:21,301 INFO MyAppender - Data has been added and commited
2017-06-12 10:07:21,318 INFO MyAppender - Data has been added and commited
2017-06-12 10:07:21,340 INFO MyAppender - Data has been added and commited
2017-06-12 10:07:21,359 INFO MyAppender - Data has been added and commited
2017-06-12 10:07:21,378 INFO MyAppender - Data has been added and commited
2017-06-12 10:07:21,393 INFO MyAppender - Data has been added and commited
2017-06-12 10:07:21,411 INFO MyAppender - Data has been added and commited
2017-06-12 10:07:21,430 INFO MyAppender - Data has been added and commited
2017-06-12 10:07:21,445 INFO MyAppender - Data has been added and commited
2017-06-12 10:07:21,462 INFO MyAppender - Data has been added and commited
2017-06-12 10:07:21,477 INFO MyAppender - Data has been added and commited
2017-06-12 10:07:21,493 INFO MyAppender - Data has been added and commited
2017-06-12 10:07:21,509 INFO MyAppender - Data has been added and commited
2017-06-12 10:07:21,525 INFO MyAppender - Data has been added and commited
2017-06-12 10:07:21,541 INFO MyAppender - Data has been added and commited
2017-06-12 10:07:21,557 INFO MyAppender - Data has been added and commited
2017-06-12 10:07:21,573 INFO MyAppender - Data has been added and commited
2017-06-12 10:07:21,589 INFO MyAppender - Data has been added and commited
2017-06-12 10:07:21,605 INFO MyAppender - Data has been added and commited
2017-06-12 10:07:21,621 INFO MyAppender - Data has been added and commited
2017-06-12 10:07:21,638 INFO MyAppender - Data has been added and commited
2017-06-12 10:07:21,654 INFO MyAppender - Data has been added and commited
2017-06-12 10:07:21,674 INFO MyAppender - Data has been added and commited
2017-06-12 10:07:21,691 INFO MyAppender - Data has been added and commited
2017-06-12 10:07:21,716 INFO MyAppender - Data has been added and commited
2017-06-12 10:07:21,731 INFO MyAppender - Data has been added and commited
2017-06-12 10:07:21,763 INFO MyAppender - Data has been added and commited
2017-06-12 10:07:21,787 INFO MyAppender - Data has been added and commited
2017-06-12 10:07:21,810 INFO MyAppender - Data has been added and commited
2017-06-12 10:07:21,835 INFO MyAppender - Data has been added and commited
2017-06-12 10:07:21,860 INFO MyAppender - Data has been added and commited
2017-06-12 10:07:21,885 INFO MyAppender - Data has been added and commited
2017-06-12 10:07:21,914 INFO MyAppender - Data has been added and commited
2017-06-12 10:07:21,932 INFO MyAppender - Data has been added and commited
2017-06-12 10:07:21,947 INFO MyAppender - Data has been added and commited
2017-06-12 10:07:21,962 INFO MyAppender - Data has been added and commited
2017-06-12 10:07:21,978 INFO MyAppender - Data has been added and commited
2017-06-12 10:07:21,994 INFO MyAppender - Data has been added and commited
2017-06-12 10:07:22,009 INFO MyAppender - Data has been added and commited
2017-06-12 10:07:22,026 INFO MyAppender - Data has been added and commited
2017-06-12 10:07:22,047 INFO MyAppender - Data has been added and commited
2017-06-12 10:07:22,073 INFO MyAppender - Data has been added and commited
2017-06-12 10:07:22,104 INFO MyAppender - Data has been added and commited
2017-06-12 10:07:22,127 INFO MyAppender - Data has been added and commited
2017-06-12 10:07:22,153 INFO MyAppender - Data has been added and commited
2017-06-12 10:07:22,168 INFO MyAppender - Data has been added and commited
2017-06-12 10:07:22,194 INFO MyAppender - Data has been added and commited
2017-06-12 10:07:22,221 INFO MyAppender - Data has been added and commited
2017-06-12 10:07:22,242 INFO MyAppender - Data has been added and commited
2017-06-12 10:07:22,259 INFO MyAppender - Data has been added and commited
2017-06-12 10:07:22,284 INFO MyAppender - Data has been added and commited
2017-06-12 10:07:22,299 INFO MyAppender - Data has been added and commited
2017-06-12 10:07:22,324 INFO MyAppender - Data has been added and commited
2017-06-12 10:07:22,342 INFO MyAppender - Data has been added and commited
2017-06-12 10:07:22,358 INFO MyAppender - Data has been added and commited
2017-06-12 10:07:22,374 INFO MyAppender - Data has been added and commited
2017-06-12 10:07:22,391 INFO MyAppender - Data has been added and commited
2017-06-12 10:07:22,409 INFO MyAppender - Data has been added and commited
2017-06-12 10:07:22,426 INFO MyAppender - Data has been added and commited
2017-06-12 10:07:22,442 INFO MyAppender - Data has been added and commited
2017-06-12 10:07:22,458 INFO MyAppender - Data has been added and commited
2017-06-12 10:07:22,477 INFO MyAppender - Data has been added and commited
2017-06-12 10:07:22,503 INFO MyAppender - Data has been added and commited
2017-06-12 10:07:22,531 INFO MyAppender - Data has been added and commited
2017-06-12 10:07:22,552 INFO MyAppender - Data has been added and commited
2017-06-12 10:07:22,867 INFO MyAppender - Data has been added and commited
2017-06-12 10:07:22,885 INFO MyAppender - Data has been added and commited
2017-06-12 10:07:22,903 INFO MyAppender - Data has been added and commited
2017-06-12 10:07:22,920 INFO MyAppender - Data has been added and commited
2017-06-12 10:07:22,938 INFO MyAppender - Data has been added and commited
2017-06-12 10:07:22,954 INFO MyAppender - Data has been added and commited
2017-06-12 10:07:22,972 INFO MyAppender - Data has been added and commited
2017-06-12 10:07:22,989 INFO MyAppender - Data has been added and commited
2017-06-12 10:07:23,005 INFO MyAppender - Data has been added and commited
2017-06-12 10:07:23,022 INFO MyAppender - Data has been added and commited
2017-06-12 10:07:23,039 INFO MyAppender - Data has been added and commited
2017-06-12 10:07:23,061 INFO MyAppender - Data has been added and commited
2017-06-12 10:07:23,078 INFO MyAppender - Data has been added and commited
2017-06-12 10:07:23,094 INFO MyAppender - Data has been added and commited
2017-06-12 10:07:23,115 INFO MyAppender - Data has been added and commited
2017-06-12 10:07:23,132 INFO MyAppender - Data has been added and commited
2017-06-12 10:07:23,151 INFO MyAppender - Data has been added and commited
2017-06-12 10:07:23,175 INFO MyAppender - Data has been added and commited
2017-06-12 10:07:23,196 INFO MyAppender - Data has been added and commited
2017-06-12 10:07:23,228 INFO MyAppender - Data has been added and commited
2017-06-12 10:07:23,243 INFO MyAppender - Data has been added and commited
2017-06-12 10:07:23,260 INFO MyAppender - Data has been added and commited
2017-06-12 10:07:23,277 INFO MyAppender - Data has been added and commited
2017-06-12 10:07:23,292 INFO MyAppender - Data has been added and commited
2017-06-12 10:07:23,306 INFO MyAppender - Data has been added and commited
2017-06-12 10:07:23,323 INFO MyAppender - Data has been added and commited
2017-06-12 10:07:23,340 INFO MyAppender - Data has been added and commited
2017-06-12 10:07:23,367 INFO MyAppender - Data has been added and commited
2017-06-12 10:07:23,394 INFO MyAppender - Data has been added and commited
2017-06-12 10:07:23,419 INFO MyAppender - Data has been added and commited
2017-06-12 10:07:23,434 INFO MyAppender - Data has been added and commited
2017-06-12 10:07:23,450 INFO MyAppender - Data has been added and commited
2017-06-12 10:07:23,465 INFO MyAppender - Data has been added and commited
2017-06-12 10:07:23,483 INFO MyAppender - Data has been added and commited
2017-06-12 10:07:23,497 INFO MyAppender - Data has been added and commited
2017-06-12 10:07:23,513 INFO MyAppender - Data has been added and commited
2017-06-12 10:07:23,530 INFO MyAppender - Data has been added and commited
2017-06-12 10:07:23,546 INFO MyAppender - Data has been added and commited
2017-06-12 10:07:23,562 INFO MyAppender - Data has been added and commited
2017-06-12 10:07:23,879 INFO MyAppender - Data has been added and commited
2017-06-12 10:07:23,894 INFO MyAppender - Data has been added and commited
2017-06-12 10:07:23,910 INFO MyAppender - Data has been added and commited
2017-06-12 10:07:23,927 INFO MyAppender - Data has been added and commited
2017-06-12 10:07:23,943 INFO MyAppender - Data has been added and commited
2017-06-12 10:07:23,959 INFO MyAppender - Data has been added and commited
2017-06-12 10:07:23,975 INFO MyAppender - Data has been added and commited
2017-06-12 10:07:23,990 INFO MyAppender - Data has been added and commited
2017-06-12 10:07:24,005 INFO MyAppender - Data has been added and commited
2017-06-12 10:07:24,020 INFO MyAppender - Data has been added and commited
2017-06-12 10:07:24,035 INFO MyAppender - Data has been added and commited
2017-06-12 10:07:24,052 INFO MyAppender - Data has been added and commited
2017-06-12 10:07:24,067 INFO MyAppender - Data has been added and commited
2017-06-12 10:07:24,082 INFO MyAppender - Data has been added and commited
2017-06-12 10:07:24,096 INFO MyAppender - Data has been added and commited
2017-06-12 10:07:24,111 INFO MyAppender - Data has been added and commited
2017-06-12 10:07:24,127 INFO MyAppender - Data has been added and commited
2017-06-12 10:07:24,141 INFO MyAppender - Data has been added and commited
2017-06-12 10:07:24,157 INFO MyAppender - Data has been added and commited
2017-06-12 10:07:24,172 INFO MyAppender - Data has been added and commited
2017-06-12 10:07:24,188 INFO MyAppender - Data has been added and commited
2017-06-12 10:07:24,210 INFO MyAppender - Data has been added and commited
2017-06-12 10:07:24,225 INFO MyAppender - Data has been added and commited
2017-06-12 10:07:24,242 INFO MyAppender - Data has been added and commited
2017-06-12 10:07:24,258 INFO MyAppender - Data has been added and commited
2017-06-12 10:07:24,273 INFO MyAppender - Data has been added and commited
2017-06-12 10:07:24,300 INFO MyAppender - Data has been added and commited
2017-06-12 10:07:24,315 INFO MyAppender - Data has been added and commited
2017-06-12 10:07:24,329 INFO MyAppender - Data has been added and commited
2017-06-12 10:07:24,348 INFO MyAppender - Data has been added and commited
2017-06-12 10:07:24,364 INFO MyAppender - Data has been added and commited
2017-06-12 10:07:24,379 INFO MyAppender - Data has been added and commited
2017-06-12 10:07:24,397 INFO MyAppender - Data has been added and commited
2017-06-12 10:07:24,416 INFO MyAppender - Data has been added and commited
2017-06-12 10:07:24,431 INFO MyAppender - Data has been added and commited
2017-06-12 10:07:24,451 INFO MyAppender - Data has been added and commited
2017-06-12 10:07:24,469 INFO MyAppender - Data has been added and commited
2017-06-12 10:07:24,584 INFO MyAppender - Data has been added and commited
2017-06-12 10:07:24,609 INFO MyAppender - Data has been added and commited
2017-06-12 10:07:24,630 INFO MyAppender - Data has been added and commited
2017-06-12 10:07:24,650 INFO MyAppender - Data has been added and commited
2017-06-12 10:07:24,666 INFO MyAppender - Data has been added and commited
2017-06-12 10:07:24,683 INFO MyAppender - Data has been added and commited
2017-06-12 10:07:24,702 INFO MyAppender - Data has been added and commited
2017-06-12 10:07:24,726 INFO MyAppender - Data has been added and commited
2017-06-12 10:07:24,753 INFO MyAppender - Data has been added and commited
2017-06-12 10:07:24,780 INFO MyAppender - Data has been added and commited
2017-06-12 10:07:24,811 INFO MyAppender - Data has been added and commited
2017-06-12 10:07:24,838 INFO MyAppender - Data has been added and commited
2017-06-12 10:07:24,868 INFO MyAppender - Data has been added and commited
2017-06-12 10:07:24,893 INFO MyAppender - Data has been added and commited
2017-06-12 10:07:24,920 INFO MyAppender - Data has been added and commited
2017-06-12 10:07:24,945 INFO MyAppender - Data has been added and commited
2017-06-12 10:07:24,969 INFO MyAppender - Data has been added and commited
2017-06-12 10:07:24,984 INFO MyAppender - Data has been added and commited
2017-06-12 10:07:25,002 INFO MyAppender - Data has been added and commited
2017-06-12 10:07:25,019 INFO MyAppender - Data has been added and commited
2017-06-12 10:07:25,035 INFO MyAppender - Data has been added and commited
2017-06-12 10:07:25,050 INFO MyAppender - Data has been added and commited
2017-06-12 10:07:25,069 INFO MyAppender - Data has been added and commited
2017-06-12 10:07:25,088 INFO MyAppender - Data has been added and commited
2017-06-12 10:07:25,093 INFO MyAppender - connection is closing...

2017-06-12 10:07:25,097 INFO MyAppender - Closed

2017-06-12 10:07:28,417 INFO MyAppender - get To DO data
2017-06-12 10:07:28,423 INFO MyAppender - connection is starting...

2017-06-12 10:07:28,428 INFO MyAppender - Connected

2017-06-12 10:07:28,433 INFO MyAppender - get Todo function started
2017-06-12 10:07:28,439 INFO MyAppender - Query : select * from  all_todos
2017-06-12 10:07:28,464 INFO MyAppender - ordered successfully
2017-06-12 10:07:28,468 INFO MyAppender - ordered data[0].title : et placeat temporibus voluptas est tempora quos quibusdam
2017-06-12 10:07:28,472 INFO MyAppender - connection is closing...

2017-06-12 10:07:28,476 INFO MyAppender - Closed

2017-06-12 10:07:41,231 INFO MyAppender - get To DO data
2017-06-12 10:07:41,236 INFO MyAppender - connection is starting...

2017-06-12 10:07:41,242 INFO MyAppender - Connected

2017-06-12 10:07:41,248 INFO MyAppender - get Todo function started
2017-06-12 10:07:41,253 INFO MyAppender - Query : select * from  all_todos
2017-06-12 10:07:41,280 INFO MyAppender - ordered successfully
2017-06-12 10:07:41,285 INFO MyAppender - ordered data[0].title : et placeat temporibus voluptas est tempora quos quibusdam
2017-06-12 10:07:41,290 INFO MyAppender - connection is closing...

2017-06-12 10:07:41,295 INFO MyAppender - Closed

2017-06-12 10:07:47,555 INFO MyAppender - get To DO data
2017-06-12 10:07:47,562 INFO MyAppender - connection is starting...

2017-06-12 10:07:47,574 INFO MyAppender - Connected

2017-06-12 10:07:47,584 INFO MyAppender - get Todo function started
2017-06-12 10:07:47,601 INFO MyAppender - Query : select * from  all_todos
2017-06-12 10:07:47,634 INFO MyAppender - ordered successfully
2017-06-12 10:07:47,641 INFO MyAppender - ordered data[0].title : et placeat temporibus voluptas est tempora quos quibusdam
2017-06-12 10:07:47,648 INFO MyAppender - connection is closing...

2017-06-12 10:07:47,658 INFO MyAppender - Closed

2017-06-12 10:07:57,047 INFO MyAppender - get To DO data
2017-06-12 10:07:57,053 INFO MyAppender - connection is starting...

2017-06-12 10:07:57,059 INFO MyAppender - Connected

2017-06-12 10:07:57,064 INFO MyAppender - get Todo function started
2017-06-12 10:07:57,069 INFO MyAppender - Query : select * from  all_todos
2017-06-12 10:07:57,086 INFO MyAppender - ordered successfully
2017-06-12 10:07:57,093 INFO MyAppender - ordered data[0].title : et placeat temporibus voluptas est tempora quos quibusdam
2017-06-12 10:07:57,098 INFO MyAppender - connection is closing...

2017-06-12 10:07:57,103 INFO MyAppender - Closed

2017-06-12 10:08:00,959 INFO MyAppender - connection is starting...

2017-06-12 10:08:00,964 INFO MyAppender - Connected

2017-06-12 10:08:00,969 INFO MyAppender - Execution query : truncate table all_todos
2017-06-12 10:08:01,042 INFO MyAppender - connection is closing...

2017-06-12 10:08:01,047 INFO MyAppender - Closed

2017-06-12 10:08:01,051 INFO MyAppender - connection is starting...

2017-06-12 10:08:01,055 INFO MyAppender - Connected

2017-06-12 10:08:01,075 INFO MyAppender - Data has been added and commited
2017-06-12 10:08:01,090 INFO MyAppender - Data has been added and commited
2017-06-12 10:08:01,112 INFO MyAppender - Data has been added and commited
2017-06-12 10:08:01,138 INFO MyAppender - Data has been added and commited
2017-06-12 10:08:01,161 INFO MyAppender - Data has been added and commited
2017-06-12 10:08:01,188 INFO MyAppender - Data has been added and commited
2017-06-12 10:08:01,208 INFO MyAppender - Data has been added and commited
2017-06-12 10:08:01,226 INFO MyAppender - Data has been added and commited
2017-06-12 10:08:01,254 INFO MyAppender - Data has been added and commited
2017-06-12 10:08:01,272 INFO MyAppender - Data has been added and commited
2017-06-12 10:08:01,299 INFO MyAppender - Data has been added and commited
2017-06-12 10:08:01,328 INFO MyAppender - Data has been added and commited
2017-06-12 10:08:01,361 INFO MyAppender - Data has been added and commited
2017-06-12 10:08:01,378 INFO MyAppender - Data has been added and commited
2017-06-12 10:08:01,394 INFO MyAppender - Data has been added and commited
2017-06-12 10:08:01,411 INFO MyAppender - Data has been added and commited
2017-06-12 10:08:01,427 INFO MyAppender - Data has been added and commited
2017-06-12 10:08:01,443 INFO MyAppender - Data has been added and commited
2017-06-12 10:08:01,459 INFO MyAppender - Data has been added and commited
2017-06-12 10:08:01,476 INFO MyAppender - Data has been added and commited
2017-06-12 10:08:01,492 INFO MyAppender - Data has been added and commited
2017-06-12 10:08:01,508 INFO MyAppender - Data has been added and commited
2017-06-12 10:08:01,528 INFO MyAppender - Data has been added and commited
2017-06-12 10:08:01,546 INFO MyAppender - Data has been added and commited
2017-06-12 10:08:01,568 INFO MyAppender - Data has been added and commited
2017-06-12 10:08:01,582 INFO MyAppender - Data has been added and commited
2017-06-12 10:08:01,600 INFO MyAppender - Data has been added and commited
2017-06-12 10:08:01,618 INFO MyAppender - Data has been added and commited
2017-06-12 10:08:01,635 INFO MyAppender - Data has been added and commited
2017-06-12 10:08:01,656 INFO MyAppender - Data has been added and commited
2017-06-12 10:08:01,682 INFO MyAppender - Data has been added and commited
2017-06-12 10:08:01,703 INFO MyAppender - Data has been added and commited
2017-06-12 10:08:01,726 INFO MyAppender - Data has been added and commited
2017-06-12 10:08:01,748 INFO MyAppender - Data has been added and commited
2017-06-12 10:08:01,768 INFO MyAppender - Data has been added and commited
2017-06-12 10:08:01,786 INFO MyAppender - Data has been added and commited
2017-06-12 10:08:01,802 INFO MyAppender - Data has been added and commited
2017-06-12 10:08:01,819 INFO MyAppender - Data has been added and commited
2017-06-12 10:08:01,839 INFO MyAppender - Data has been added and commited
2017-06-12 10:08:01,861 INFO MyAppender - Data has been added and commited
2017-06-12 10:08:01,876 INFO MyAppender - Data has been added and commited
2017-06-12 10:08:01,899 INFO MyAppender - Data has been added and commited
2017-06-12 10:08:01,918 INFO MyAppender - Data has been added and commited
2017-06-12 10:08:01,933 INFO MyAppender - Data has been added and commited
2017-06-12 10:08:01,949 INFO MyAppender - Data has been added and commited
2017-06-12 10:08:01,972 INFO MyAppender - Data has been added and commited
2017-06-12 10:08:01,989 INFO MyAppender - Data has been added and commited
2017-06-12 10:08:02,004 INFO MyAppender - Data has been added and commited
2017-06-12 10:08:02,027 INFO MyAppender - Data has been added and commited
2017-06-12 10:08:02,049 INFO MyAppender - Data has been added and commited
2017-06-12 10:08:02,070 INFO MyAppender - Data has been added and commited
2017-06-12 10:08:02,091 INFO MyAppender - Data has been added and commited
2017-06-12 10:08:02,108 INFO MyAppender - Data has been added and commited
2017-06-12 10:08:02,123 INFO MyAppender - Data has been added and commited
2017-06-12 10:08:02,138 INFO MyAppender - Data has been added and commited
2017-06-12 10:08:02,153 INFO MyAppender - Data has been added and commited
2017-06-12 10:08:02,170 INFO MyAppender - Data has been added and commited
2017-06-12 10:08:02,191 INFO MyAppender - Data has been added and commited
2017-06-12 10:08:02,206 INFO MyAppender - Data has been added and commited
2017-06-12 10:08:02,225 INFO MyAppender - Data has been added and commited
2017-06-12 10:08:02,239 INFO MyAppender - Data has been added and commited
2017-06-12 10:08:02,255 INFO MyAppender - Data has been added and commited
2017-06-12 10:08:02,269 INFO MyAppender - Data has been added and commited
2017-06-12 10:08:02,283 INFO MyAppender - Data has been added and commited
2017-06-12 10:08:02,298 INFO MyAppender - Data has been added and commited
2017-06-12 10:08:02,327 INFO MyAppender - Data has been added and commited
2017-06-12 10:08:02,349 INFO MyAppender - Data has been added and commited
2017-06-12 10:08:02,365 INFO MyAppender - Data has been added and commited
2017-06-12 10:08:02,379 INFO MyAppender - Data has been added and commited
2017-06-12 10:08:02,395 INFO MyAppender - Data has been added and commited
2017-06-12 10:08:02,411 INFO MyAppender - Data has been added and commited
2017-06-12 10:08:02,427 INFO MyAppender - Data has been added and commited
2017-06-12 10:08:02,443 INFO MyAppender - Data has been added and commited
2017-06-12 10:08:02,460 INFO MyAppender - Data has been added and commited
2017-06-12 10:08:02,477 INFO MyAppender - Data has been added and commited
2017-06-12 10:08:02,506 INFO MyAppender - Data has been added and commited
2017-06-12 10:08:02,521 INFO MyAppender - Data has been added and commited
2017-06-12 10:08:02,539 INFO MyAppender - Data has been added and commited
2017-06-12 10:08:02,556 INFO MyAppender - Data has been added and commited
2017-06-12 10:08:02,572 INFO MyAppender - Data has been added and commited
2017-06-12 10:08:02,589 INFO MyAppender - Data has been added and commited
2017-06-12 10:08:02,616 INFO MyAppender - Data has been added and commited
2017-06-12 10:08:02,632 INFO MyAppender - Data has been added and commited
2017-06-12 10:08:02,647 INFO MyAppender - Data has been added and commited
2017-06-12 10:08:02,663 INFO MyAppender - Data has been added and commited
2017-06-12 10:08:02,679 INFO MyAppender - Data has been added and commited
2017-06-12 10:08:02,696 INFO MyAppender - Data has been added and commited
2017-06-12 10:08:02,715 INFO MyAppender - Data has been added and commited
2017-06-12 10:08:02,738 INFO MyAppender - Data has been added and commited
2017-06-12 10:08:02,757 INFO MyAppender - Data has been added and commited
2017-06-12 10:08:02,777 INFO MyAppender - Data has been added and commited
2017-06-12 10:08:02,799 INFO MyAppender - Data has been added and commited
2017-06-12 10:08:02,821 INFO MyAppender - Data has been added and commited
2017-06-12 10:08:02,840 INFO MyAppender - Data has been added and commited
2017-06-12 10:08:02,858 INFO MyAppender - Data has been added and commited
2017-06-12 10:08:02,874 INFO MyAppender - Data has been added and commited
2017-06-12 10:08:02,890 INFO MyAppender - Data has been added and commited
2017-06-12 10:08:02,909 INFO MyAppender - Data has been added and commited
2017-06-12 10:08:02,927 INFO MyAppender - Data has been added and commited
2017-06-12 10:08:02,948 INFO MyAppender - Data has been added and commited
2017-06-12 10:08:02,965 INFO MyAppender - Data has been added and commited
2017-06-12 10:08:02,981 INFO MyAppender - Data has been added and commited
2017-06-12 10:08:02,997 INFO MyAppender - Data has been added and commited
2017-06-12 10:08:03,014 INFO MyAppender - Data has been added and commited
2017-06-12 10:08:03,029 INFO MyAppender - Data has been added and commited
2017-06-12 10:08:03,050 INFO MyAppender - Data has been added and commited
2017-06-12 10:08:03,067 INFO MyAppender - Data has been added and commited
2017-06-12 10:08:03,088 INFO MyAppender - Data has been added and commited
2017-06-12 10:08:03,104 INFO MyAppender - Data has been added and commited
2017-06-12 10:08:03,120 INFO MyAppender - Data has been added and commited
2017-06-12 10:08:03,140 INFO MyAppender - Data has been added and commited
2017-06-12 10:08:03,155 INFO MyAppender - Data has been added and commited
2017-06-12 10:08:03,172 INFO MyAppender - Data has been added and commited
2017-06-12 10:08:03,188 INFO MyAppender - Data has been added and commited
2017-06-12 10:08:03,202 INFO MyAppender - Data has been added and commited
2017-06-12 10:08:03,217 INFO MyAppender - Data has been added and commited
2017-06-12 10:08:03,237 INFO MyAppender - Data has been added and commited
2017-06-12 10:08:03,255 INFO MyAppender - Data has been added and commited
2017-06-12 10:08:03,279 INFO MyAppender - Data has been added and commited
2017-06-12 10:08:03,294 INFO MyAppender - Data has been added and commited
2017-06-12 10:08:03,318 INFO MyAppender - Data has been added and commited
2017-06-12 10:08:03,339 INFO MyAppender - Data has been added and commited
2017-06-12 10:08:03,361 INFO MyAppender - Data has been added and commited
2017-06-12 10:08:03,383 INFO MyAppender - Data has been added and commited
2017-06-12 10:08:03,407 INFO MyAppender - Data has been added and commited
2017-06-12 10:08:03,425 INFO MyAppender - Data has been added and commited
2017-06-12 10:08:03,443 INFO MyAppender - Data has been added and commited
2017-06-12 10:08:03,463 INFO MyAppender - Data has been added and commited
2017-06-12 10:08:03,483 INFO MyAppender - Data has been added and commited
2017-06-12 10:08:03,501 INFO MyAppender - Data has been added and commited
2017-06-12 10:08:03,518 INFO MyAppender - Data has been added and commited
2017-06-12 10:08:03,546 INFO MyAppender - Data has been added and commited
2017-06-12 10:08:03,869 INFO MyAppender - Data has been added and commited
2017-06-12 10:08:03,896 INFO MyAppender - Data has been added and commited
2017-06-12 10:08:03,915 INFO MyAppender - Data has been added and commited
2017-06-12 10:08:03,942 INFO MyAppender - Data has been added and commited
2017-06-12 10:08:03,957 INFO MyAppender - Data has been added and commited
2017-06-12 10:08:03,972 INFO MyAppender - Data has been added and commited
2017-06-12 10:08:03,987 INFO MyAppender - Data has been added and commited
2017-06-12 10:08:04,003 INFO MyAppender - Data has been added and commited
2017-06-12 10:08:04,017 INFO MyAppender - Data has been added and commited
2017-06-12 10:08:04,033 INFO MyAppender - Data has been added and commited
2017-06-12 10:08:04,049 INFO MyAppender - Data has been added and commited
2017-06-12 10:08:04,068 INFO MyAppender - Data has been added and commited
2017-06-12 10:08:04,088 INFO MyAppender - Data has been added and commited
2017-06-12 10:08:04,112 INFO MyAppender - Data has been added and commited
2017-06-12 10:08:04,138 INFO MyAppender - Data has been added and commited
2017-06-12 10:08:04,162 INFO MyAppender - Data has been added and commited
2017-06-12 10:08:04,178 INFO MyAppender - Data has been added and commited
2017-06-12 10:08:04,194 INFO MyAppender - Data has been added and commited
2017-06-12 10:08:04,211 INFO MyAppender - Data has been added and commited
2017-06-12 10:08:04,231 INFO MyAppender - Data has been added and commited
2017-06-12 10:08:04,248 INFO MyAppender - Data has been added and commited
2017-06-12 10:08:04,262 INFO MyAppender - Data has been added and commited
2017-06-12 10:08:04,280 INFO MyAppender - Data has been added and commited
2017-06-12 10:08:04,360 INFO MyAppender - Data has been added and commited
2017-06-12 10:08:04,376 INFO MyAppender - Data has been added and commited
2017-06-12 10:08:04,392 INFO MyAppender - Data has been added and commited
2017-06-12 10:08:04,408 INFO MyAppender - Data has been added and commited
2017-06-12 10:08:04,425 INFO MyAppender - Data has been added and commited
2017-06-12 10:08:04,442 INFO MyAppender - Data has been added and commited
2017-06-12 10:08:04,460 INFO MyAppender - Data has been added and commited
2017-06-12 10:08:04,478 INFO MyAppender - Data has been added and commited
2017-06-12 10:08:04,494 INFO MyAppender - Data has been added and commited
2017-06-12 10:08:04,510 INFO MyAppender - Data has been added and commited
2017-06-12 10:08:04,529 INFO MyAppender - Data has been added and commited
2017-06-12 10:08:04,546 INFO MyAppender - Data has been added and commited
2017-06-12 10:08:04,562 INFO MyAppender - Data has been added and commited
2017-06-12 10:08:04,581 INFO MyAppender - Data has been added and commited
2017-06-12 10:08:04,600 INFO MyAppender - Data has been added and commited
2017-06-12 10:08:04,618 INFO MyAppender - Data has been added and commited
2017-06-12 10:08:04,634 INFO MyAppender - Data has been added and commited
2017-06-12 10:08:04,651 INFO MyAppender - Data has been added and commited
2017-06-12 10:08:04,670 INFO MyAppender - Data has been added and commited
2017-06-12 10:08:04,686 INFO MyAppender - Data has been added and commited
2017-06-12 10:08:04,702 INFO MyAppender - Data has been added and commited
2017-06-12 10:08:04,721 INFO MyAppender - Data has been added and commited
2017-06-12 10:08:04,741 INFO MyAppender - Data has been added and commited
2017-06-12 10:08:04,765 INFO MyAppender - Data has been added and commited
2017-06-12 10:08:04,786 INFO MyAppender - Data has been added and commited
2017-06-12 10:08:04,801 INFO MyAppender - Data has been added and commited
2017-06-12 10:08:04,819 INFO MyAppender - Data has been added and commited
2017-06-12 10:08:04,835 INFO MyAppender - Data has been added and commited
2017-06-12 10:08:04,851 INFO MyAppender - Data has been added and commited
2017-06-12 10:08:04,868 INFO MyAppender - Data has been added and commited
2017-06-12 10:08:04,884 INFO MyAppender - Data has been added and commited
2017-06-12 10:08:04,900 INFO MyAppender - Data has been added and commited
2017-06-12 10:08:04,917 INFO MyAppender - Data has been added and commited
2017-06-12 10:08:04,933 INFO MyAppender - Data has been added and commited
2017-06-12 10:08:04,949 INFO MyAppender - Data has been added and commited
2017-06-12 10:08:04,967 INFO MyAppender - Data has been added and commited
2017-06-12 10:08:04,984 INFO MyAppender - Data has been added and commited
2017-06-12 10:08:05,000 INFO MyAppender - Data has been added and commited
2017-06-12 10:08:05,016 INFO MyAppender - Data has been added and commited
2017-06-12 10:08:05,032 INFO MyAppender - Data has been added and commited
2017-06-12 10:08:05,049 INFO MyAppender - Data has been added and commited
2017-06-12 10:08:05,072 INFO MyAppender - Data has been added and commited
2017-06-12 10:08:05,096 INFO MyAppender - Data has been added and commited
2017-06-12 10:08:05,119 INFO MyAppender - Data has been added and commited
2017-06-12 10:08:05,142 INFO MyAppender - Data has been added and commited
2017-06-12 10:08:05,154 INFO MyAppender - connection is closing...

2017-06-12 10:08:05,168 INFO MyAppender - Closed

2017-06-12 10:08:06,595 INFO MyAppender - get To DO data
2017-06-12 10:08:06,602 INFO MyAppender - connection is starting...

2017-06-12 10:08:06,608 INFO MyAppender - Connected

2017-06-12 10:08:06,614 INFO MyAppender - get Todo function started
2017-06-12 10:08:06,619 INFO MyAppender - Query : select * from  all_todos
2017-06-12 10:08:06,639 INFO MyAppender - ordered successfully
2017-06-12 10:08:06,645 INFO MyAppender - ordered data[0].title : delectus aut autem
2017-06-12 10:08:06,652 INFO MyAppender - connection is closing...

2017-06-12 10:08:06,657 INFO MyAppender - Closed

2017-06-12 10:08:14,394 INFO MyAppender - get To DO data
2017-06-12 10:08:14,400 INFO MyAppender - connection is starting...

2017-06-12 10:08:14,405 INFO MyAppender - Connected

2017-06-12 10:08:14,410 INFO MyAppender - get Todo function started
2017-06-12 10:08:14,415 INFO MyAppender - Query : select * from  all_todos
2017-06-12 10:08:14,432 INFO MyAppender - ordered successfully
2017-06-12 10:08:14,438 INFO MyAppender - ordered data[0].title : delectus aut autem
2017-06-12 10:08:14,444 INFO MyAppender - connection is closing...

2017-06-12 10:08:14,450 INFO MyAppender - Closed

2017-06-12 10:09:01,425 INFO MyAppender - get To DO data
2017-06-12 10:09:01,430 INFO MyAppender - connection is starting...

2017-06-12 10:09:01,436 INFO MyAppender - Connected

2017-06-12 10:09:01,442 INFO MyAppender - get Todo function started
2017-06-12 10:09:01,447 INFO MyAppender - Query : select * from  all_todos
2017-06-12 10:09:01,469 INFO MyAppender - ordered successfully
2017-06-12 10:09:01,476 INFO MyAppender - ordered data[0].title : delectus aut autem
2017-06-12 10:09:01,481 INFO MyAppender - connection is closing...

2017-06-12 10:09:01,498 INFO MyAppender - Closed

2017-06-12 10:09:20,107 INFO MyAppender - connection is starting...

2017-06-12 10:09:20,116 INFO MyAppender - Connected

2017-06-12 10:09:20,122 INFO MyAppender - Execution query : update all_todos set priority = 'MEDIUM' where id = 108
2017-06-12 10:09:20,143 INFO MyAppender - connection is closing...

2017-06-12 10:09:20,148 INFO MyAppender - Closed

2017-06-12 10:09:20,609 INFO MyAppender - connection is starting...

2017-06-12 10:09:20,620 INFO MyAppender - Connected

2017-06-12 10:09:20,630 INFO MyAppender - Execution query : update all_todos set priority = 'MEDIUM' where id = 200
2017-06-12 10:09:20,657 INFO MyAppender - connection is closing...

2017-06-12 10:09:20,662 INFO MyAppender - Closed

2017-06-12 10:09:21,125 INFO MyAppender - connection is starting...

2017-06-12 10:09:21,135 INFO MyAppender - Connected

2017-06-12 10:09:21,145 INFO MyAppender - Execution query : update all_todos set priority = 'MEDIUM' where id = 198
2017-06-12 10:09:21,169 INFO MyAppender - connection is closing...

2017-06-12 10:09:21,178 INFO MyAppender - Closed

2017-06-12 10:09:21,625 INFO MyAppender - connection is starting...

2017-06-12 10:09:21,630 INFO MyAppender - Connected

2017-06-12 10:09:21,634 INFO MyAppender - Execution query : update all_todos set priority = 'MEDIUM' where id = 199
2017-06-12 10:09:21,664 INFO MyAppender - connection is closing...

2017-06-12 10:09:21,669 INFO MyAppender - Closed

2017-06-12 10:09:37,521 INFO MyAppender - connection is starting...

2017-06-12 10:09:37,527 INFO MyAppender - Connected

2017-06-12 10:09:37,532 INFO MyAppender - Execution query : update all_todos set priority = 'LOW' where id = 198
2017-06-12 10:09:37,566 INFO MyAppender - connection is closing...

2017-06-12 10:09:37,571 INFO MyAppender - Closed

2017-06-12 10:09:38,022 INFO MyAppender - connection is starting...

2017-06-12 10:09:38,030 INFO MyAppender - Connected

2017-06-12 10:09:38,035 INFO MyAppender - Execution query : update all_todos set priority = 'LOW' where id = 199
2017-06-12 10:09:38,086 INFO MyAppender - connection is closing...

2017-06-12 10:09:38,092 INFO MyAppender - Closed

2017-06-12 10:09:38,524 INFO MyAppender - connection is starting...

2017-06-12 10:09:38,536 INFO MyAppender - Connected

2017-06-12 10:09:38,547 INFO MyAppender - Execution query : update all_todos set priority = 'LOW' where id = 108
2017-06-12 10:09:38,580 INFO MyAppender - connection is closing...

2017-06-12 10:09:38,584 INFO MyAppender - Closed

2017-06-12 11:05:15,077 INFO MyAppender - get To DO data
2017-06-12 11:05:15,083 INFO MyAppender - connection is starting...

2017-06-12 11:05:15,089 INFO MyAppender - Connected

2017-06-12 11:05:15,096 INFO MyAppender - get Todo function started
2017-06-12 11:05:15,102 INFO MyAppender - Query : select * from  all_todos
2017-06-12 11:05:15,124 INFO MyAppender - ordered successfully
2017-06-12 11:05:15,130 INFO MyAppender - ordered data[0].title : delectus aut autem
2017-06-12 11:05:15,135 INFO MyAppender - connection is closing...

2017-06-12 11:05:15,140 INFO MyAppender - Closed

2017-06-12 11:05:49,289 INFO MyAppender - get To DO data
2017-06-12 11:05:49,294 INFO MyAppender - connection is starting...

2017-06-12 11:05:49,300 INFO MyAppender - Connected

2017-06-12 11:05:49,305 INFO MyAppender - get Todo function started
2017-06-12 11:05:49,310 INFO MyAppender - Query : select * from  all_todos
2017-06-12 11:05:49,331 INFO MyAppender - ordered successfully
2017-06-12 11:05:49,336 INFO MyAppender - ordered data[0].title : delectus aut autem
2017-06-12 11:05:49,353 INFO MyAppender - connection is closing...

2017-06-12 11:05:49,361 INFO MyAppender - Closed

2017-06-12 11:05:57,852 INFO MyAppender - get To DO data
2017-06-12 11:05:57,858 INFO MyAppender - connection is starting...

2017-06-12 11:05:57,864 INFO MyAppender - Connected

2017-06-12 11:05:57,869 INFO MyAppender - get Todo function started
2017-06-12 11:05:57,874 INFO MyAppender - Query : select * from  all_todos
2017-06-12 11:05:57,896 INFO MyAppender - ordered successfully
2017-06-12 11:05:57,902 INFO MyAppender - ordered data[0].title : delectus aut autem
2017-06-12 11:05:57,908 INFO MyAppender - connection is closing...

2017-06-12 11:05:57,913 INFO MyAppender - Closed

2017-06-12 11:06:30,536 INFO MyAppender - connection is starting...

2017-06-12 11:06:30,542 INFO MyAppender - Connected

2017-06-12 11:06:30,550 INFO MyAppender - Execution query : update all_todos set priority = 'MEDIUM' where id = 197
2017-06-12 11:06:30,579 INFO MyAppender - connection is closing...

2017-06-12 11:06:30,585 INFO MyAppender - Closed

2017-06-12 11:26:10,649 INFO MyAppender - get To DO data
2017-06-12 11:26:10,654 INFO MyAppender - connection is starting...

2017-06-12 11:26:10,659 INFO MyAppender - Connected

2017-06-12 11:26:10,664 INFO MyAppender - get Todo function started
2017-06-12 11:26:10,669 INFO MyAppender - Query : select * from  all_todos
2017-06-12 11:26:10,686 INFO MyAppender - ordered successfully
2017-06-12 11:26:10,691 INFO MyAppender - ordered data[0].title : delectus aut autem
2017-06-12 11:26:10,696 INFO MyAppender - connection is closing...

2017-06-12 11:26:10,702 INFO MyAppender - Closed

2017-06-12 14:25:46,216 INFO MyAppender - get To DO data
2017-06-12 14:25:46,224 INFO MyAppender - connection is starting...

2017-06-12 14:25:46,229 INFO MyAppender - Connected

2017-06-12 14:25:46,237 INFO MyAppender - get Todo function started
2017-06-12 14:25:46,244 INFO MyAppender - Query : select * from  all_todos
2017-06-12 14:25:46,264 INFO MyAppender - ordered successfully
2017-06-12 14:25:46,270 INFO MyAppender - ordered data[0].title : delectus aut autem
2017-06-12 14:25:46,275 INFO MyAppender - connection is closing...

2017-06-12 14:25:46,280 INFO MyAppender - Closed

2017-06-12 17:08:06,870 INFO MyAppender - get To DO data
2017-06-12 17:08:06,877 INFO MyAppender - connection is starting...

2017-06-12 17:08:20,866 INFO MyAppender - Connected

2017-06-12 17:08:20,873 INFO MyAppender - get Todo function started
2017-06-12 17:08:20,878 INFO MyAppender - Query : select * from  all_todos
2017-06-12 17:08:22,121 INFO MyAppender - ordered successfully
2017-06-12 17:08:25,095 INFO MyAppender - ordered data[0].title : delectus aut autem
2017-06-12 17:08:25,115 INFO MyAppender - connection is closing...

2017-06-12 17:08:25,133 INFO MyAppender - Closed

