2018-02-26 12:10:30,779 INFO MyAppender - get To DO data
2018-02-26 12:10:30,880 INFO MyAppender - connection is starting...

2018-02-26 12:10:31,737 INFO MyAppender - Connected

2018-02-26 12:10:31,747 INFO MyAppender - get Todo function started
2018-02-26 12:10:31,754 INFO MyAppender - Query : select * from  all_todos
2018-02-26 12:10:31,853 INFO MyAppender - ordered successfully
2018-02-26 12:10:31,924 INFO MyAppender - ordered data[0].title : delectus aut autem
2018-02-26 12:10:31,934 INFO MyAppender - connection is closing...

2018-02-26 12:10:31,963 INFO MyAppender - Closed

2018-02-26 12:55:36,206 INFO MyAppender - get To DO data
2018-02-26 12:55:36,214 INFO MyAppender - connection is starting...

2018-02-26 12:55:36,235 INFO MyAppender - Connected

2018-02-26 12:55:36,242 INFO MyAppender - get Todo function started
2018-02-26 12:55:36,248 INFO MyAppender - Query : select * from  all_todos
2018-02-26 12:55:36,264 INFO MyAppender - ordered successfully
2018-02-26 12:55:36,281 INFO MyAppender - ordered data[0].title : delectus aut autem
2018-02-26 12:55:36,293 INFO MyAppender - connection is closing...

2018-02-26 12:55:36,306 INFO MyAppender - Closed

2018-02-26 12:55:54,205 INFO MyAppender - connection is starting...

2018-02-26 12:55:54,214 INFO MyAppender - Connected

2018-02-26 12:55:54,223 INFO MyAppender - Execution query : update all_todos set priority = 'HIGH' where id = 15
2018-02-26 12:55:54,259 INFO MyAppender - connection is closing...

2018-02-26 12:55:54,264 INFO MyAppender - Closed

2018-02-26 12:55:54,697 INFO MyAppender - connection is starting...

2018-02-26 12:55:54,719 INFO MyAppender - Connected

2018-02-26 12:55:54,726 INFO MyAppender - Execution query : update all_todos set priority = 'HIGH' where id = 108
2018-02-26 12:55:54,750 INFO MyAppender - connection is closing...

2018-02-26 12:55:54,759 INFO MyAppender - Closed

2018-02-26 12:56:02,857 INFO MyAppender - get To DO data
2018-02-26 12:56:02,864 INFO MyAppender - connection is starting...

2018-02-26 12:56:02,877 INFO MyAppender - Connected

2018-02-26 12:56:02,884 INFO MyAppender - get Todo function started
2018-02-26 12:56:02,892 INFO MyAppender - Query : select * from  all_todos
2018-02-26 12:56:02,907 INFO MyAppender - ordered successfully
2018-02-26 12:56:02,918 INFO MyAppender - ordered data[0].title : delectus aut autem
2018-02-26 12:56:02,938 INFO MyAppender - connection is closing...

2018-02-26 12:56:02,952 INFO MyAppender - Closed

2018-02-26 12:56:29,832 INFO MyAppender - get To DO data
2018-02-26 12:56:29,843 INFO MyAppender - connection is starting...

2018-02-26 12:56:29,864 INFO MyAppender - Connected

2018-02-26 12:56:29,873 INFO MyAppender - get Todo function started
2018-02-26 12:56:29,884 INFO MyAppender - Query : select * from  all_todos
2018-02-26 12:56:29,900 INFO MyAppender - ordered successfully
2018-02-26 12:56:29,907 INFO MyAppender - ordered data[0].title : delectus aut autem
2018-02-26 12:56:29,916 INFO MyAppender - connection is closing...

2018-02-26 12:56:29,925 INFO MyAppender - Closed

2018-02-26 13:06:52,807 INFO MyAppender - get To DO data
2018-02-26 13:06:52,817 INFO MyAppender - connection is starting...

2018-02-26 13:06:52,844 INFO MyAppender - Connected

2018-02-26 13:06:52,856 INFO MyAppender - get Todo function started
2018-02-26 13:06:52,864 INFO MyAppender - Query : select * from  all_todos
2018-02-26 13:06:52,885 INFO MyAppender - ordered successfully
2018-02-26 13:06:52,894 INFO MyAppender - ordered data[0].title : delectus aut autem
2018-02-26 13:06:52,902 INFO MyAppender - connection is closing...

2018-02-26 13:06:52,909 INFO MyAppender - Closed

